0 0 L1_DAC:L1_DAC 516.0 32.7 50.0 -1.38 -0.45 32.2 16
0 1 L1_DAC:L1_DLAC 211.9 13.7 125.0 3.10 0.43 14.1 15
0 2 L1_DAC:L1_HAC 537.9 39.1 125.0 5.82 2.27 41.4 13
0 3 L1_DAC:L1_NGC-DA 302.2 24.4 50.0 -4.71 -1.15 23.2 13
0 4 L1_DAC:L1_NGC-SA 242.0 20.9 75.0 5.26 1.10 22.0 11
0 5 L1_DAC:L1_SLAC 198.0 17.0 75.0 5.88 1.00 18.0 11
1 0 L1_DLAC:L1_DAC 412.5 17.0 150.0 10.29 1.75 18.8 22
1 1 L1_DLAC:L1_DLAC 73.1 6.4 150.0 -23.83 -1.53 4.9 15
1 2 L1_DLAC:L1_HAC 279.5 20.1 100.0 6.97 1.40 21.5 13
1 3 L1_DLAC:L1_NGC-DA 226.9 14.1 75.0 7.27 1.03 15.1 15
1 4 L1_DLAC:L1_NGC-SA 189.4 9.1 125.0 38.74 3.53 12.6 15
1 5 L1_DLAC:L1_SLAC 127.5 7.7 75.0 10.39 0.80 8.5 15
2 0 L1_HAC:L1_DAC 1455.6 79.3 100.0 7.98 6.33 85.6 17
2 1 L1_HAC:L1_DLAC 747.5 36.3 50.0 2.96 1.08 37.4 20
2 2 L1_HAC:L1_HAC 2085.8 108.4 150.0 6.90 7.47 115.9 18
2 3 L1_HAC:L1_NGC-DA 1168.1 70.1 125.0 11.09 7.78 77.9 15
2 4 L1_HAC:L1_NGC-SA 653.2 46.7 50.0 7.60 3.55 50.2 13
2 5 L1_HAC:L1_SLAC 533.0 41.3 100.0 -0.73 -0.30 41.0 13
3 0 L1_NGC-DA:L1_DAC 841.5 48.0 50.0 3.12 1.50 49.5 17
3 1 L1_NGC-DA:L1_DLAC 321.8 17.0 12.5 5.15 0.88 17.9 18
3 2 L1_NGC-DA:L1_HAC 1318.5 61.9 50.0 18.34 11.35 73.2 18
3 3 L1_NGC-DA:L1_NGC-DA 665.0 37.9 25.0 -12.27 -4.65 33.2 20
3 4 L1_NGC-DA:L1_NGC-SA 714.0 25.9 12.5 14.86 3.85 29.8 24
3 5 L1_NGC-DA:L1_SLAC 378.8 21.7 12.5 16.36 3.55 25.2 15
4 0 L1_NGC-SA:L1_DAC 422.9 19.1 12.5 30.24 5.77 24.9 17
4 1 L1_NGC-SA:L1_DLAC 77.0 6.7 12.5 4.48 0.30 7.0 11
4 2 L1_NGC-SA:L1_HAC 514.2 24.7 50.0 22.47 5.55 30.2 17
4 3 L1_NGC-SA:L1_NGC-DA 216.1 15.1 25.0 10.10 1.53 16.6 13
4 4 L1_NGC-SA:L1_NGC-SA 208.1 11.0 50.0 26.14 2.88 13.9 15
4 5 L1_NGC-SA:L1_SLAC 87.5 7.0 12.5 -10.71 -0.75 6.2 14
5 0 L1_SLAC:L1_DAC 237.2 15.9 75.0 14.78 2.35 18.2 13
5 1 L1_SLAC:L1_DLAC 65.0 5.0 125.0 30.00 1.50 6.5 10
5 2 L1_SLAC:L1_HAC 255.0 17.0 12.5 0.00 0.00 17.0 15
5 3 L1_SLAC:L1_NGC-DA 150.5 10.6 12.5 1.42 0.15 10.8 14
5 4 L1_SLAC:L1_NGC-SA 110.6 8.7 12.5 -15.23 -1.32 7.4 15
5 5 L1_SLAC:L1_SLAC 52.2 7.1 50.0 -33.10 -2.35 4.8 11
