0 0 L1_DAC:L1_DAC 32.7 50.0 461.3 -11.82 -3.87 28.8 16 24 38
0 1 L1_DAC:L1_DLAC 13.7 125.0 205.0 -0.24 -0.03 13.7 15 12 16
0 2 L1_DAC:L1_HAC 39.1 125.0 539.5 6.14 2.40 41.5 13 30 48
0 3 L1_DAC:L1_NGC-DA 24.4 50.0 303.3 -4.37 -1.07 23.3 13 20 25
0 4 L1_DAC:L1_NGC-SA 20.9 75.0 172.3 -25.04 -5.23 15.7 11 12 19
0 5 L1_DAC:L1_SLAC 17.0 75.0 212.7 13.73 2.33 19.3 11 13 28
0 6 L1_DAC:L23_BP 1.7 150.0 4.0 -41.18 -0.70 1.0 4 0 2
0 7 L1_DAC:L23_BTC 44.7 150.0 460.0 2.91 1.30 46.0 10 41 49
0 8 L1_DAC:L23_ChC 23.9 125.0 201.0 -6.56 -1.57 22.3 9 17 28
0 9 L1_DAC:L23_DBC 32.6 125.0 119.3 -8.49 -2.77 29.8 4 22 39
0 10 L1_DAC:L23_LBC 137.7 75.0 1395.2 -7.89 -10.87 126.8 11 121 136
0 11 L1_DAC:L23_MC 212.7 125.0 1866.0 -2.52 -5.37 207.3 9 187 249
0 12 L1_DAC:L23_NBC 95.4 100.0 953.3 -0.07 -0.07 95.3 10 84 111
0 13 L1_DAC:L23_NGC 11.7 100.0 65.0 -7.41 -0.87 10.8 6 6 16
1 0 L1_DLAC:L1_DAC 17.0 150.0 381.3 1.96 0.33 17.3 22 11 29
1 1 L1_DLAC:L1_DLAC 6.4 150.0 80.0 -16.67 -1.07 5.3 15 2 7
1 2 L1_DLAC:L1_HAC 20.1 100.0 318.5 21.89 4.40 24.5 13 22 28
1 3 L1_DLAC:L1_NGC-DA 14.1 75.0 280.0 32.39 4.57 18.7 15 11 25
1 4 L1_DLAC:L1_NGC-SA 9.1 125.0 192.5 41.03 3.73 12.8 15 9 16
1 5 L1_DLAC:L1_SLAC 7.7 75.0 122.5 6.06 0.47 8.2 15 7 10
1 7 L1_DLAC:L23_BTC 14.7 150.0 171.7 16.78 2.47 17.2 10 11 21
1 8 L1_DLAC:L23_ChC 11.9 125.0 199.3 28.85 3.43 15.3 13 13 20
1 9 L1_DLAC:L23_DBC 12.6 50.0 113.3 -10.05 -1.27 11.3 10 6 17
1 10 L1_DLAC:L23_LBC 48.9 75.0 658.0 12.13 5.93 54.8 12 49 61
1 11 L1_DLAC:L23_MC 86.9 100.0 1421.0 16.80 14.60 101.5 14 93 116
1 12 L1_DLAC:L23_NBC 35.3 100.0 424.0 0.09 0.03 35.3 12 31 40
2 0 L1_HAC:L1_DAC 79.3 100.0 1504.5 11.60 9.20 88.5 17 76 104
2 1 L1_HAC:L1_DLAC 36.3 50.0 793.3 9.27 3.37 39.7 20 30 45
2 2 L1_HAC:L1_HAC 108.4 150.0 2073.0 6.24 6.77 115.2 18 93 125
2 3 L1_HAC:L1_NGC-DA 70.1 125.0 1285.0 22.21 15.57 85.7 15 75 89
2 4 L1_HAC:L1_NGC-SA 46.7 50.0 682.5 12.42 5.80 52.5 13 40 65
2 5 L1_HAC:L1_SLAC 41.3 100.0 483.2 -10.01 -4.13 37.2 13 29 42
2 6 L1_HAC:L23_BP 3.1 125.0 13.3 7.53 0.23 3.3 4 1 6
2 7 L1_HAC:L23_BTC 67.9 125.0 706.7 4.07 2.77 70.7 10 65 78
2 8 L1_HAC:L23_ChC 45.9 100.0 568.3 12.56 5.77 51.7 11 43 63
2 9 L1_HAC:L23_DBC 48.3 150.0 176.0 21.46 10.37 58.7 3 52 66
2 10 L1_HAC:L23_LBC 163.3 100.0 1518.7 16.25 26.53 189.8 8 166 221
2 11 L1_HAC:L23_MC 331.3 150.0 3147.0 5.54 18.37 349.7 9 308 383
2 12 L1_HAC:L23_NBC 101.1 100.0 1095.0 8.31 8.40 109.5 10 90 120
2 13 L1_HAC:L23_NGC 12.7 75.0 78.2 -12.07 -1.53 11.2 7 5 20
3 0 L1_NGC-DA:L1_DAC 48.0 50.0 810.3 -0.69 -0.33 47.7 17 38 52
3 1 L1_NGC-DA:L1_DLAC 17.0 12.5 333.0 8.82 1.50 18.5 18 13 21
3 2 L1_NGC-DA:L1_HAC 61.9 50.0 1296.0 16.32 10.10 72.0 18 61 83
3 3 L1_NGC-DA:L1_NGC-DA 37.9 25.0 743.3 -1.93 -0.73 37.2 20 34 44
3 4 L1_NGC-DA:L1_NGC-SA 25.9 12.5 744.0 19.69 5.10 31.0 24 23 37
3 5 L1_NGC-DA:L1_SLAC 21.7 12.5 352.5 8.29 1.80 23.5 15 20 28
3 7 L1_NGC-DA:L23_BTC 46.6 100.0 690.7 5.87 2.73 49.3 14 40 55
3 8 L1_NGC-DA:L23_ChC 29.7 25.0 458.0 28.51 8.47 38.2 12 30 44
3 9 L1_NGC-DA:L23_DBC 29.0 50.0 168.0 -3.45 -1.00 28.0 6 20 39
3 10 L1_NGC-DA:L23_LBC 126.3 75.0 2227.0 3.72 4.70 131.0 17 124 138
3 11 L1_NGC-DA:L23_MC 231.6 125.0 3680.0 5.93 13.73 245.3 15 228 270
3 12 L1_NGC-DA:L23_NBC 89.9 75.0 1383.7 9.94 8.93 98.8 14 90 103
3 13 L1_NGC-DA:L23_NGC 11.0 25.0 113.7 -6.06 -0.67 10.3 11 6 14
4 0 L1_NGC-SA:L1_DAC 19.1 12.5 297.5 -8.38 -1.60 17.5 17 14 22
4 1 L1_NGC-SA:L1_DLAC 6.7 12.5 53.2 -27.86 -1.87 4.8 11 3 6
4 2 L1_NGC-SA:L1_HAC 24.7 50.0 524.2 24.83 6.13 30.8 17 20 46
4 3 L1_NGC-SA:L1_NGC-DA 15.1 25.0 203.7 3.75 0.57 15.7 13 12 21
4 4 L1_NGC-SA:L1_NGC-SA 11.0 50.0 195.0 18.18 2.00 13.0 15 11 17
4 5 L1_NGC-SA:L1_SLAC 7.0 12.5 93.3 -4.76 -0.33 6.7 14 5 9
4 7 L1_NGC-SA:L23_BTC 15.7 75.0 117.3 -6.58 -1.03 14.7 8 12 17
4 8 L1_NGC-SA:L23_ChC 9.0 12.5 84.0 3.70 0.33 9.3 9 7 13
4 9 L1_NGC-SA:L23_DBC 13.0 50.0 54.7 5.13 0.67 13.7 4 11 18
4 10 L1_NGC-SA:L23_LBC 39.9 125.0 577.5 31.58 12.60 52.5 11 47 60
4 11 L1_NGC-SA:L23_MC 81.1 150.0 848.3 4.60 3.73 84.8 10 71 100
4 12 L1_NGC-SA:L23_NBC 30.6 50.0 380.0 3.49 1.07 31.7 12 23 40
4 13 L1_NGC-SA:L23_NGC 3.4 25.0 25.7 7.84 0.27 3.7 7 1 6
5 0 L1_SLAC:L1_DAC 15.9 75.0 242.7 17.40 2.77 18.7 13 9 25
5 1 L1_SLAC:L1_DLAC 5.0 125.0 66.7 33.33 1.67 6.7 10 4 8
5 2 L1_SLAC:L1_HAC 17.0 12.5 270.0 5.88 1.00 18.0 15 12 25
5 3 L1_SLAC:L1_NGC-DA 10.6 12.5 172.7 16.35 1.73 12.3 14 8 15
5 4 L1_SLAC:L1_NGC-SA 8.7 12.5 107.5 -17.62 -1.53 7.2 15 5 12
5 5 L1_SLAC:L1_SLAC 7.1 50.0 42.2 -46.01 -3.27 3.8 11 1 8
5 7 L1_SLAC:L23_BTC 13.7 125.0 152.0 38.69 5.30 19.0 8 15 22
5 8 L1_SLAC:L23_ChC 7.4 25.0 88.0 -0.90 -0.07 7.3 12 6 9
5 9 L1_SLAC:L23_DBC 8.9 12.5 111.7 25.47 2.27 11.2 10 6 15
5 10 L1_SLAC:L23_LBC 36.7 50.0 394.5 19.44 7.13 43.8 9 36 53
5 11 L1_SLAC:L23_MC 70.3 100.0 751.7 -2.80 -1.97 68.3 11 63 76
5 12 L1_SLAC:L23_NBC 26.3 125.0 649.2 29.91 7.87 34.2 19 27 47
5 13 L1_SLAC:L23_NGC 4.0 50.0 40.0 0.00 0.00 4.0 10 2 5
6 7 L23_BP:L23_BTC 1.1 25.0 16.0 21.21 0.23 1.3 12 0 3
6 10 L23_BP:L23_LBC 6.0 50.0 46.7 -2.78 -0.17 5.8 8 2 8
6 11 L23_BP:L23_MC 4.1 25.0 46.0 -6.50 -0.27 3.8 12 3 6
6 12 L23_BP:L23_NBC 4.1 12.5 29.2 1.63 0.07 4.2 7 3 7
7 0 L23_BTC:L1_DAC 26.6 125.0 240.0 0.25 0.07 26.7 9 18 36
7 1 L23_BTC:L1_DLAC 9.6 25.0 102.0 -11.46 -1.10 8.5 12 5 15
7 2 L23_BTC:L1_HAC 22.4 50.0 217.5 7.89 1.77 24.2 9 21 29
7 3 L23_BTC:L1_NGC-DA 17.3 12.5 234.0 12.72 2.20 19.5 12 14 25
7 4 L23_BTC:L1_NGC-SA 11.6 25.0 139.5 33.62 3.90 15.5 9 11 19
7 5 L23_BTC:L1_SLAC 12.0 75.0 150.0 4.17 0.50 12.5 12 11 17
7 6 L23_BTC:L23_BP 5.9 75.0 30.0 1.69 0.10 6.0 5 5 8
7 7 L23_BTC:L23_BTC 112.6 75.0 1364.0 0.95 1.07 113.7 12 103 131
7 8 L23_BTC:L23_ChC 57.6 12.5 716.0 3.59 2.07 59.7 12 49 69
7 9 L23_BTC:L23_DBC 93.1 12.5 700.0 7.41 6.90 100.0 7 87 128
7 10 L23_BTC:L23_LBC 460.3 75.0 6409.0 7.10 32.70 493.0 13 470 505
7 11 L23_BTC:L23_MC 393.1 75.0 5140.0 8.96 35.23 428.3 12 395 463
7 12 L23_BTC:L23_NBC 298.0 75.0 4168.7 7.61 22.67 320.7 13 304 334
7 13 L23_BTC:L23_NGC 36.7 50.0 334.5 1.27 0.47 37.2 9 29 42
9 0 L23_DBC:L1_DAC 22.9 50.0 131.0 -4.66 -1.07 21.8 6 17 31
9 1 L23_DBC:L1_DLAC 6.6 12.5 52.0 -1.52 -0.10 6.5 8 2 10
9 2 L23_DBC:L1_HAC 16.9 50.0 139.5 -8.28 -1.40 15.5 9 12 20
9 3 L23_DBC:L1_NGC-DA 10.6 100.0 128.0 50.94 5.40 16.0 8 12 21
9 4 L23_DBC:L1_NGC-SA 7.1 12.5 96.0 12.68 0.90 8.0 12 6 10
9 5 L23_DBC:L1_SLAC 7.7 12.5 70.5 1.73 0.13 7.8 9 4 14
9 6 L23_DBC:L23_BP 6.0 12.5 31.0 -13.89 -0.83 5.2 6 2 8
9 7 L23_DBC:L23_BTC 105.3 50.0 1521.3 3.20 3.37 108.7 14 98 120
9 8 L23_DBC:L23_ChC 50.7 12.5 728.0 19.66 9.97 60.7 12 50 70
9 9 L23_DBC:L23_DBC 75.3 12.5 612.0 1.59 1.20 76.5 8 61 87
9 10 L23_DBC:L23_LBC 444.9 12.5 6967.3 11.86 52.77 497.7 14 456 531
9 11 L23_DBC:L23_MC 386.6 12.5 5835.7 7.82 30.23 416.8 14 407 430
9 12 L23_DBC:L23_NBC 290.1 12.5 4175.2 10.71 31.07 321.2 13 282 349
9 13 L23_DBC:L23_NGC 32.0 12.5 273.0 -5.21 -1.67 30.3 9 28 32
10 0 L23_LBC:L1_DAC 100.0 50.0 1374.3 -1.83 -1.83 98.2 14 86 107
10 1 L23_LBC:L1_DLAC 32.4 75.0 440.0 13.17 4.27 36.7 12 29 42
10 2 L23_LBC:L1_HAC 93.9 25.0 1330.3 8.98 8.43 102.3 13 87 110
10 3 L23_LBC:L1_NGC-DA 63.1 50.0 931.0 5.39 3.40 66.5 14 54 79
10 4 L23_LBC:L1_NGC-SA 42.1 50.0 936.7 11.24 4.73 46.8 20 38 53
10 5 L23_LBC:L1_SLAC 36.3 50.0 485.3 2.85 1.03 37.3 13 31 43
10 6 L23_LBC:L23_BP 14.9 125.0 165.7 58.84 8.77 23.7 7 20 30
10 7 L23_LBC:L23_BTC 272.4 12.5 5145.3 11.11 30.27 302.7 17 280 328
10 8 L23_LBC:L23_ChC 142.1 12.5 2595.3 7.44 10.57 152.7 17 133 173
10 9 L23_LBC:L23_DBC 227.4 12.5 1774.7 -2.45 -5.57 221.8 8 201 252
10 10 L23_LBC:L23_LBC 1305.7 50.0 23264.5 4.81 62.80 1368.5 17 1316 1391
10 11 L23_LBC:L23_MC 1159.1 12.5 21692.0 10.09 116.90 1276.0 17 1226 1312
10 12 L23_LBC:L23_NBC 738.3 12.5 13480.0 14.11 104.20 842.5 16 814 876
10 13 L23_LBC:L23_NGC 99.6 12.5 1089.0 -0.60 -0.60 99.0 11 75 116
11 0 L23_MC:L1_DAC 264.7 125.0 2588.3 -2.22 -5.87 258.8 10 246 273
11 1 L23_MC:L1_DLAC 103.1 100.0 1083.3 5.08 5.23 108.3 10 96 138
11 2 L23_MC:L1_HAC 298.3 150.0 3158.3 5.88 17.53 315.8 10 294 331
11 3 L23_MC:L1_NGC-DA 187.6 75.0 1951.7 4.03 7.57 195.2 10 172 223
11 4 L23_MC:L1_NGC-SA 133.7 100.0 1272.0 5.71 7.63 141.3 9 124 170
11 5 L23_MC:L1_SLAC 118.9 125.0 1236.7 4.01 4.77 123.7 10 110 144
11 6 L23_MC:L23_BP 23.3 75.0 94.7 1.57 0.37 23.7 4 21 29
11 7 L23_MC:L23_BTC 478.6 12.5 6648.0 15.75 75.40 554.0 12 538 566
11 8 L23_MC:L23_ChC 277.9 50.0 3558.5 16.41 45.60 323.5 11 305 345
11 9 L23_MC:L23_DBC 379.4 12.5 2420.0 6.31 23.93 403.3 6 388 431
11 10 L23_MC:L23_LBC 1883.6 50.0 26275.2 7.30 137.57 2021.2 13 1915 2090
11 11 L23_MC:L23_MC 2326.1 25.0 32994.0 9.11 211.90 2538.0 13 2495 2638
11 12 L23_MC:L23_NBC 1276.3 50.0 16780.0 9.56 122.03 1398.3 12 1371 1426
11 13 L23_MC:L23_NGC 163.3 12.5 1409.3 7.88 12.87 176.2 8 163 197
12 0 L23_NBC:L1_DAC 76.7 12.5 906.0 -1.56 -1.20 75.5 12 66 87
12 1 L23_NBC:L1_DLAC 26.3 100.0 346.0 9.63 2.53 28.8 12 25 40
12 2 L23_NBC:L1_HAC 67.0 12.5 823.2 11.69 7.83 74.8 11 65 83
12 3 L23_NBC:L1_NGC-DA 38.1 125.0 658.0 23.36 8.90 47.0 14 43 53
12 4 L23_NBC:L1_NGC-SA 23.3 100.0 278.3 19.46 4.53 27.8 10 23 34
12 5 L23_NBC:L1_SLAC 28.3 12.5 364.0 -1.06 -0.30 28.0 13 24 36
12 6 L23_NBC:L23_BP 12.9 100.0 125.0 61.50 7.93 20.8 6 17 25
12 7 L23_NBC:L23_BTC 230.4 50.0 3441.7 6.70 15.43 245.8 14 235 258
12 8 L23_NBC:L23_ChC 128.0 50.0 1978.7 10.42 13.33 141.3 14 115 163
12 9 L23_NBC:L23_DBC 193.1 12.5 1479.3 9.44 18.23 211.3 7 206 219
12 10 L23_NBC:L23_LBC 973.4 12.5 17912.0 15.01 146.10 1119.5 16 1070 1162
12 11 L23_NBC:L23_MC 1013.7 100.0 16540.0 8.78 88.97 1102.7 15 1043 1141
12 12 L23_NBC:L23_NBC 637.0 50.0 9429.0 5.73 36.50 673.5 14 657 699
12 13 L23_NBC:L23_NGC 75.9 50.0 954.0 4.74 3.60 79.5 12 65 87
13 0 L23_NGC:L1_DAC 14.4 125.0 192.8 3.01 0.43 14.8 13 10 20
13 1 L23_NGC:L1_DLAC 4.0 12.5 42.0 -12.50 -0.50 3.5 12 2 5
13 2 L23_NGC:L1_HAC 7.7 75.0 88.0 3.90 0.30 8.0 11 6 10
13 3 L23_NGC:L1_NGC-DA 7.0 25.0 99.7 9.52 0.67 7.7 13 4 12
13 7 L23_NGC:L23_BTC 33.7 12.5 536.7 13.75 4.63 38.3 14 31 44
13 8 L23_NGC:L23_ChC 18.0 25.0 320.0 11.11 2.00 20.0 16 13 30
13 9 L23_NGC:L23_DBC 27.6 25.0 180.0 8.70 2.40 30.0 6 25 35
13 10 L23_NGC:L23_LBC 157.3 50.0 2515.0 6.59 10.37 167.7 15 155 193
13 11 L23_NGC:L23_MC 153.4 50.0 2510.0 9.08 13.93 167.3 15 157 182
13 12 L23_NGC:L23_NBC 107.0 50.0 1960.7 7.79 8.33 115.3 17 104 132
13 13 L23_NGC:L23_NGC 12.1 50.0 175.0 3.31 0.40 12.5 14 8 17
