L1_DAC:L4_BTC 0.0008500000000000001
L1_DAC:L4_NBC 0.0005416666666666666
L1_DAC:L4_SBC 0.0005666666666666667
L1_DAC:L5_LBC 0.0002476190476190476
L1_DAC:L5_MC 0.0001746835443037975
L1_DLAC:L1_DLAC 0.007391304347826087
L1_DLAC:L23_NGC 0.00375
L1_DLAC:L5_BTC 0.0010921052631578947
L1_DLAC:L5_UTPC 0.0003801169590643275
L1_DLAC:L6_UTPC 0.0003112391930835735
L1_NGC-SA:L4_SBC 0.00031666666666666665
L1_NGC-SA:L5_DBC 0.00019791666666666666
L1_SLAC:L1_DLAC 0.0020416666666666665
L1_SLAC:L1_SLAC 0.001825
L1_SLAC:L4_DBC 0.0006
L1_SLAC:L5_UTPC 0.0001432748538011696
L23_BP:L23_BTC 0.0006826923076923077
L23_BP:L23_MC 0.0006306306306306306
L23_BP:L23_NBC 0.0009328358208955224
L23_BP:L23_PC 0.0005955419431682832
L23_BP:L23_SBC 0.00021686746987951806
L23_BP:L5_SBC 0.00144
L23_BTC:L4_NGC 0.004833333333333334
L23_BTC:L6_NBC 0.00038888888888888887
L23_ChC:L5_STPC 0.00010927152317880794
L23_DBC:L4_BP 0.001375
L23_DBC:L5_NGC 0.0007125
L23_DBC:L6_BP 0.0003285714285714286
L23_DBC:L6_ChC 0.00035625
L23_MC:L6_BTC 0.00011111111111111112
L23_NBC:L6_LBC 2.3758099352051836e-05
L23_NGC:L1_DLAC 0.00075
L23_NGC:L1_NGC-DA 0.0005
L23_NGC:L23_BP 0.0006428571428571428
L23_NGC:L4_BTC 0.0009
L23_NGC:L4_ChC 0.00225
L23_NGC:L5_BTC 0.00023684210526315788
L23_NGC:L5_NBC 8.955223880597016e-05
L23_SBC:L4_ChC 0.0015
L23_SBC:L5_ChC 0.00031578947368421053
L23_SBC:L6_MC 3.571428571428572e-05
L4_BP:L1_DAC 0.0022413793103448275
L4_BP:L1_DLAC 0.005416666666666667
L4_BP:L23_DBC 0.0014285714285714286
L4_BP:L4_NBC 0.0026041666666666665
L4_BTC:L4_BTC 0.013157894736842105
L4_BTC:L5_NGC 0.00625
L4_BTC:L6_MC 0.00014880952380952382
L4_ChC:L5_STPC 0.0016556291390728477
L4_DBC:L1_NGC-SA 0.0004807692307692308
L4_DBC:L6_BP 0.00035714285714285714
L4_DBC:L6_ChC 0.0015625
L4_LBC:L4_BP 0.001025
L4_LBC:L6_DBC 0.0008064516129032259
L4_LBC:L6_NGC 0.00048235294117647065
L4_MC:L23_BP 0.0003035714285714286
L4_MC:L4_ChC 0.0095
L4_MC:L5_BP 0.001
L4_MC:L6_ChC 0.00053125
L4_NBC:L1_DAC 0.00036206896551724136
L4_NBC:L1_SLAC 0.00024390243902439024
L4_NBC:L4_ChC 0.00525
L4_NBC:L5_ChC 0.0005263157894736842
L4_NBC:L6_ChC 0.000625
L4_NBC:L6_DBC 0.001
L4_NBC:L6_MC 2.9761904761904762e-05
L4_NBC:L6_NBC 0.00010606060606060606
L4_NBC:L6_SBC 0.0004626865671641791
L4_NGC:L23_BTC 0.0016346153846153847
L4_NGC:L23_LBC 0.00037280701754385966
L4_NGC:L6_DBC 0.005483870967741935
L4_SP:L6_ChC 0.0005125
L4_SS:L1_DLAC 0.0003083333333333333
L4_SS:L1_HAC 5.384615384615384e-05
L4_SS:L1_NGC-DA 0.00010277777777777778
L4_SS:L1_NGC-SA 9.423076923076922e-05
L4_SS:L5_NGC 0.0006125
L4_SS:L6_ChC 0.00030625
L5_BP:L5_BTC 0.0003815789473684211
L5_BP:L5_ChC 0.0031052631578947364
L5_BTC:L1_NGC-DA 0.0003611111111111111
L5_BTC:L1_SLAC 0.00031707317073170733
L5_BTC:L23_NGC 0.00023214285714285714
L5_BTC:L4_BP 0.001625
L5_BTC:L5_NGC 0.001625
L5_BTC:L5_SBC 0.0048
L5_BTC:L6_BP 0.00018571428571428572
L5_BTC:L6_ChC 0.001625
L5_ChC:L5_UTPC 0.0043859649122807015
L5_ChC:L6_TPC_L4 0.00011111111111111112
L5_DBC:L1_HAC 0.00010989010989010989
L5_LBC:L1_DAC 0.00041379310344827585
L5_LBC:L23_NGC 0.00025
L5_MC:L1_DLAC 0.002625
L5_NGC:L4_BTC 0.006500000000000001
L5_NGC:L4_MC 0.0011016949152542373
L5_NGC:L5_BTC 0.005
L5_NGC:L6_DBC 0.004193548387096774
L5_SBC:L23_SBC 0.00048192771084337347
L5_SBC:L4_ChC 0.005
L5_STPC:L1_DAC 5.689655172413793e-05
L5_STPC:L1_HAC 7.252747252747253e-05
L5_STPC:L1_NGC-SA 6.346153846153847e-05
L5_STPC:L23_DBC 0.00017142857142857143
L5_STPC:L23_NGC 0.0001767857142857143
L5_STPC:L23_SBC 0.00031927710843373495
L5_STPC:L5_NGC 0.0025
L5_TTPC1:L1_DAC 1.4310344827586207e-05
L5_TTPC1:L1_DLAC 7.083333333333332e-05
L5_TTPC1:L1_HAC 1.3186813186813187e-05
L5_TTPC1:L1_NGC-DA 4.5833333333333334e-05
L5_TTPC1:L1_SLAC 6.097560975609756e-05
L5_TTPC2:L1_DAC 5.172413793103449e-05
L5_TTPC2:L1_DLAC 2.0833333333333336e-05
L5_TTPC2:L1_HAC 2.197802197802198e-05
L5_TTPC2:L1_NGC-DA 6.944444444444445e-06
L5_TTPC2:L1_NGC-SA 2.884615384615385e-05
L5_TTPC2:L1_SLAC 2.4390243902439026e-05
L5_UTPC:L1_DAC 0.0002586206896551724
L5_UTPC:L1_DLAC 0.0003666666666666667
L5_UTPC:L23_ChC 0.0004262295081967213
L6_BP:L6_ChC 0.0035625
L6_BTC:L4_BTC 0.0028
L6_BTC:L4_MC 0.0016101694915254237
L6_BTC:L4_NBC 0.0013541666666666667
L6_BTC:L4_SBC 0.00031666666666666665
L6_BTC:L6_NGC 0.0011176470588235294
L6_ChC:L5_UTPC 0.0005555555555555556
L6_DBC:L23_NBC 0.00024253731343283584
L6_DBC:L4_SBC 0.0005333333333333334
L6_DBC:L5_BTC 0.0004210526315789474
L6_DBC:L6_LBC 0.0009719222462203025
L6_IPC:L1_HAC 3.186813186813187e-06
L6_IPC:L23_ChC 1.9672131147540982e-05
L6_IPC:L4_ChC 3.625e-05
L6_LBC:L23_ChC 0.00010655737704918033
L6_LBC:L4_NGC 0.0010833333333333333
L6_MC:L23_BP 0.00021428571428571427
L6_NBC:L4_MC 0.0001271186440677966
L6_NGC:L6_ChC 0.0075
L6_SBC:L4_MC 0.00012711864406779658
L6_TPC_L1:L4_NGC 0.00019999999999999998
L6_TPC_L4:L4_ChC 0.0004375
