Invalid MIT-MAGIC-COOKIE-1 keyNEURON -- VERSION 7.8.1-1-gda13bb7c HEAD (da13bb7c) 2020-07-22
Duke, Yale, and the BlueBrain Project -- Copyright 1984-2019
See http://neuron.yale.edu/neuron/credits

Additional mechanisms from files
 mod//ar_traub.mod mod//cadad.mod mod//CaDynamics_E2.mod mod//cadyn.mod mod//cagk.mod mod//Ca_HVA.mod mod//cal_mh.mod mod//cal_mig.mod mod//Ca_LVAst.mod mod//Ca.mod mod//cancr.mod mod//canin.mod mod//can_mig.mod mod//catcb.mod mod//cat_mig.mod mod//cat_traub.mod mod//ch_CavL.mod mod//ch_CavN.mod mod//ch_KCaS.mod mod//ch_Kdrfastngf.mod mod//ch_KvAngf.mod mod//ch_KvCaB.mod mod//ch_leak.mod mod//ch_Navngf.mod mod//gabab.mod mod//h_BS.mod mod//HCN1.mod mod//h_harnett.mod mod//hin.mod mod//h_kole.mod mod//h_migliore.mod mod//ican_sidi.mod mod//iccr.mod mod//IC.mod mod//iconc_Ca.mod mod//Ih.mod mod//ikscr.mod mod//IKsin.mod mod//Im.mod mod//kap_BS.mod mod//kapcb.mod mod//kapin.mod mod//kBK.mod mod//kca.mod mod//kctin.mod mod//kdmc_BS.mod mod//kdr_BS.mod mod//kdrcr.mod mod//kdrin.mod mod//KdShu2007.mod mod//km.mod mod//K_Pst.mod mod//K_Tst.mod mod//kv.mod mod//MyExp2SynBB.mod mod//my_exp2syn.mod mod//MyExp2SynNMDABB.mod mod//nafcr.mod mod//nafx.mod mod//Nap_Et2.mod mod//nap_sidi.mod mod//NaTa_t.mod mod//NaTs2_t.mod mod//nax_BS.mod mod//naz.mod mod//Nca.mod mod//ProbAMPANMDA_EMS.mod mod//ProbGABAAB_EMS.mod mod//savedist.mod mod//SK_E2.mod mod//SKv3_1.mod mod//StochKv_deterministic.mod mod//StochKv_det.mod mod//StochKv.mod mod//vecstim.mod
Notice: compartCell_L1_HAC_HH_full_105.dend_0(0) had previously been connected to parent compartCell_L1_HAC_HH_full_105.soma(0.5)
Notice: compartCell_L1_HAC_HH_full_105.dend_1(0) had previously been connected to parent compartCell_L1_HAC_HH_full_105.dend_0(1)
Notice: compartCell_L1_HAC_HH_full_105.dend_2(0) had previously been connected to parent compartCell_L1_HAC_HH_full_105.dend_0(1)
Notice: compartCell_L1_HAC_HH_full_105.dend_3(0) had previously been connected to parent compartCell_L1_HAC_HH_full_105.soma(0.5)
Notice: compartCell_L1_HAC_HH_full_105.dend_4(0) had previously been connected to parent compartCell_L1_HAC_HH_full_105.dend_3(1)
Notice: compartCell_L1_HAC_HH_full_105.dend_5(0) had previously been connected to parent compartCell_L1_HAC_HH_full_105.dend_4(1)
Notice: compartCell_L1_HAC_HH_full_105.dend_6(0) had previously been connected to parent compartCell_L1_HAC_HH_full_105.dend_4(1)
Notice: compartCell_L1_HAC_HH_full_105.dend_7(0) had previously been connected to parent compartCell_L1_HAC_HH_full_105.dend_3(1)
Notice: compartCell_L1_HAC_HH_full_105.dend_8(0) had previously been connected to parent compartCell_L1_HAC_HH_full_105.dend_7(1)
Notice: compartCell_L1_HAC_HH_full_105.dend_9(0) had previously been connected to parent compartCell_L1_HAC_HH_full_105.dend_7(1)
Notice: compartCell_L1_HAC_HH_full_105.dend_10(0) had previously been connected to parent compartCell_L1_HAC_HH_full_105.dend_9(1)
Notice: compartCell_L1_HAC_HH_full_105.dend_11(0) had previously been connected to parent compartCell_L1_HAC_HH_full_105.dend_9(1)
Notice: compartCell_L1_HAC_HH_full_105.dend_12(0) had previously been connected to parent compartCell_L1_HAC_HH_full_105.soma(0.5)
Notice: compartCell_L1_HAC_HH_full_105.dend_13(0) had previously been connected to parent compartCell_L1_HAC_HH_full_105.dend_12(1)
Notice: compartCell_L1_HAC_HH_full_105.dend_14(0) had previously been connected to parent compartCell_L1_HAC_HH_full_105.dend_12(1)
Notice: compartCell_L1_HAC_HH_full_105.dend_15(0) had previously been connected to parent compartCell_L1_HAC_HH_full_105.dend_14(1)
Notice: compartCell_L1_HAC_HH_full_105.dend_16(0) had previously been connected to parent compartCell_L1_HAC_HH_full_105.dend_14(1)
Notice: compartCell_L1_HAC_HH_full_105.dend_17(0) had previously been connected to parent compartCell_L1_HAC_HH_full_105.dend_16(1)
Notice: compartCell_L1_HAC_HH_full_105.dend_18(0) had previously been connected to parent compartCell_L1_HAC_HH_full_105.dend_17(1)
Notice: compartCell_L1_HAC_HH_full_105.dend_19(0) had previously been connected to parent compartCell_L1_HAC_HH_full_105.dend_17(1)
Notice: compartCell_L1_HAC_HH_full_105.dend_20(0) had previously been connected to parent compartCell_L1_HAC_HH_full_105.dend_19(1)
Notice: compartCell_L1_HAC_HH_full_105.dend_21(0) had previously been connected to parent compartCell_L1_HAC_HH_full_105.dend_19(1)
Notice: compartCell_L1_HAC_HH_full_105.dend_22(0) had previously been connected to parent compartCell_L1_HAC_HH_full_105.dend_16(1)
Notice: compartCell_L1_HAC_HH_full_105.dend_23(0) had previously been connected to parent compartCell_L1_HAC_HH_full_105.soma(0.5)
Notice: compartCell_L1_HAC_HH_full_105.dend_24(0) had previously been connected to parent compartCell_L1_HAC_HH_full_105.dend_23(1)
Notice: compartCell_L1_HAC_HH_full_105.dend_25(0) had previously been connected to parent compartCell_L1_HAC_HH_full_105.dend_24(1)
Notice: compartCell_L1_HAC_HH_full_105.dend_26(0) had previously been connected to parent compartCell_L1_HAC_HH_full_105.dend_25(1)
Notice: compartCell_L1_HAC_HH_full_105.dend_27(0) had previously been connected to parent compartCell_L1_HAC_HH_full_105.dend_26(1)
Notice: compartCell_L1_HAC_HH_full_105.dend_28(0) had previously been connected to parent compartCell_L1_HAC_HH_full_105.dend_26(1)
Notice: compartCell_L1_HAC_HH_full_105.dend_29(0) had previously been connected to parent compartCell_L1_HAC_HH_full_105.dend_25(1)
Notice: compartCell_L1_HAC_HH_full_105.dend_30(0) had previously been connected to parent compartCell_L1_HAC_HH_full_105.dend_29(1)
Notice: compartCell_L1_HAC_HH_full_105.dend_31(0) had previously been connected to parent compartCell_L1_HAC_HH_full_105.dend_30(1)
Notice: compartCell_L1_HAC_HH_full_105.dend_32(0) had previously been connected to parent compartCell_L1_HAC_HH_full_105.dend_30(1)
Notice: compartCell_L1_HAC_HH_full_105.dend_33(0) had previously been connected to parent compartCell_L1_HAC_HH_full_105.dend_32(1)
Notice: compartCell_L1_HAC_HH_full_105.dend_34(0) had previously been connected to parent compartCell_L1_HAC_HH_full_105.dend_32(1)
Notice: compartCell_L1_HAC_HH_full_105.dend_35(0) had previously been connected to parent compartCell_L1_HAC_HH_full_105.dend_29(1)
Notice: compartCell_L1_HAC_HH_full_105.dend_36(0) had previously been connected to parent compartCell_L1_HAC_HH_full_105.dend_35(1)
Notice: compartCell_L1_HAC_HH_full_105.dend_37(0) had previously been connected to parent compartCell_L1_HAC_HH_full_105.dend_35(1)
Notice: compartCell_L1_HAC_HH_full_105.dend_38(0) had previously been connected to parent compartCell_L1_HAC_HH_full_105.dend_24(1)
Notice: compartCell_L1_HAC_HH_full_105.dend_39(0) had previously been connected to parent compartCell_L1_HAC_HH_full_105.dend_38(1)
Notice: compartCell_L1_HAC_HH_full_105.dend_40(0) had previously been connected to parent compartCell_L1_HAC_HH_full_105.dend_38(1)
Notice: compartCell_L1_HAC_HH_full_105.dend_41(0) had previously been connected to parent compartCell_L1_HAC_HH_full_105.dend_23(1)
Notice: compartCell_L1_HAC_HH_full_105.dend_42(0) had previously been connected to parent compartCell_L1_HAC_HH_full_105.dend_41(1)
Notice: compartCell_L1_HAC_HH_full_105.dend_43(0) had previously been connected to parent compartCell_L1_HAC_HH_full_105.dend_41(1)
Notice: compartCell_L1_HAC_HH_full_105.axon_0(0) had previously been connected to parent compartCell_L1_HAC_HH_full_105.soma(1)
Notice: compartCell_L1_HAC_HH_full_105.axon_1(0) had previously been connected to parent compartCell_L1_HAC_HH_full_105.axon_0(1)
Notice: compartCell_L1_NGC-DA_HH_full_237.dend_0(0) had previously been connected to parent compartCell_L1_NGC-DA_HH_full_237.soma(0.5)
Notice: compartCell_L1_NGC-DA_HH_full_237.dend_1(0) had previously been connected to parent compartCell_L1_NGC-DA_HH_full_237.dend_0(1)
Notice: compartCell_L1_NGC-DA_HH_full_237.dend_2(0) had previously been connected to parent compartCell_L1_NGC-DA_HH_full_237.dend_1(1)
Notice: compartCell_L1_NGC-DA_HH_full_237.dend_3(0) had previously been connected to parent compartCell_L1_NGC-DA_HH_full_237.dend_2(1)
Notice: compartCell_L1_NGC-DA_HH_full_237.dend_4(0) had previously been connected to parent compartCell_L1_NGC-DA_HH_full_237.dend_3(1)
Notice: compartCell_L1_NGC-DA_HH_full_237.dend_5(0) had previously been connected to parent compartCell_L1_NGC-DA_HH_full_237.dend_3(1)
Notice: compartCell_L1_NGC-DA_HH_full_237.dend_6(0) had previously been connected to parent compartCell_L1_NGC-DA_HH_full_237.dend_2(1)
Notice: compartCell_L1_NGC-DA_HH_full_237.dend_7(0) had previously been connected to parent compartCell_L1_NGC-DA_HH_full_237.dend_6(1)
Notice: compartCell_L1_NGC-DA_HH_full_237.dend_8(0) had previously been connected to parent compartCell_L1_NGC-DA_HH_full_237.dend_6(1)
Notice: compartCell_L1_NGC-DA_HH_full_237.dend_9(0) had previously been connected to parent compartCell_L1_NGC-DA_HH_full_237.dend_8(1)
Notice: compartCell_L1_NGC-DA_HH_full_237.dend_10(0) had previously been connected to parent compartCell_L1_NGC-DA_HH_full_237.dend_8(1)
Notice: compartCell_L1_NGC-DA_HH_full_237.dend_11(0) had previously been connected to parent compartCell_L1_NGC-DA_HH_full_237.dend_1(1)
Notice: compartCell_L1_NGC-DA_HH_full_237.dend_12(0) had previously been connected to parent compartCell_L1_NGC-DA_HH_full_237.dend_11(1)
Notice: compartCell_L1_NGC-DA_HH_full_237.dend_13(0) had previously been connected to parent compartCell_L1_NGC-DA_HH_full_237.dend_11(1)
Notice: compartCell_L1_NGC-DA_HH_full_237.dend_14(0) had previously been connected to parent compartCell_L1_NGC-DA_HH_full_237.dend_0(1)
Notice: compartCell_L1_NGC-DA_HH_full_237.dend_15(0) had previously been connected to parent compartCell_L1_NGC-DA_HH_full_237.dend_14(1)
Notice: compartCell_L1_NGC-DA_HH_full_237.dend_16(0) had previously been connected to parent compartCell_L1_NGC-DA_HH_full_237.dend_14(1)
Notice: compartCell_L1_NGC-DA_HH_full_237.dend_17(0) had previously been connected to parent compartCell_L1_NGC-DA_HH_full_237.dend_16(1)
Notice: compartCell_L1_NGC-DA_HH_full_237.dend_18(0) had previously been connected to parent compartCell_L1_NGC-DA_HH_full_237.dend_17(1)
Notice: compartCell_L1_NGC-DA_HH_full_237.dend_19(0) had previously been connected to parent compartCell_L1_NGC-DA_HH_full_237.dend_18(1)
Notice: compartCell_L1_NGC-DA_HH_full_237.dend_20(0) had previously been connected to parent compartCell_L1_NGC-DA_HH_full_237.dend_18(1)
Notice: compartCell_L1_NGC-DA_HH_full_237.dend_21(0) had previously been connected to parent compartCell_L1_NGC-DA_HH_full_237.dend_17(1)
Notice: compartCell_L1_NGC-DA_HH_full_237.dend_22(0) had previously been connected to parent compartCell_L1_NGC-DA_HH_full_237.dend_16(1)
Notice: compartCell_L1_NGC-DA_HH_full_237.dend_23(0) had previously been connected to parent compartCell_L1_NGC-DA_HH_full_237.soma(0.5)
Notice: compartCell_L1_NGC-DA_HH_full_237.dend_24(0) had previously been connected to parent compartCell_L1_NGC-DA_HH_full_237.dend_23(1)
Notice: compartCell_L1_NGC-DA_HH_full_237.dend_25(0) had previously been connected to parent compartCell_L1_NGC-DA_HH_full_237.dend_23(1)
Notice: compartCell_L1_NGC-DA_HH_full_237.dend_26(0) had previously been connected to parent compartCell_L1_NGC-DA_HH_full_237.soma(0.5)
Notice: compartCell_L1_NGC-DA_HH_full_237.dend_27(0) had previously been connected to parent compartCell_L1_NGC-DA_HH_full_237.dend_26(1)
Notice: compartCell_L1_NGC-DA_HH_full_237.dend_28(0) had previously been connected to parent compartCell_L1_NGC-DA_HH_full_237.dend_26(1)
Notice: compartCell_L1_NGC-DA_HH_full_237.dend_29(0) had previously been connected to parent compartCell_L1_NGC-DA_HH_full_237.dend_28(1)
Notice: compartCell_L1_NGC-DA_HH_full_237.dend_30(0) had previously been connected to parent compartCell_L1_NGC-DA_HH_full_237.dend_28(1)
Notice: compartCell_L1_NGC-DA_HH_full_237.dend_31(0) had previously been connected to parent compartCell_L1_NGC-DA_HH_full_237.soma(0.5)
Notice: compartCell_L1_NGC-DA_HH_full_237.dend_32(0) had previously been connected to parent compartCell_L1_NGC-DA_HH_full_237.dend_31(1)
Notice: compartCell_L1_NGC-DA_HH_full_237.dend_33(0) had previously been connected to parent compartCell_L1_NGC-DA_HH_full_237.dend_31(1)
Notice: compartCell_L1_NGC-DA_HH_full_237.dend_34(0) had previously been connected to parent compartCell_L1_NGC-DA_HH_full_237.dend_33(1)
Notice: compartCell_L1_NGC-DA_HH_full_237.dend_35(0) had previously been connected to parent compartCell_L1_NGC-DA_HH_full_237.dend_33(1)
Notice: compartCell_L1_NGC-DA_HH_full_237.dend_36(0) had previously been connected to parent compartCell_L1_NGC-DA_HH_full_237.dend_35(1)
Notice: compartCell_L1_NGC-DA_HH_full_237.dend_37(0) had previously been connected to parent compartCell_L1_NGC-DA_HH_full_237.dend_35(1)
Notice: compartCell_L1_NGC-DA_HH_full_237.dend_38(0) had previously been connected to parent compartCell_L1_NGC-DA_HH_full_237.soma(0.5)
Notice: compartCell_L1_NGC-DA_HH_full_237.dend_39(0) had previously been connected to parent compartCell_L1_NGC-DA_HH_full_237.dend_38(1)
Notice: compartCell_L1_NGC-DA_HH_full_237.dend_40(0) had previously been connected to parent compartCell_L1_NGC-DA_HH_full_237.dend_38(1)
Notice: compartCell_L1_NGC-DA_HH_full_237.dend_41(0) had previously been connected to parent compartCell_L1_NGC-DA_HH_full_237.soma(0.5)
Notice: compartCell_L1_NGC-DA_HH_full_237.dend_42(0) had previously been connected to parent compartCell_L1_NGC-DA_HH_full_237.dend_41(1)
Notice: compartCell_L1_NGC-DA_HH_full_237.dend_43(0) had previously been connected to parent compartCell_L1_NGC-DA_HH_full_237.dend_42(1)
Notice: compartCell_L1_NGC-DA_HH_full_237.dend_44(0) had previously been connected to parent compartCell_L1_NGC-DA_HH_full_237.dend_42(1)
Notice: compartCell_L1_NGC-DA_HH_full_237.dend_45(0) had previously been connected to parent compartCell_L1_NGC-DA_HH_full_237.dend_41(1)
Notice: compartCell_L1_NGC-DA_HH_full_237.dend_46(0) had previously been connected to parent compartCell_L1_NGC-DA_HH_full_237.soma(0.5)
Notice: compartCell_L1_NGC-DA_HH_full_237.axon_0(0) had previously been connected to parent compartCell_L1_NGC-DA_HH_full_237.soma(1)
Notice: compartCell_L1_NGC-DA_HH_full_237.axon_1(0) had previously been connected to parent compartCell_L1_NGC-DA_HH_full_237.axon_0(1)
Notice: compartCell_L1_SLAC_HH_full_311.dend_0(0) had previously been connected to parent compartCell_L1_SLAC_HH_full_311.soma(0.5)
Notice: compartCell_L1_SLAC_HH_full_311.dend_1(0) had previously been connected to parent compartCell_L1_SLAC_HH_full_311.dend_0(1)
Notice: compartCell_L1_SLAC_HH_full_311.dend_2(0) had previously been connected to parent compartCell_L1_SLAC_HH_full_311.dend_1(1)
Notice: compartCell_L1_SLAC_HH_full_311.dend_3(0) had previously been connected to parent compartCell_L1_SLAC_HH_full_311.dend_2(1)
Notice: compartCell_L1_SLAC_HH_full_311.dend_4(0) had previously been connected to parent compartCell_L1_SLAC_HH_full_311.dend_3(1)
Notice: compartCell_L1_SLAC_HH_full_311.dend_5(0) had previously been connected to parent compartCell_L1_SLAC_HH_full_311.dend_3(1)
Notice: compartCell_L1_SLAC_HH_full_311.dend_6(0) had previously been connected to parent compartCell_L1_SLAC_HH_full_311.dend_2(1)
Notice: compartCell_L1_SLAC_HH_full_311.dend_7(0) had previously been connected to parent compartCell_L1_SLAC_HH_full_311.dend_1(1)
Notice: compartCell_L1_SLAC_HH_full_311.dend_8(0) had previously been connected to parent compartCell_L1_SLAC_HH_full_311.dend_7(1)
Notice: compartCell_L1_SLAC_HH_full_311.dend_9(0) had previously been connected to parent compartCell_L1_SLAC_HH_full_311.dend_7(1)
Notice: compartCell_L1_SLAC_HH_full_311.dend_10(0) had previously been connected to parent compartCell_L1_SLAC_HH_full_311.dend_0(1)
Notice: compartCell_L1_SLAC_HH_full_311.dend_11(0) had previously been connected to parent compartCell_L1_SLAC_HH_full_311.dend_10(1)
Notice: compartCell_L1_SLAC_HH_full_311.dend_12(0) had previously been connected to parent compartCell_L1_SLAC_HH_full_311.dend_10(1)
Notice: compartCell_L1_SLAC_HH_full_311.dend_13(0) had previously been connected to parent compartCell_L1_SLAC_HH_full_311.soma(0.5)
Notice: compartCell_L1_SLAC_HH_full_311.dend_14(0) had previously been connected to parent compartCell_L1_SLAC_HH_full_311.dend_13(1)
Notice: compartCell_L1_SLAC_HH_full_311.dend_15(0) had previously been connected to parent compartCell_L1_SLAC_HH_full_311.dend_14(1)
Notice: compartCell_L1_SLAC_HH_full_311.dend_16(0) had previously been connected to parent compartCell_L1_SLAC_HH_full_311.dend_15(1)
Notice: compartCell_L1_SLAC_HH_full_311.dend_17(0) had previously been connected to parent compartCell_L1_SLAC_HH_full_311.dend_16(1)
Notice: compartCell_L1_SLAC_HH_full_311.dend_18(0) had previously been connected to parent compartCell_L1_SLAC_HH_full_311.dend_17(1)
Notice: compartCell_L1_SLAC_HH_full_311.dend_19(0) had previously been connected to parent compartCell_L1_SLAC_HH_full_311.dend_17(1)
Notice: compartCell_L1_SLAC_HH_full_311.dend_20(0) had previously been connected to parent compartCell_L1_SLAC_HH_full_311.dend_19(1)
Notice: compartCell_L1_SLAC_HH_full_311.dend_21(0) had previously been connected to parent compartCell_L1_SLAC_HH_full_311.dend_19(1)
Notice: compartCell_L1_SLAC_HH_full_311.dend_22(0) had previously been connected to parent compartCell_L1_SLAC_HH_full_311.dend_16(1)
Notice: compartCell_L1_SLAC_HH_full_311.dend_23(0) had previously been connected to parent compartCell_L1_SLAC_HH_full_311.dend_15(1)
Notice: compartCell_L1_SLAC_HH_full_311.dend_24(0) had previously been connected to parent compartCell_L1_SLAC_HH_full_311.dend_23(1)
Notice: compartCell_L1_SLAC_HH_full_311.dend_25(0) had previously been connected to parent compartCell_L1_SLAC_HH_full_311.dend_23(1)
Notice: compartCell_L1_SLAC_HH_full_311.dend_26(0) had previously been connected to parent compartCell_L1_SLAC_HH_full_311.dend_14(1)
Notice: compartCell_L1_SLAC_HH_full_311.dend_27(0) had previously been connected to parent compartCell_L1_SLAC_HH_full_311.dend_26(1)
Notice: compartCell_L1_SLAC_HH_full_311.dend_28(0) had previously been connected to parent compartCell_L1_SLAC_HH_full_311.dend_26(1)
Notice: compartCell_L1_SLAC_HH_full_311.dend_29(0) had previously been connected to parent compartCell_L1_SLAC_HH_full_311.dend_13(1)
Notice: compartCell_L1_SLAC_HH_full_311.dend_30(0) had previously been connected to parent compartCell_L1_SLAC_HH_full_311.dend_29(1)
Notice: compartCell_L1_SLAC_HH_full_311.dend_31(0) had previously been connected to parent compartCell_L1_SLAC_HH_full_311.dend_29(1)
Notice: compartCell_L1_SLAC_HH_full_311.dend_32(0) had previously been connected to parent compartCell_L1_SLAC_HH_full_311.dend_31(1)
Notice: compartCell_L1_SLAC_HH_full_311.dend_33(0) had previously been connected to parent compartCell_L1_SLAC_HH_full_311.dend_31(1)
Notice: compartCell_L1_SLAC_HH_full_311.dend_34(0) had previously been connected to parent compartCell_L1_SLAC_HH_full_311.soma(0.5)
Notice: compartCell_L1_SLAC_HH_full_311.dend_35(0) had previously been connected to parent compartCell_L1_SLAC_HH_full_311.dend_34(1)
Notice: compartCell_L1_SLAC_HH_full_311.dend_36(0) had previously been connected to parent compartCell_L1_SLAC_HH_full_311.dend_35(1)
Notice: compartCell_L1_SLAC_HH_full_311.dend_37(0) had previously been connected to parent compartCell_L1_SLAC_HH_full_311.dend_36(1)
Notice: compartCell_L1_SLAC_HH_full_311.dend_38(0) had previously been connected to parent compartCell_L1_SLAC_HH_full_311.dend_36(1)
Notice: compartCell_L1_SLAC_HH_full_311.dend_39(0) had previously been connected to parent compartCell_L1_SLAC_HH_full_311.dend_35(1)
Notice: compartCell_L1_SLAC_HH_full_311.axon_0(0) had previously been connected to parent compartCell_L1_SLAC_HH_full_311.soma(1)
Notice: compartCell_L1_SLAC_HH_full_311.axon_1(0) had previously been connected to parent compartCell_L1_SLAC_HH_full_311.axon_0(1)
>>> >>> >>> >>> 

>>> 
>>> 
>>> 


>>> 
