NEURON -- VERSION 8.0a-719-gf28c8c26+ master (f28c8c26+) 2022-01-14
Duke, Yale, and the BlueBrain Project -- Copyright 1984-2021
See http://neuron.yale.edu/neuron/credits

Additional mechanisms from files
 "mod//Ca.mod" "mod//CaDynamics_E2.mod" "mod//Ca_HVA.mod" "mod//Ca_LVAst.mod" "mod//DetAMPANMDA.mod" "mod//DetGABAAB.mod" "mod//HCN1.mod" "mod//HH2.mod" "mod//IC.mod" "mod//IKsin.mod" "mod//IT.mod" "mod//IT2.mod" "mod//Ih.mod" "mod//Im.mod" "mod//K_Pst.mod" "mod//K_Tst.mod" "mod//KdShu2007.mod" "mod//MyExp2SynBB.mod" "mod//MyExp2SynNMDABB.mod" "mod//NaTa_t.mod" "mod//NaTs2_t.mod" "mod//Nap_Et2.mod" "mod//Nca.mod" "mod//ProbAMPANMDA_EMS.mod" "mod//ProbGABAAB_EMS.mod" "mod//SK_E2.mod" "mod//SKv3_1.mod" "mod//StochKv.mod" "mod//StochKv_det.mod" "mod//StochKv_deterministic.mod" "mod//ar_traub.mod" "mod//cadad.mod" "mod//cadyn.mod" "mod//cagk.mod" "mod//cal_mh.mod" "mod//cal_mig.mod" "mod//can_mig.mod" "mod//cancr.mod" "mod//canin.mod" "mod//cat_mig.mod" "mod//cat_traub.mod" "mod//catcb.mod" "mod//ch_CavL.mod" "mod//ch_CavN.mod" "mod//ch_KCaS.mod" "mod//ch_Kdrfastngf.mod" "mod//ch_KvAngf.mod" "mod//ch_KvCaB.mod" "mod//ch_Navngf.mod" "mod//ch_leak.mod" "mod//gabab.mod" "mod//h_BS.mod" "mod//h_harnett.mod" "mod//h_kole.mod" "mod//h_migliore.mod" "mod//hin.mod" "mod//htc.mod" "mod//ican_sidi.mod" "mod//iccr.mod" "mod//iconc_Ca.mod" "mod//ikscr.mod" "mod//kBK.mod" "mod//kap_BS.mod" "mod//kapcb.mod" "mod//kapin.mod" "mod//kca.mod" "mod//kctin.mod" "mod//kdmc_BS.mod" "mod//kdr_BS.mod" "mod//kdrcr.mod" "mod//kdrin.mod" "mod//kl.mod" "mod//km.mod" "mod//kv.mod" "mod//my_exp2syn.mod" "mod//nafcr.mod" "mod//nafx.mod" "mod//nap_sidi.mod" "mod//nax_BS.mod" "mod//naz.mod" "mod//savedist.mod" "mod//tia.mod" "mod//vecstim.mod"
Notice: compartCell_L23_PC_cAD_HH_full_31409.apic_0(0) had previously been connected to parent compartCell_L23_PC_cAD_HH_full_31409.soma(0.5)
Notice: compartCell_L23_PC_cAD_HH_full_31409.apic_1(0) had previously been connected to parent compartCell_L23_PC_cAD_HH_full_31409.apic_0(1)
Notice: compartCell_L23_PC_cAD_HH_full_31409.apic_10(0) had previously been connected to parent compartCell_L23_PC_cAD_HH_full_31409.apic_6(1)
Notice: compartCell_L23_PC_cAD_HH_full_31409.apic_11(0) had previously been connected to parent compartCell_L23_PC_cAD_HH_full_31409.apic_10(1)
Notice: compartCell_L23_PC_cAD_HH_full_31452.apic_0(0) had previously been connected to parent compartCell_L23_PC_cAD_HH_full_31452.soma(0.5)
Notice: compartCell_L23_PC_cAD_HH_full_31452.apic_1(0) had previously been connected to parent compartCell_L23_PC_cAD_HH_full_31452.apic_0(1)
Notice: compartCell_L23_PC_cAD_HH_full_31452.apic_10(0) had previously been connected to parent compartCell_L23_PC_cAD_HH_full_31452.apic_6(1)
Notice: compartCell_L23_PC_cAD_HH_full_31452.apic_11(0) had previously been connected to parent compartCell_L23_PC_cAD_HH_full_31452.apic_10(1)
Notice: compartCell_L23_PC_cAD_HH_full_31452.apic_12(0) had previously been connected to parent compartCell_L23_PC_cAD_HH_full_31452.apic_10(1)
Notice: compartCell_L23_PC_cAD_HH_full_31452.apic_13(0) had previously been connected to parent compartCell_L23_PC_cAD_HH_full_31452.apic_12(1)
Notice: compartCell_L23_PC_cAD_HH_full_31452.apic_14(0) had previously been connected to parent compartCell_L23_PC_cAD_HH_full_31452.apic_12(1)
Notice: compartCell_L23_PC_cAD_HH_full_31452.apic_15(0) had previously been connected to parent compartCell_L23_PC_cAD_HH_full_31452.apic_14(1)
Notice: compartCell_L23_PC_cAD_HH_full_31452.apic_16(0) had previously been connected to parent compartCell_L23_PC_cAD_HH_full_31452.apic_15(1)
Notice: compartCell_L23_PC_cAD_HH_full_31452.apic_17(0) had previously been connected to parent compartCell_L23_PC_cAD_HH_full_31452.apic_15(1)
Notice: compartCell_L23_PC_cAD_HH_full_31452.apic_18(0) had previously been connected to parent compartCell_L23_PC_cAD_HH_full_31452.apic_14(1)
Notice: compartCell_L23_PC_cAD_HH_full_31452.apic_19(0) had previously been connected to parent compartCell_L23_PC_cAD_HH_full_31452.apic_18(1)
Notice: compartCell_L23_PC_cAD_HH_full_31452.apic_2(0) had previously been connected to parent compartCell_L23_PC_cAD_HH_full_31452.apic_1(1)
Notice: compartCell_L23_PC_cAD_HH_full_31452.apic_20(0) had previously been connected to parent compartCell_L23_PC_cAD_HH_full_31452.apic_19(1)
Notice: compartCell_L23_PC_cAD_HH_full_31452.apic_21(0) had previously been connected to parent compartCell_L23_PC_cAD_HH_full_31452.apic_19(1)
Notice: compartCell_L23_PC_cAD_HH_full_31452.apic_22(0) had previously been connected to parent compartCell_L23_PC_cAD_HH_full_31452.apic_18(1)
Notice: compartCell_L23_PC_cAD_HH_full_31452.apic_3(0) had previously been connected to parent compartCell_L23_PC_cAD_HH_full_31452.apic_2(1)
Notice: compartCell_L23_PC_cAD_HH_full_31452.apic_4(0) had previously been connected to parent compartCell_L23_PC_cAD_HH_full_31452.apic_2(1)
Notice: compartCell_L23_PC_cAD_HH_full_31452.apic_5(0) had previously been connected to parent compartCell_L23_PC_cAD_HH_full_31452.apic_1(1)
Notice: compartCell_L23_PC_cAD_HH_full_31452.apic_6(0) had previously been connected to parent compartCell_L23_PC_cAD_HH_full_31452.apic_0(1)
Notice: compartCell_L23_PC_cAD_HH_full_31452.apic_7(0) had previously been connected to parent compartCell_L23_PC_cAD_HH_full_31452.apic_6(1)
Notice: compartCell_L23_PC_cAD_HH_full_31452.apic_8(0) had previously been connected to parent compartCell_L23_PC_cAD_HH_full_31452.apic_7(1)
Notice: compartCell_L23_PC_cAD_HH_full_31452.apic_9(0) had previously been connected to parent compartCell_L23_PC_cAD_HH_full_31452.apic_7(1)
Notice: compartCell_L23_PC_cAD_HH_full_31452.axon_0(0) had previously been connected to parent compartCell_L23_PC_cAD_HH_full_31452.soma(1)
Notice: compartCell_L23_PC_cAD_HH_full_31452.axon_1(0) had previously been connected to parent compartCell_L23_PC_cAD_HH_full_31452.axon_0(1)
Notice: compartCell_L23_PC_cAD_HH_full_31452.dend_0(0) had previously been connected to parent compartCell_L23_PC_cAD_HH_full_31452.soma(0.5)
Notice: compartCell_L23_PC_cAD_HH_full_31452.dend_1(0) had previously been connected to parent compartCell_L23_PC_cAD_HH_full_31452.dend_0(1)
Notice: compartCell_L23_PC_cAD_HH_full_31452.dend_10(0) had previously been connected to parent compartCell_L23_PC_cAD_HH_full_31452.dend_9(1)
Notice: compartCell_L23_PC_cAD_HH_full_31452.dend_11(0) had previously been connected to parent compartCell_L23_PC_cAD_HH_full_31452.dend_9(1)
Notice: compartCell_L23_PC_cAD_HH_full_31452.dend_12(0) had previously been connected to parent compartCell_L23_PC_cAD_HH_full_31452.dend_6(1)
Notice: compartCell_L23_PC_cAD_HH_full_31452.dend_13(0) had previously been connected to parent compartCell_L23_PC_cAD_HH_full_31452.dend_12(1)
Notice: compartCell_L23_PC_cAD_HH_full_31452.dend_14(0) had previously been connected to parent compartCell_L23_PC_cAD_HH_full_31452.dend_13(1)
Notice: compartCell_L23_PC_cAD_HH_full_31452.dend_15(0) had previously been connected to parent compartCell_L23_PC_cAD_HH_full_31452.dend_13(1)
Notice: compartCell_L23_PC_cAD_HH_full_31452.dend_2(0) had previously been connected to parent compartCell_L23_PC_cAD_HH_full_31452.dend_1(1)
Notice: compartCell_L23_PC_cAD_HH_full_31452.dend_3(0) had previously been connected to parent compartCell_L23_PC_cAD_HH_full_31452.dend_2(1)
Notice: compartCell_L23_PC_cAD_HH_full_31452.dend_4(0) had previously been connected to parent compartCell_L23_PC_cAD_HH_full_31452.dend_2(1)
Notice: compartCell_L23_PC_cAD_HH_full_31452.dend_5(0) had previously been connected to parent compartCell_L23_PC_cAD_HH_full_31452.dend_1(1)
Notice: compartCell_L23_PC_cAD_HH_full_31452.dend_6(0) had previously been connected to parent compartCell_L23_PC_cAD_HH_full_31452.dend_0(1)
Notice: compartCell_L23_PC_cAD_HH_full_31452.dend_7(0) had previously been connected to parent compartCell_L23_PC_cAD_HH_full_31452.dend_6(1)
Notice: compartCell_L23_PC_cAD_HH_full_31452.dend_8(0) had previously been connected to parent compartCell_L23_PC_cAD_HH_full_31452.dend_7(1)
Notice: compartCell_L23_PC_cAD_HH_full_31452.dend_9(0) had previously been connected to parent compartCell_L23_PC_cAD_HH_full_31452.dend_7(1)
Notice: compartCell_L23_PC_cAD_HH_full_31409.apic_12(0) had previously been connected to parent compartCell_L23_PC_cAD_HH_full_31409.apic_10(1)
Notice: compartCell_L23_PC_cAD_HH_full_31409.apic_13(0) had previously been connected to parent compartCell_L23_PC_cAD_HH_full_31409.apic_12(1)
Notice: compartCell_L23_PC_cAD_HH_full_31409.apic_14(0) had previously been connected to parent compartCell_L23_PC_cAD_HH_full_31409.apic_12(1)
Notice: compartCell_L23_PC_cAD_HH_full_31409.apic_15(0) had previously been connected to parent compartCell_L23_PC_cAD_HH_full_31409.apic_14(1)
Notice: compartCell_L23_PC_cAD_HH_full_31409.apic_16(0) had previously been connected to parent compartCell_L23_PC_cAD_HH_full_31409.apic_15(1)
Notice: compartCell_L23_PC_cAD_HH_full_31409.apic_17(0) had previously been connected to parent compartCell_L23_PC_cAD_HH_full_31409.apic_15(1)
Notice: compartCell_L23_PC_cAD_HH_full_31409.apic_18(0) had previously been connected to parent compartCell_L23_PC_cAD_HH_full_31409.apic_14(1)
Notice: compartCell_L23_PC_cAD_HH_full_31409.apic_19(0) had previously been connected to parent compartCell_L23_PC_cAD_HH_full_31409.apic_18(1)
Notice: compartCell_L23_PC_cAD_HH_full_31409.apic_2(0) had previously been connected to parent compartCell_L23_PC_cAD_HH_full_31409.apic_1(1)
Notice: compartCell_L23_PC_cAD_HH_full_31409.apic_20(0) had previously been connected to parent compartCell_L23_PC_cAD_HH_full_31409.apic_19(1)
Notice: compartCell_L23_PC_cAD_HH_full_31409.apic_21(0) had previously been connected to parent compartCell_L23_PC_cAD_HH_full_31409.apic_19(1)
Notice: compartCell_L23_PC_cAD_HH_full_31409.apic_22(0) had previously been connected to parent compartCell_L23_PC_cAD_HH_full_31409.apic_18(1)
Notice: compartCell_L23_PC_cAD_HH_full_31409.apic_3(0) had previously been connected to parent compartCell_L23_PC_cAD_HH_full_31409.apic_2(1)
Notice: compartCell_L23_PC_cAD_HH_full_31409.apic_4(0) had previously been connected to parent compartCell_L23_PC_cAD_HH_full_31409.apic_2(1)
Notice: compartCell_L23_PC_cAD_HH_full_31409.apic_5(0) had previously been connected to parent compartCell_L23_PC_cAD_HH_full_31409.apic_1(1)
Notice: compartCell_L23_PC_cAD_HH_full_31409.apic_6(0) had previously been connected to parent compartCell_L23_PC_cAD_HH_full_31409.apic_0(1)
Notice: compartCell_L23_PC_cAD_HH_full_31409.apic_7(0) had previously been connected to parent compartCell_L23_PC_cAD_HH_full_31409.apic_6(1)
Notice: compartCell_L23_PC_cAD_HH_full_31409.apic_8(0) had previously been connected to parent compartCell_L23_PC_cAD_HH_full_31409.apic_7(1)
Notice: compartCell_L23_PC_cAD_HH_full_31409.apic_9(0) had previously been connected to parent compartCell_L23_PC_cAD_HH_full_31409.apic_7(1)
Notice: compartCell_L23_PC_cAD_HH_full_31409.axon_0(0) had previously been connected to parent compartCell_L23_PC_cAD_HH_full_31409.soma(1)
Notice: compartCell_L23_PC_cAD_HH_full_31409.axon_1(0) had previously been connected to parent compartCell_L23_PC_cAD_HH_full_31409.axon_0(1)
Notice: compartCell_L23_PC_cAD_HH_full_31409.dend_0(0) had previously been connected to parent compartCell_L23_PC_cAD_HH_full_31409.soma(0.5)
Notice: compartCell_L23_PC_cAD_HH_full_31409.dend_1(0) had previously been connected to parent compartCell_L23_PC_cAD_HH_full_31409.dend_0(1)
Notice: compartCell_L23_PC_cAD_HH_full_31409.dend_10(0) had previously been connected to parent compartCell_L23_PC_cAD_HH_full_31409.dend_9(1)
Notice: compartCell_L23_PC_cAD_HH_full_31409.dend_11(0) had previously been connected to parent compartCell_L23_PC_cAD_HH_full_31409.dend_9(1)
Notice: compartCell_L23_PC_cAD_HH_full_31409.dend_12(0) had previously been connected to parent compartCell_L23_PC_cAD_HH_full_31409.dend_6(1)
Notice: compartCell_L23_PC_cAD_HH_full_31409.dend_13(0) had previously been connected to parent compartCell_L23_PC_cAD_HH_full_31409.dend_12(1)
Notice: compartCell_L23_PC_cAD_HH_full_31409.dend_14(0) had previously been connected to parent compartCell_L23_PC_cAD_HH_full_31409.dend_13(1)
Notice: compartCell_L23_PC_cAD_HH_full_31409.dend_15(0) had previously been connected to parent compartCell_L23_PC_cAD_HH_full_31409.dend_13(1)
Notice: compartCell_L23_PC_cAD_HH_full_31409.dend_16(0) had previously been connected to parent compartCell_L23_PC_cAD_HH_full_31409.dend_12(1)
Notice: compartCell_L23_PC_cAD_HH_full_31409.dend_17(0) had previously been connected to parent compartCell_L23_PC_cAD_HH_full_31409.dend_16(1)
Notice: compartCell_L23_PC_cAD_HH_full_31409.dend_18(0) had previously been connected to parent compartCell_L23_PC_cAD_HH_full_31409.dend_16(1)
Notice: compartCell_L23_PC_cAD_HH_full_31409.dend_19(0) had previously been connected to parent compartCell_L23_PC_cAD_HH_full_31409.soma(0.5)
Notice: compartCell_L23_PC_cAD_HH_full_31409.dend_2(0) had previously been connected to parent compartCell_L23_PC_cAD_HH_full_31409.dend_1(1)
Notice: compartCell_L23_PC_cAD_HH_full_31409.dend_20(0) had previously been connected to parent compartCell_L23_PC_cAD_HH_full_31409.dend_19(1)
Notice: compartCell_L23_PC_cAD_HH_full_31409.dend_21(0) had previously been connected to parent compartCell_L23_PC_cAD_HH_full_31409.dend_19(1)
Notice: compartCell_L23_PC_cAD_HH_full_31409.dend_22(0) had previously been connected to parent compartCell_L23_PC_cAD_HH_full_31409.dend_21(1)
Notice: compartCell_L23_PC_cAD_HH_full_31409.dend_23(0) had previously been connected to parent compartCell_L23_PC_cAD_HH_full_31409.dend_22(1)
Notice: compartCell_L23_PC_cAD_HH_full_31409.dend_24(0) had previously been connected to parent compartCell_L23_PC_cAD_HH_full_31409.dend_23(1)
Notice: compartCell_L23_PC_cAD_HH_full_31409.dend_25(0) had previously been connected to parent compartCell_L23_PC_cAD_HH_full_31409.dend_23(1)
Notice: compartCell_L23_PC_cAD_HH_full_31409.dend_26(0) had previously been connected to parent compartCell_L23_PC_cAD_HH_full_31409.dend_22(1)
Notice: compartCell_L23_PC_cAD_HH_full_31409.dend_27(0) had previously been connected to parent compartCell_L23_PC_cAD_HH_full_31409.dend_21(1)
Notice: compartCell_L23_PC_cAD_HH_full_31409.dend_28(0) had previously been connected to parent compartCell_L23_PC_cAD_HH_full_31409.soma(0.5)
Notice: compartCell_L23_PC_cAD_HH_full_31409.dend_29(0) had previously been connected to parent compartCell_L23_PC_cAD_HH_full_31409.dend_28(1)
Notice: compartCell_L23_PC_cAD_HH_full_31409.dend_3(0) had previously been connected to parent compartCell_L23_PC_cAD_HH_full_31409.dend_2(1)
Notice: compartCell_L23_PC_cAD_HH_full_31409.dend_30(0) had previously been connected to parent compartCell_L23_PC_cAD_HH_full_31409.dend_28(1)
Notice: compartCell_L23_PC_cAD_HH_full_31409.dend_31(0) had previously been connected to parent compartCell_L23_PC_cAD_HH_full_31409.dend_30(1)
Notice: compartCell_L23_PC_cAD_HH_full_31409.dend_32(0) had previously been connected to parent compartCell_L23_PC_cAD_HH_full_31409.dend_31(1)
Notice: compartCell_L23_PC_cAD_HH_full_31409.dend_33(0) had previously been connected to parent compartCell_L23_PC_cAD_HH_full_31409.dend_32(1)
Notice: compartCell_L23_PC_cAD_HH_full_31409.dend_34(0) had previously been connected to parent compartCell_L23_PC_cAD_HH_full_31409.dend_32(1)
Notice: compartCell_L23_PC_cAD_HH_full_31409.dend_35(0) had previously been connected to parent compartCell_L23_PC_cAD_HH_full_31409.dend_31(1)
Notice: compartCell_L23_PC_cAD_HH_full_31409.dend_36(0) had previously been connected to parent compartCell_L23_PC_cAD_HH_full_31409.dend_30(1)
Notice: compartCell_L23_PC_cAD_HH_full_31409.dend_37(0) had previously been connected to parent compartCell_L23_PC_cAD_HH_full_31409.dend_36(1)
Notice: compartCell_L23_PC_cAD_HH_full_31409.dend_38(0) had previously been connected to parent compartCell_L23_PC_cAD_HH_full_31409.dend_37(1)
Notice: compartCell_L23_PC_cAD_HH_full_31409.dend_39(0) had previously been connected to parent compartCell_L23_PC_cAD_HH_full_31409.dend_37(1)
Notice: compartCell_L23_PC_cAD_HH_full_31409.dend_4(0) had previously been connected to parent compartCell_L23_PC_cAD_HH_full_31409.dend_2(1)
Notice: compartCell_L23_PC_cAD_HH_full_31409.dend_40(0) had previously been connected to parent compartCell_L23_PC_cAD_HH_full_31409.dend_36(1)
Notice: compartCell_L23_PC_cAD_HH_full_31409.dend_41(0) had previously been connected to parent compartCell_L23_PC_cAD_HH_full_31409.dend_40(1)
Notice: compartCell_L23_PC_cAD_HH_full_31409.dend_42(0) had previously been connected to parent compartCell_L23_PC_cAD_HH_full_31409.dend_40(1)
Notice: compartCell_L23_PC_cAD_HH_full_31409.dend_43(0) had previously been connected to parent compartCell_L23_PC_cAD_HH_full_31409.soma(0.5)
Notice: compartCell_L23_PC_cAD_HH_full_31409.dend_44(0) had previously been connected to parent compartCell_L23_PC_cAD_HH_full_31409.dend_43(1)
Notice: compartCell_L23_PC_cAD_HH_full_31409.dend_45(0) had previously been connected to parent compartCell_L23_PC_cAD_HH_full_31409.dend_44(1)
Notice: compartCell_L23_PC_cAD_HH_full_31409.dend_46(0) had previously been connected to parent compartCell_L23_PC_cAD_HH_full_31409.dend_45(1)
Notice: compartCell_L23_PC_cAD_HH_full_31409.dend_47(0) had previously been connected to parent compartCell_L23_PC_cAD_HH_full_31409.dend_46(1)
Notice: compartCell_L23_PC_cAD_HH_full_31409.dend_48(0) had previously been connected to parent compartCell_L23_PC_cAD_HH_full_31409.dend_46(1)
Notice: compartCell_L23_PC_cAD_HH_full_31409.dend_49(0) had previously been connected to parent compartCell_L23_PC_cAD_HH_full_31409.dend_45(1)
Notice: compartCell_L23_PC_cAD_HH_full_31409.dend_5(0) had previously been connected to parent compartCell_L23_PC_cAD_HH_full_31409.dend_1(1)
Notice: compartCell_L23_PC_cAD_HH_full_31409.dend_50(0) had previously been connected to parent compartCell_L23_PC_cAD_HH_full_31409.dend_49(1)
Notice: compartCell_L23_PC_cAD_HH_full_31409.dend_51(0) had previously been connected to parent compartCell_L23_PC_cAD_HH_full_31409.dend_49(1)
Notice: compartCell_L23_PC_cAD_HH_full_31409.dend_52(0) had previously been connected to parent compartCell_L23_PC_cAD_HH_full_31409.dend_44(1)
Notice: compartCell_L23_PC_cAD_HH_full_31409.dend_53(0) had previously been connected to parent compartCell_L23_PC_cAD_HH_full_31409.dend_52(1)
Notice: compartCell_L23_PC_cAD_HH_full_31409.dend_54(0) had previously been connected to parent compartCell_L23_PC_cAD_HH_full_31409.dend_53(1)
Notice: compartCell_L23_PC_cAD_HH_full_31409.dend_55(0) had previously been connected to parent compartCell_L23_PC_cAD_HH_full_31409.dend_53(1)
Notice: compartCell_L23_PC_cAD_HH_full_31409.dend_56(0) had previously been connected to parent compartCell_L23_PC_cAD_HH_full_31409.dend_52(1)
Notice: compartCell_L23_PC_cAD_HH_full_31409.dend_57(0) had previously been connected to parent compartCell_L23_PC_cAD_HH_full_31409.dend_56(1)
Notice: compartCell_L23_PC_cAD_HH_full_31409.dend_58(0) had previously been connected to parent compartCell_L23_PC_cAD_HH_full_31409.dend_56(1)
Notice: compartCell_L23_PC_cAD_HH_full_31409.dend_59(0) had previously been connected to parent compartCell_L23_PC_cAD_HH_full_31409.dend_43(1)
Notice: compartCell_L23_PC_cAD_HH_full_31409.dend_6(0) had previously been connected to parent compartCell_L23_PC_cAD_HH_full_31409.dend_0(1)
Notice: compartCell_L23_PC_cAD_HH_full_31409.dend_60(0) had previously been connected to parent compartCell_L23_PC_cAD_HH_full_31409.dend_59(1)
Notice: compartCell_L23_PC_cAD_HH_full_31409.dend_61(0) had previously been connected to parent compartCell_L23_PC_cAD_HH_full_31409.dend_60(1)
Notice: compartCell_L23_PC_cAD_HH_full_31409.dend_62(0) had previously been connected to parent compartCell_L23_PC_cAD_HH_full_31409.dend_60(1)
Notice: compartCell_L23_PC_cAD_HH_full_31409.dend_63(0) had previously been connected to parent compartCell_L23_PC_cAD_HH_full_31409.dend_62(1)
Notice: compartCell_L23_PC_cAD_HH_full_31409.dend_64(0) had previously been connected to parent compartCell_L23_PC_cAD_HH_full_31409.dend_62(1)
Notice: compartCell_L23_PC_cAD_HH_full_31409.dend_65(0) had previously been connected to parent compartCell_L23_PC_cAD_HH_full_31409.dend_59(1)
Notice: compartCell_L23_PC_cAD_HH_full_31409.dend_7(0) had previously been connected to parent compartCell_L23_PC_cAD_HH_full_31409.dend_6(1)
Notice: compartCell_L23_PC_cAD_HH_full_31409.dend_8(0) had previously been connected to parent compartCell_L23_PC_cAD_HH_full_31409.dend_7(1)
Notice: compartCell_L23_PC_cAD_HH_full_31409.dend_9(0) had previously been connected to parent compartCell_L23_PC_cAD_HH_full_31409.dend_7(1)
Notice: compartCell_L23_PC_cAD_HH_full_31538.apic_0(0) had previously been connected to parent compartCell_L23_PC_cAD_HH_full_31538.soma(0.5)
Notice: compartCell_L23_PC_cAD_HH_full_31538.apic_1(0) had previously been connected to parent compartCell_L23_PC_cAD_HH_full_31538.apic_0(1)
Notice: compartCell_L23_PC_cAD_HH_full_31538.apic_10(0) had previously been connected to parent compartCell_L23_PC_cAD_HH_full_31538.apic_9(1)
Notice: compartCell_L23_PC_cAD_HH_full_31538.apic_11(0) had previously been connected to parent compartCell_L23_PC_cAD_HH_full_31538.apic_9(1)
Notice: compartCell_L23_PC_cAD_HH_full_31538.apic_12(0) had previously been connected to parent compartCell_L23_PC_cAD_HH_full_31538.apic_8(1)
Notice: compartCell_L23_PC_cAD_HH_full_31538.apic_13(0) had previously been connected to parent compartCell_L23_PC_cAD_HH_full_31538.apic_7(1)
Notice: compartCell_L23_PC_cAD_HH_full_31538.apic_14(0) had previously been connected to parent compartCell_L23_PC_cAD_HH_full_31538.apic_2(1)
Notice: compartCell_L23_PC_cAD_HH_full_31538.apic_15(0) had previously been connected to parent compartCell_L23_PC_cAD_HH_full_31538.apic_14(1)
Notice: compartCell_L23_PC_cAD_HH_full_31538.apic_16(0) had previously been connected to parent compartCell_L23_PC_cAD_HH_full_31538.apic_15(1)
Notice: compartCell_L23_PC_cAD_HH_full_31538.apic_17(0) had previously been connected to parent compartCell_L23_PC_cAD_HH_full_31538.apic_16(1)
Notice: compartCell_L23_PC_cAD_HH_full_31538.apic_18(0) had previously been connected to parent compartCell_L23_PC_cAD_HH_full_31538.apic_16(1)
Notice: compartCell_L23_PC_cAD_HH_full_31538.apic_19(0) had previously been connected to parent compartCell_L23_PC_cAD_HH_full_31538.apic_15(1)
Notice: compartCell_L23_PC_cAD_HH_full_31538.apic_2(0) had previously been connected to parent compartCell_L23_PC_cAD_HH_full_31538.apic_0(1)
Notice: compartCell_L23_PC_cAD_HH_full_31538.apic_20(0) had previously been connected to parent compartCell_L23_PC_cAD_HH_full_31538.apic_19(1)
Notice: compartCell_L23_PC_cAD_HH_full_31538.apic_21(0) had previously been connected to parent compartCell_L23_PC_cAD_HH_full_31538.apic_20(1)
Notice: compartCell_L23_PC_cAD_HH_full_31538.apic_22(0) had previously been connected to parent compartCell_L23_PC_cAD_HH_full_31538.apic_20(1)
Notice: compartCell_L23_PC_cAD_HH_full_31538.apic_23(0) had previously been connected to parent compartCell_L23_PC_cAD_HH_full_31538.apic_19(1)
Notice: compartCell_L23_PC_cAD_HH_full_31538.apic_24(0) had previously been connected to parent compartCell_L23_PC_cAD_HH_full_31538.apic_23(1)
Notice: compartCell_L23_PC_cAD_HH_full_31538.apic_25(0) had previously been connected to parent compartCell_L23_PC_cAD_HH_full_31538.apic_24(1)
Notice: compartCell_L23_PC_cAD_HH_full_31538.apic_26(0) had previously been connected to parent compartCell_L23_PC_cAD_HH_full_31538.apic_25(1)
Notice: compartCell_L23_PC_cAD_HH_full_31538.apic_3(0) had previously been connected to parent compartCell_L23_PC_cAD_HH_full_31538.apic_2(1)
Notice: compartCell_L23_PC_cAD_HH_full_31538.apic_4(0) had previously been connected to parent compartCell_L23_PC_cAD_HH_full_31538.apic_3(1)
Notice: compartCell_L23_PC_cAD_HH_full_31538.apic_5(0) had previously been connected to parent compartCell_L23_PC_cAD_HH_full_31538.apic_4(1)
Notice: compartCell_L23_PC_cAD_HH_full_31538.apic_6(0) had previously been connected to parent compartCell_L23_PC_cAD_HH_full_31538.apic_4(1)
Notice: compartCell_L23_PC_cAD_HH_full_31538.apic_7(0) had previously been connected to parent compartCell_L23_PC_cAD_HH_full_31538.apic_3(1)
Notice: compartCell_L23_PC_cAD_HH_full_31538.apic_8(0) had previously been connected to parent compartCell_L23_PC_cAD_HH_full_31538.apic_7(1)
Notice: compartCell_L23_PC_cAD_HH_full_31538.apic_9(0) had previously been connected to parent compartCell_L23_PC_cAD_HH_full_31538.apic_8(1)
Notice: compartCell_L23_PC_cAD_HH_full_31538.axon_0(0) had previously been connected to parent compartCell_L23_PC_cAD_HH_full_31538.soma(1)
Notice: compartCell_L23_PC_cAD_HH_full_31538.axon_1(0) had previously been connected to parent compartCell_L23_PC_cAD_HH_full_31538.axon_0(1)
Notice: compartCell_L23_PC_cAD_HH_full_31538.dend_0(0) had previously been connected to parent compartCell_L23_PC_cAD_HH_full_31538.soma(0.5)
Notice: compartCell_L23_PC_cAD_HH_full_31538.dend_1(0) had previously been connected to parent compartCell_L23_PC_cAD_HH_full_31538.dend_0(1)
Notice: compartCell_L23_PC_cAD_HH_full_31538.dend_10(0) had previously been connected to parent compartCell_L23_PC_cAD_HH_full_31538.dend_9(1)
Notice: compartCell_L23_PC_cAD_HH_full_31538.dend_11(0) had previously been connected to parent compartCell_L23_PC_cAD_HH_full_31538.dend_9(1)
Notice: compartCell_L23_PC_cAD_HH_full_31538.dend_12(0) had previously been connected to parent compartCell_L23_PC_cAD_HH_full_31538.soma(0.5)
Notice: compartCell_L23_PC_cAD_HH_full_31538.dend_13(0) had previously been connected to parent compartCell_L23_PC_cAD_HH_full_31538.soma(0.5)
Notice: compartCell_L23_PC_cAD_HH_full_31538.dend_14(0) had previously been connected to parent compartCell_L23_PC_cAD_HH_full_31538.soma(0.5)
Notice: compartCell_L23_PC_cAD_HH_full_31538.dend_15(0) had previously been connected to parent compartCell_L23_PC_cAD_HH_full_31538.soma(0.5)
Notice: compartCell_L23_PC_cAD_HH_full_31538.dend_2(0) had previously been connected to parent compartCell_L23_PC_cAD_HH_full_31538.dend_1(1)
Notice: compartCell_L23_PC_cAD_HH_full_31538.dend_3(0) had previously been connected to parent compartCell_L23_PC_cAD_HH_full_31538.dend_1(1)
Notice: compartCell_L23_PC_cAD_HH_full_31538.dend_4(0) had previously been connected to parent compartCell_L23_PC_cAD_HH_full_31538.dend_0(1)
Notice: compartCell_L23_PC_cAD_HH_full_31538.dend_5(0) had previously been connected to parent compartCell_L23_PC_cAD_HH_full_31538.dend_4(1)
Notice: compartCell_L23_PC_cAD_HH_full_31538.dend_6(0) had previously been connected to parent compartCell_L23_PC_cAD_HH_full_31538.dend_5(1)
Notice: compartCell_L23_PC_cAD_HH_full_31538.dend_7(0) had previously been connected to parent compartCell_L23_PC_cAD_HH_full_31538.dend_5(1)
Notice: compartCell_L23_PC_cAD_HH_full_31538.dend_8(0) had previously been connected to parent compartCell_L23_PC_cAD_HH_full_31538.dend_4(1)
Notice: compartCell_L23_PC_cAD_HH_full_31538.dend_9(0) had previously been connected to parent compartCell_L23_PC_cAD_HH_full_31538.soma(0.5)
>>> >>> >>> >>> >>> >>> >>> >>> >>> >>> >>> >>> >>> >>> >>> >>> >>> >>> >>> >>> >>> >>> >>> >>> >>> >>> >>> >>> >>> >>> >>> >>> >>> >>> >>> >>> >>> >>> >>> >>> >>> >>> >>> >>> >>> >>> >>> >>> >>> >>> >>> >>> >>> >>> >>> >>> >>> >>> >>> >>> >>> >>> >>> >>> >>> >>> >>> >>> >>> >>> >>> >>> >>> >>> >>> >>> >>> >>> >>> >>> >>> >>> >>> >>> >>> >>> >>> >>> >>> >>> >>> >>> >>> >>> >>> >>> >>> >>> >>> >>> >>> >>> >>> >>> >>> >>> >>> >>> >>> >>> >>> >>> >>> >>> >>> >>> >>> >>> >>> >>> >>> >>> >>> >>> >>> >>> >>> >>> >>> >>> >>> >>> >>> >>> >>> >>> >>> >>> >>> >>> >>> >>> >>> >>> >>> >>> >>> >>> >>> >>> >>> >>> >>> >>> >>> >>> >>> >>> >>> >>> >>> >>> >>> >>> >>> >>> >>> >>> >>> >>> >>> >>> >>> >>> >>> >>> >>> >>> >>> >>> >>> >>> >>> >>> >>> >>> >>> >>> >>> >>> >>> >>> >>> >>> >>> >>> >>> >>> >>> >>> >>> >>> >>> >>> >>> >>> >>> >>> >>> >>> >>> >>> >>> >>> >>> >>> >>> >>> >>> >>> >>> >>> >>> >>> 
