NEURON -- VERSION 8.0.0 HEAD (429d11ef) 2021-04-30
Duke, Yale, and the BlueBrain Project -- Copyright 1984-2021
See http://neuron.yale.edu/neuron/credits

Additional mechanisms from files
 "mod//ar_traub.mod" "mod//cadad.mod" "mod//CaDynamics_E2.mod" "mod//cadyn.mod" "mod//cagk.mod" "mod//Ca_HVA.mod" "mod//cal_mh.mod" "mod//cal_mig.mod" "mod//Ca_LVAst.mod" "mod//Ca.mod" "mod//cancr.mod" "mod//canin.mod" "mod//can_mig.mod" "mod//catcb.mod" "mod//cat_mig.mod" "mod//cat_traub.mod" "mod//ch_CavL.mod" "mod//ch_CavN.mod" "mod//ch_KCaS.mod" "mod//ch_Kdrfastngf.mod" "mod//ch_KvAngf.mod" "mod//ch_KvCaB.mod" "mod//ch_leak.mod" "mod//ch_Navngf.mod" "mod//DetAMPANMDA.mod" "mod//DetGABAAB.mod" "mod//gabab.mod" "mod//h_BS.mod" "mod//HCN1.mod" "mod//HH2.mod" "mod//h_harnett.mod" "mod//hin.mod" "mod//h_kole.mod" "mod//h_migliore.mod" "mod//htc.mod" "mod//ican_sidi.mod" "mod//iccr.mod" "mod//IC.mod" "mod//iconc_Ca.mod" "mod//Ih.mod" "mod//ikscr.mod" "mod//IKsin.mod" "mod//Im.mod" "mod//IT2.mod" "mod//IT.mod" "mod//kap_BS.mod" "mod//kapcb.mod" "mod//kapin.mod" "mod//kBK.mod" "mod//kca.mod" "mod//kctin.mod" "mod//kdmc_BS.mod" "mod//kdr_BS.mod" "mod//kdrcr.mod" "mod//kdrin.mod" "mod//KdShu2007.mod" "mod//kl.mod" "mod//km.mod" "mod//K_Pst.mod" "mod//K_Tst.mod" "mod//kv.mod" "mod//MyExp2SynBB.mod" "mod//my_exp2syn.mod" "mod//MyExp2SynNMDABB.mod" "mod//nafcr.mod" "mod//nafx.mod" "mod//Nap_Et2.mod" "mod//nap_sidi.mod" "mod//NaTa_t.mod" "mod//NaTs2_t.mod" "mod//nax_BS.mod" "mod//naz.mod" "mod//Nca.mod" "mod//ProbAMPANMDA_EMS.mod" "mod//ProbGABAAB_EMS.mod" "mod//savedist.mod" "mod//SK_E2.mod" "mod//SKv3_1.mod" "mod//StochKv_deterministic.mod" "mod//StochKv_det.mod" "mod//StochKv.mod" "mod//tia.mod" "mod//vecstim.mod"
Notice: compartCell_L5_TTPC1_cAD_HH_full_20.apic_0(0) had previously been connected to parent compartCell_L5_TTPC1_cAD_HH_full_20.soma(0.5)
Notice: compartCell_L5_TTPC1_cAD_HH_full_20.apic_1(0) had previously been connected to parent compartCell_L5_TTPC1_cAD_HH_full_20.apic_0(1)
Notice: compartCell_L5_TTPC1_cAD_HH_full_20.apic_10(0) had previously been connected to parent compartCell_L5_TTPC1_cAD_HH_full_20.apic_8(1)
Notice: compartCell_L5_TTPC1_cAD_HH_full_20.apic_100(0) had previously been connected to parent compartCell_L5_TTPC1_cAD_HH_full_20.apic_99(1)
Notice: compartCell_L5_TTPC1_cAD_HH_full_20.apic_101(0) had previously been connected to parent compartCell_L5_TTPC1_cAD_HH_full_20.apic_100(1)
Notice: compartCell_L5_TTPC1_cAD_HH_full_20.apic_102(0) had previously been connected to parent compartCell_L5_TTPC1_cAD_HH_full_20.apic_100(1)
Notice: compartCell_L5_TTPC1_cAD_HH_full_20.apic_103(0) had previously been connected to parent compartCell_L5_TTPC1_cAD_HH_full_20.apic_99(1)
Notice: compartCell_L5_TTPC1_cAD_HH_full_20.apic_104(0) had previously been connected to parent compartCell_L5_TTPC1_cAD_HH_full_20.apic_98(1)
Notice: compartCell_L5_TTPC1_cAD_HH_full_20.apic_105(0) had previously been connected to parent compartCell_L5_TTPC1_cAD_HH_full_20.apic_104(1)
Notice: compartCell_L5_TTPC1_cAD_HH_full_20.apic_106(0) had previously been connected to parent compartCell_L5_TTPC1_cAD_HH_full_20.apic_105(1)
Notice: compartCell_L5_TTPC1_cAD_HH_full_20.apic_107(0) had previously been connected to parent compartCell_L5_TTPC1_cAD_HH_full_20.apic_105(1)
Notice: compartCell_L5_TTPC1_cAD_HH_full_20.apic_108(0) had previously been connected to parent compartCell_L5_TTPC1_cAD_HH_full_20.apic_107(1)
Notice: compartCell_L5_TTPC1_cAD_HH_full_20.apic_109(0) had previously been connected to parent compartCell_L5_TTPC1_cAD_HH_full_20.apic_108(1)
Notice: compartCell_L5_TTPC1_cAD_HH_full_20.apic_11(0) had previously been connected to parent compartCell_L5_TTPC1_cAD_HH_full_20.apic_7(1)
Notice: compartCell_L5_TTPC1_cAD_HH_full_20.apic_110(0) had previously been connected to parent compartCell_L5_TTPC1_cAD_HH_full_20.apic_108(1)
Notice: compartCell_L5_TTPC1_cAD_HH_full_20.apic_111(0) had previously been connected to parent compartCell_L5_TTPC1_cAD_HH_full_20.apic_107(1)
Notice: compartCell_L5_TTPC1_cAD_HH_full_20.apic_112(0) had previously been connected to parent compartCell_L5_TTPC1_cAD_HH_full_20.apic_104(1)
Notice: compartCell_L5_TTPC1_cAD_HH_full_20.apic_113(0) had previously been connected to parent compartCell_L5_TTPC1_cAD_HH_full_20.apic_17(1)
Notice: compartCell_L5_TTPC1_cAD_HH_full_20.apic_114(0) had previously been connected to parent compartCell_L5_TTPC1_cAD_HH_full_20.apic_0(1)
Notice: compartCell_L5_TTPC1_cAD_HH_full_20.apic_115(0) had previously been connected to parent compartCell_L5_TTPC1_cAD_HH_full_20.apic_114(1)
Notice: compartCell_L5_TTPC1_cAD_HH_full_20.apic_116(0) had previously been connected to parent compartCell_L5_TTPC1_cAD_HH_full_20.apic_115(1)
Notice: compartCell_L5_TTPC1_cAD_HH_full_20.apic_117(0) had previously been connected to parent compartCell_L5_TTPC1_cAD_HH_full_20.apic_116(1)
Notice: compartCell_L5_TTPC1_cAD_HH_full_20.apic_118(0) had previously been connected to parent compartCell_L5_TTPC1_cAD_HH_full_20.apic_117(1)
Notice: compartCell_L5_TTPC1_cAD_HH_full_20.apic_119(0) had previously been connected to parent compartCell_L5_TTPC1_cAD_HH_full_20.apic_117(1)
Notice: compartCell_L5_TTPC1_cAD_HH_full_20.apic_12(0) had previously been connected to parent compartCell_L5_TTPC1_cAD_HH_full_20.apic_6(1)
Notice: compartCell_L5_TTPC1_cAD_HH_full_20.apic_120(0) had previously been connected to parent compartCell_L5_TTPC1_cAD_HH_full_20.apic_116(1)
Notice: compartCell_L5_TTPC1_cAD_HH_full_20.apic_121(0) had previously been connected to parent compartCell_L5_TTPC1_cAD_HH_full_20.apic_115(1)
Notice: compartCell_L5_TTPC1_cAD_HH_full_20.apic_122(0) had previously been connected to parent compartCell_L5_TTPC1_cAD_HH_full_20.apic_114(1)
Notice: compartCell_L5_TTPC1_cAD_HH_full_20.apic_13(0) had previously been connected to parent compartCell_L5_TTPC1_cAD_HH_full_20.apic_12(1)
Notice: compartCell_L5_TTPC1_cAD_HH_full_20.apic_14(0) had previously been connected to parent compartCell_L5_TTPC1_cAD_HH_full_20.apic_12(1)
Notice: compartCell_L5_TTPC1_cAD_HH_full_20.apic_15(0) had previously been connected to parent compartCell_L5_TTPC1_cAD_HH_full_20.apic_14(1)
Notice: compartCell_L5_TTPC1_cAD_HH_full_20.apic_16(0) had previously been connected to parent compartCell_L5_TTPC1_cAD_HH_full_20.apic_14(1)
Notice: compartCell_L5_TTPC1_cAD_HH_full_20.apic_17(0) had previously been connected to parent compartCell_L5_TTPC1_cAD_HH_full_20.apic_5(1)
Notice: compartCell_L5_TTPC1_cAD_HH_full_20.apic_18(0) had previously been connected to parent compartCell_L5_TTPC1_cAD_HH_full_20.apic_17(1)
Notice: compartCell_L5_TTPC1_cAD_HH_full_20.apic_19(0) had previously been connected to parent compartCell_L5_TTPC1_cAD_HH_full_20.apic_18(1)
Notice: compartCell_L5_TTPC1_cAD_HH_full_20.apic_2(0) had previously been connected to parent compartCell_L5_TTPC1_cAD_HH_full_20.apic_1(1)
Notice: compartCell_L5_TTPC1_cAD_HH_full_20.apic_20(0) had previously been connected to parent compartCell_L5_TTPC1_cAD_HH_full_20.apic_19(1)
Notice: compartCell_L5_TTPC1_cAD_HH_full_20.apic_21(0) had previously been connected to parent compartCell_L5_TTPC1_cAD_HH_full_20.apic_20(1)
Notice: compartCell_L5_TTPC1_cAD_HH_full_20.apic_22(0) had previously been connected to parent compartCell_L5_TTPC1_cAD_HH_full_20.apic_21(1)
Notice: compartCell_L5_TTPC1_cAD_HH_full_20.apic_23(0) had previously been connected to parent compartCell_L5_TTPC1_cAD_HH_full_20.apic_21(1)
Notice: compartCell_L5_TTPC1_cAD_HH_full_20.apic_24(0) had previously been connected to parent compartCell_L5_TTPC1_cAD_HH_full_20.apic_20(1)
Notice: compartCell_L5_TTPC1_cAD_HH_full_20.apic_25(0) had previously been connected to parent compartCell_L5_TTPC1_cAD_HH_full_20.apic_24(1)
Notice: compartCell_L5_TTPC1_cAD_HH_full_20.apic_26(0) had previously been connected to parent compartCell_L5_TTPC1_cAD_HH_full_20.apic_24(1)
Notice: compartCell_L5_TTPC1_cAD_HH_full_20.apic_27(0) had previously been connected to parent compartCell_L5_TTPC1_cAD_HH_full_20.apic_19(1)
Notice: compartCell_L5_TTPC1_cAD_HH_full_20.apic_28(0) had previously been connected to parent compartCell_L5_TTPC1_cAD_HH_full_20.apic_27(1)
Notice: compartCell_L5_TTPC1_cAD_HH_full_20.apic_29(0) had previously been connected to parent compartCell_L5_TTPC1_cAD_HH_full_20.apic_27(1)
Notice: compartCell_L5_TTPC1_cAD_HH_full_20.apic_3(0) had previously been connected to parent compartCell_L5_TTPC1_cAD_HH_full_20.apic_1(1)
Notice: compartCell_L5_TTPC1_cAD_HH_full_20.apic_30(0) had previously been connected to parent compartCell_L5_TTPC1_cAD_HH_full_20.apic_18(1)
Notice: compartCell_L5_TTPC1_cAD_HH_full_20.apic_31(0) had previously been connected to parent compartCell_L5_TTPC1_cAD_HH_full_20.apic_30(1)
Notice: compartCell_L5_TTPC1_cAD_HH_full_20.apic_32(0) had previously been connected to parent compartCell_L5_TTPC1_cAD_HH_full_20.apic_31(1)
Notice: compartCell_L5_TTPC1_cAD_HH_full_20.apic_33(0) had previously been connected to parent compartCell_L5_TTPC1_cAD_HH_full_20.apic_31(1)
Notice: compartCell_L5_TTPC1_cAD_HH_full_20.apic_34(0) had previously been connected to parent compartCell_L5_TTPC1_cAD_HH_full_20.apic_30(1)
Notice: compartCell_L5_TTPC1_cAD_HH_full_20.apic_35(0) had previously been connected to parent compartCell_L5_TTPC1_cAD_HH_full_20.apic_34(1)
Notice: compartCell_L5_TTPC1_cAD_HH_full_20.apic_36(0) had previously been connected to parent compartCell_L5_TTPC1_cAD_HH_full_20.apic_34(1)
Notice: compartCell_L5_TTPC1_cAD_HH_full_20.apic_37(0) had previously been connected to parent compartCell_L5_TTPC1_cAD_HH_full_20.apic_36(1)
Notice: compartCell_L5_TTPC1_cAD_HH_full_20.apic_38(0) had previously been connected to parent compartCell_L5_TTPC1_cAD_HH_full_20.apic_36(1)
Notice: compartCell_L5_TTPC1_cAD_HH_full_20.apic_39(0) had previously been connected to parent compartCell_L5_TTPC1_cAD_HH_full_20.apic_38(1)
Notice: compartCell_L5_TTPC1_cAD_HH_full_20.apic_4(0) had previously been connected to parent compartCell_L5_TTPC1_cAD_HH_full_20.apic_3(1)
Notice: compartCell_L5_TTPC1_cAD_HH_full_20.apic_40(0) had previously been connected to parent compartCell_L5_TTPC1_cAD_HH_full_20.apic_38(1)
Notice: compartCell_L5_TTPC1_cAD_HH_full_20.apic_41(0) had previously been connected to parent compartCell_L5_TTPC1_cAD_HH_full_20.apic_40(1)
Notice: compartCell_L5_TTPC1_cAD_HH_full_20.apic_42(0) had previously been connected to parent compartCell_L5_TTPC1_cAD_HH_full_20.apic_41(1)
Notice: compartCell_L5_TTPC1_cAD_HH_full_20.apic_43(0) had previously been connected to parent compartCell_L5_TTPC1_cAD_HH_full_20.apic_42(1)
Notice: compartCell_L5_TTPC1_cAD_HH_full_20.apic_44(0) had previously been connected to parent compartCell_L5_TTPC1_cAD_HH_full_20.apic_43(1)
Notice: compartCell_L5_TTPC1_cAD_HH_full_20.apic_45(0) had previously been connected to parent compartCell_L5_TTPC1_cAD_HH_full_20.apic_43(1)
Notice: compartCell_L5_TTPC1_cAD_HH_full_20.apic_46(0) had previously been connected to parent compartCell_L5_TTPC1_cAD_HH_full_20.apic_42(1)
Notice: compartCell_L5_TTPC1_cAD_HH_full_20.apic_47(0) had previously been connected to parent compartCell_L5_TTPC1_cAD_HH_full_20.apic_41(1)
Notice: compartCell_L5_TTPC1_cAD_HH_full_20.apic_48(0) had previously been connected to parent compartCell_L5_TTPC1_cAD_HH_full_20.apic_47(1)
Notice: compartCell_L5_TTPC1_cAD_HH_full_20.apic_49(0) had previously been connected to parent compartCell_L5_TTPC1_cAD_HH_full_20.apic_48(1)
Notice: compartCell_L5_TTPC1_cAD_HH_full_20.apic_5(0) had previously been connected to parent compartCell_L5_TTPC1_cAD_HH_full_20.apic_3(1)
Notice: compartCell_L5_TTPC1_cAD_HH_full_20.apic_50(0) had previously been connected to parent compartCell_L5_TTPC1_cAD_HH_full_20.apic_48(1)
Notice: compartCell_L5_TTPC1_cAD_HH_full_20.apic_51(0) had previously been connected to parent compartCell_L5_TTPC1_cAD_HH_full_20.apic_47(1)
Notice: compartCell_L5_TTPC1_cAD_HH_full_20.apic_52(0) had previously been connected to parent compartCell_L5_TTPC1_cAD_HH_full_20.apic_40(1)
Notice: compartCell_L5_TTPC1_cAD_HH_full_20.apic_53(0) had previously been connected to parent compartCell_L5_TTPC1_cAD_HH_full_20.apic_52(1)
Notice: compartCell_L5_TTPC1_cAD_HH_full_20.apic_54(0) had previously been connected to parent compartCell_L5_TTPC1_cAD_HH_full_20.apic_52(1)
Notice: compartCell_L5_TTPC1_cAD_HH_full_20.apic_55(0) had previously been connected to parent compartCell_L5_TTPC1_cAD_HH_full_20.apic_54(1)
Notice: compartCell_L5_TTPC1_cAD_HH_full_20.apic_56(0) had previously been connected to parent compartCell_L5_TTPC1_cAD_HH_full_20.apic_55(1)
Notice: compartCell_L5_TTPC1_cAD_HH_full_20.apic_57(0) had previously been connected to parent compartCell_L5_TTPC1_cAD_HH_full_20.apic_56(1)
Notice: compartCell_L5_TTPC1_cAD_HH_full_20.apic_58(0) had previously been connected to parent compartCell_L5_TTPC1_cAD_HH_full_20.apic_56(1)
Notice: compartCell_L5_TTPC1_cAD_HH_full_20.apic_59(0) had previously been connected to parent compartCell_L5_TTPC1_cAD_HH_full_20.apic_55(1)
Notice: compartCell_L5_TTPC1_cAD_HH_full_20.apic_6(0) had previously been connected to parent compartCell_L5_TTPC1_cAD_HH_full_20.apic_5(1)
Notice: compartCell_L5_TTPC1_cAD_HH_full_20.apic_60(0) had previously been connected to parent compartCell_L5_TTPC1_cAD_HH_full_20.apic_59(1)
Notice: compartCell_L5_TTPC1_cAD_HH_full_20.apic_61(0) had previously been connected to parent compartCell_L5_TTPC1_cAD_HH_full_20.apic_59(1)
Notice: compartCell_L5_TTPC1_cAD_HH_full_20.apic_62(0) had previously been connected to parent compartCell_L5_TTPC1_cAD_HH_full_20.apic_61(1)
Notice: compartCell_L5_TTPC1_cAD_HH_full_20.apic_63(0) had previously been connected to parent compartCell_L5_TTPC1_cAD_HH_full_20.apic_61(1)
Notice: compartCell_L5_TTPC1_cAD_HH_full_20.apic_64(0) had previously been connected to parent compartCell_L5_TTPC1_cAD_HH_full_20.apic_54(1)
Notice: compartCell_L5_TTPC1_cAD_HH_full_20.apic_65(0) had previously been connected to parent compartCell_L5_TTPC1_cAD_HH_full_20.apic_64(1)
Notice: compartCell_L5_TTPC1_cAD_HH_full_20.apic_66(0) had previously been connected to parent compartCell_L5_TTPC1_cAD_HH_full_20.apic_64(1)
Notice: compartCell_L5_TTPC1_cAD_HH_full_20.apic_67(0) had previously been connected to parent compartCell_L5_TTPC1_cAD_HH_full_20.apic_66(1)
Notice: compartCell_L5_TTPC1_cAD_HH_full_20.apic_68(0) had previously been connected to parent compartCell_L5_TTPC1_cAD_HH_full_20.apic_67(1)
Notice: compartCell_L5_TTPC1_cAD_HH_full_20.apic_69(0) had previously been connected to parent compartCell_L5_TTPC1_cAD_HH_full_20.apic_67(1)
Notice: compartCell_L5_TTPC1_cAD_HH_full_20.apic_7(0) had previously been connected to parent compartCell_L5_TTPC1_cAD_HH_full_20.apic_6(1)
Notice: compartCell_L5_TTPC1_cAD_HH_full_20.apic_70(0) had previously been connected to parent compartCell_L5_TTPC1_cAD_HH_full_20.apic_69(1)
Notice: compartCell_L5_TTPC1_cAD_HH_full_20.apic_71(0) had previously been connected to parent compartCell_L5_TTPC1_cAD_HH_full_20.apic_70(1)
Notice: compartCell_L5_TTPC1_cAD_HH_full_20.apic_72(0) had previously been connected to parent compartCell_L5_TTPC1_cAD_HH_full_20.apic_71(1)
Notice: compartCell_L5_TTPC1_cAD_HH_full_20.apic_73(0) had previously been connected to parent compartCell_L5_TTPC1_cAD_HH_full_20.apic_72(1)
Notice: compartCell_L5_TTPC1_cAD_HH_full_20.apic_74(0) had previously been connected to parent compartCell_L5_TTPC1_cAD_HH_full_20.apic_72(1)
Notice: compartCell_L5_TTPC1_cAD_HH_full_20.apic_75(0) had previously been connected to parent compartCell_L5_TTPC1_cAD_HH_full_20.apic_71(1)
Notice: compartCell_L5_TTPC1_cAD_HH_full_20.apic_76(0) had previously been connected to parent compartCell_L5_TTPC1_cAD_HH_full_20.apic_70(1)
Notice: compartCell_L5_TTPC1_cAD_HH_full_20.apic_77(0) had previously been connected to parent compartCell_L5_TTPC1_cAD_HH_full_20.apic_69(1)
Notice: compartCell_L5_TTPC1_cAD_HH_full_20.apic_78(0) had previously been connected to parent compartCell_L5_TTPC1_cAD_HH_full_20.apic_77(1)
Notice: compartCell_L5_TTPC1_cAD_HH_full_20.apic_79(0) had previously been connected to parent compartCell_L5_TTPC1_cAD_HH_full_20.apic_78(1)
Notice: compartCell_L5_TTPC1_cAD_HH_full_20.apic_8(0) had previously been connected to parent compartCell_L5_TTPC1_cAD_HH_full_20.apic_7(1)
Notice: compartCell_L5_TTPC1_cAD_HH_full_20.apic_80(0) had previously been connected to parent compartCell_L5_TTPC1_cAD_HH_full_20.apic_78(1)
Notice: compartCell_L5_TTPC1_cAD_HH_full_20.apic_81(0) had previously been connected to parent compartCell_L5_TTPC1_cAD_HH_full_20.apic_80(1)
Notice: compartCell_L5_TTPC1_cAD_HH_full_20.apic_82(0) had previously been connected to parent compartCell_L5_TTPC1_cAD_HH_full_20.apic_80(1)
Notice: compartCell_L5_TTPC1_cAD_HH_full_20.apic_83(0) had previously been connected to parent compartCell_L5_TTPC1_cAD_HH_full_20.apic_77(1)
Notice: compartCell_L5_TTPC1_cAD_HH_full_20.apic_84(0) had previously been connected to parent compartCell_L5_TTPC1_cAD_HH_full_20.apic_83(1)
Notice: compartCell_L5_TTPC1_cAD_HH_full_20.apic_85(0) had previously been connected to parent compartCell_L5_TTPC1_cAD_HH_full_20.apic_84(1)
Notice: compartCell_L5_TTPC1_cAD_HH_full_20.apic_86(0) had previously been connected to parent compartCell_L5_TTPC1_cAD_HH_full_20.apic_85(1)
Notice: compartCell_L5_TTPC1_cAD_HH_full_20.apic_87(0) had previously been connected to parent compartCell_L5_TTPC1_cAD_HH_full_20.apic_85(1)
Notice: compartCell_L5_TTPC1_cAD_HH_full_20.apic_88(0) had previously been connected to parent compartCell_L5_TTPC1_cAD_HH_full_20.apic_87(1)
Notice: compartCell_L5_TTPC1_cAD_HH_full_20.apic_89(0) had previously been connected to parent compartCell_L5_TTPC1_cAD_HH_full_20.apic_88(1)
Notice: compartCell_L5_TTPC1_cAD_HH_full_20.apic_9(0) had previously been connected to parent compartCell_L5_TTPC1_cAD_HH_full_20.apic_8(1)
Notice: compartCell_L5_TTPC1_cAD_HH_full_20.apic_90(0) had previously been connected to parent compartCell_L5_TTPC1_cAD_HH_full_20.apic_88(1)
Notice: compartCell_L5_TTPC1_cAD_HH_full_5.apic_0(0)Notice: compartCell_L5_TTPC1_cAD_HH_full_20.apic_91(0) had previously been connected to parent compartCell_L5_TTPC1_cAD_HH_full_20.apic_87(1)
Notice: compartCell_L5_TTPC1_cAD_HH_full_20.apic_92(0) had previously been connected to parent compartCell_L5_TTPC1_cAD_HH_full_20.apic_84(1)
Notice: compartCell_L5_TTPC1_cAD_HH_full_20.apic_93(0) had previously been connected to parent compartCell_L5_TTPC1_cAD_HH_full_20.apic_92(1)
Notice: compartCell_L5_TTPC1_cAD_HH_full_20.apic_94(0) had previously been connected to parent compartCell_L5_TTPC1_cAD_HH_full_20.apic_92(1)
Notice: compartCell_L5_TTPC1_cAD_HH_full_20.apic_95(0) had previously been connected to parent compartCell_L5_TTPC1_cAD_HH_full_20.apic_83(1)
Notice: compartCell_L5_TTPC1_cAD_HH_full_20.apic_96(0) had previously been connected to parent compartCell_L5_TTPC1_cAD_HH_full_20.apic_95(1)
Notice: compartCell_L5_TTPC1_cAD_HH_full_20.apic_97(0) had previously been connected to parent compartCell_L5_TTPC1_cAD_HH_full_20.apic_95(1)
Notice: compartCell_L5_TTPC1_cAD_HH_full_20.apic_98(0) had previously been connected to parent compartCell_L5_TTPC1_cAD_HH_full_20.apic_66(1)
Notice: compartCell_L5_TTPC1_cAD_HH_full_20.apic_99(0) had previously been connected to parent compartCell_L5_TTPC1_cAD_HH_full_20.apic_98(1)
Notice: compartCell_L5_TTPC1_cAD_HH_full_20.axon_0(0) had previously been connected to parent compartCell_L5_TTPC1_cAD_HH_full_20.soma(1)
Notice: compartCell_L5_TTPC1_cAD_HH_full_20.axon_1(0) had previously been connected to parent compartCell_L5_TTPC1_cAD_HH_full_20.axon_0(1)
Notice: compartCell_L5_TTPC1_cAD_HH_full_20.dend_0(0) had previously been connected to parent compartCell_L5_TTPC1_cAD_HH_full_20.soma(0.5)
Notice: compartCell_L5_TTPC1_cAD_HH_full_20.dend_1(0) had previously been connected to parent compartCell_L5_TTPC1_cAD_HH_full_20.dend_0(1)
Notice: compartCell_L5_TTPC1_cAD_HH_full_20.dend_10(0) had previously been connected to parent compartCell_L5_TTPC1_cAD_HH_full_20.soma(0.5)
Notice: compartCell_L5_TTPC1_cAD_HH_full_20.dend_11(0) had previously been connected to parent compartCell_L5_TTPC1_cAD_HH_full_20.dend_10(1)
Notice: compartCell_L5_TTPC1_cAD_HH_full_20.dend_12(0) had previously been connected to parent compartCell_L5_TTPC1_cAD_HH_full_20.dend_10(1)
Notice: compartCell_L5_TTPC1_cAD_HH_full_20.dend_13(0) had previously been connected to parent compartCell_L5_TTPC1_cAD_HH_full_20.dend_12(1)
Notice: compartCell_L5_TTPC1_cAD_HH_full_20.dend_14(0) had previously been connected to parent compartCell_L5_TTPC1_cAD_HH_full_20.dend_13(1)
Notice: compartCell_L5_TTPC1_cAD_HH_full_20.dend_15(0) had previously been connected to parent compartCell_L5_TTPC1_cAD_HH_full_20.dend_13(1)
Notice: compartCell_L5_TTPC1_cAD_HH_full_20.dend_16(0) had previously been connected to parent compartCell_L5_TTPC1_cAD_HH_full_20.dend_12(1)
Notice: compartCell_L5_TTPC1_cAD_HH_full_20.dend_17(0) had previously been connected to parent compartCell_L5_TTPC1_cAD_HH_full_20.soma(0.5)
Notice: compartCell_L5_TTPC1_cAD_HH_full_20.dend_18(0) had previously been connected to parent compartCell_L5_TTPC1_cAD_HH_full_20.dend_17(1)
Notice: compartCell_L5_TTPC1_cAD_HH_full_20.dend_19(0) had previously been connected to parent compartCell_L5_TTPC1_cAD_HH_full_20.dend_18(1)
Notice: compartCell_L5_TTPC1_cAD_HH_full_20.dend_2(0) had previously been connected to parent compartCell_L5_TTPC1_cAD_HH_full_20.dend_0(1)
Notice: compartCell_L5_TTPC1_cAD_HH_full_20.dend_20(0) had previously been connected to parent compartCell_L5_TTPC1_cAD_HH_full_20.dend_19(1)
Notice: compartCell_L5_TTPC1_cAD_HH_full_20.dend_21(0) had previously been connected to parent compartCell_L5_TTPC1_cAD_HH_full_20.dend_20(1)
Notice: compartCell_L5_TTPC1_cAD_HH_full_20.dend_22(0) had previously been connected to parent compartCell_L5_TTPC1_cAD_HH_full_20.dend_20(1)
Notice: compartCell_L5_TTPC1_cAD_HH_full_20.dend_23(0) had previously been connected to parent compartCell_L5_TTPC1_cAD_HH_full_20.dend_19(1)
Notice: compartCell_L5_TTPC1_cAD_HH_full_20.dend_24(0) had previously been connected to parent compartCell_L5_TTPC1_cAD_HH_full_20.dend_23(1)
Notice: compartCell_L5_TTPC1_cAD_HH_full_20.dend_25(0) had previously been connected to parent compartCell_L5_TTPC1_cAD_HH_full_20.dend_23(1)
Notice: compartCell_L5_TTPC1_cAD_HH_full_20.dend_26(0) had previously been connected to parent compartCell_L5_TTPC1_cAD_HH_full_20.dend_18(1)
Notice: compartCell_L5_TTPC1_cAD_HH_full_20.dend_27(0) had previously been connected to parent compartCell_L5_TTPC1_cAD_HH_full_20.dend_26(1)
Notice: compartCell_L5_TTPC1_cAD_HH_full_20.dend_28(0) had previously been connected to parent compartCell_L5_TTPC1_cAD_HH_full_20.dend_26(1)
Notice: compartCell_L5_TTPC1_cAD_HH_full_20.dend_29(0) had previously been connected to parent compartCell_L5_TTPC1_cAD_HH_full_20.dend_17(1)
Notice: compartCell_L5_TTPC1_cAD_HH_full_20.dend_3(0) had previously been connected to parent compartCell_L5_TTPC1_cAD_HH_full_20.soma(0.5)
Notice: compartCell_L5_TTPC1_cAD_HH_full_20.dend_30(0) had previously been connected to parent compartCell_L5_TTPC1_cAD_HH_full_20.dend_29(1)
Notice: compartCell_L5_TTPC1_cAD_HH_full_20.dend_31(0) had previously been connected to parent compartCell_L5_TTPC1_cAD_HH_full_20.dend_29(1)
Notice: compartCell_L5_TTPC1_cAD_HH_full_20.dend_32(0) had previously been connected to parent compartCell_L5_TTPC1_cAD_HH_full_20.soma(0.5)
Notice: compartCell_L5_TTPC1_cAD_HH_full_20.dend_33(0) had previously been connected to parent compartCell_L5_TTPC1_cAD_HH_full_20.dend_32(1)
Notice: compartCell_L5_TTPC1_cAD_HH_full_20.dend_34(0) had previously been connected to parent compartCell_L5_TTPC1_cAD_HH_full_20.dend_33(1)
Notice: compartCell_L5_TTPC1_cAD_HH_full_20.dend_35(0) had previously been connected to parent compartCell_L5_TTPC1_cAD_HH_full_20.dend_34(1)
Notice: compartCell_L5_TTPC1_cAD_HH_full_20.dend_36(0) had previously been connected to parent compartCell_L5_TTPC1_cAD_HH_full_20.dend_35(1)
Notice: compartCell_L5_TTPC1_cAD_HH_full_20.dend_37(0) had previously been connected to parent compartCell_L5_TTPC1_cAD_HH_full_20.dend_35(1)
Notice: compartCell_L5_TTPC1_cAD_HH_full_20.dend_38(0) had previously been connected to parent compartCell_L5_TTPC1_cAD_HH_full_20.dend_34(1)
Notice: compartCell_L5_TTPC1_cAD_HH_full_20.dend_39(0) had previously been connected to parent compartCell_L5_TTPC1_cAD_HH_full_20.dend_38(1)
Notice: compartCell_L5_TTPC1_cAD_HH_full_20.dend_4(0) had previously been connected to parent compartCell_L5_TTPC1_cAD_HH_full_20.dend_3(1)
Notice: compartCell_L5_TTPC1_cAD_HH_full_20.dend_40(0) had previously been connected to parent compartCell_L5_TTPC1_cAD_HH_full_20.dend_39(1)
Notice: compartCell_L5_TTPC1_cAD_HH_full_20.dend_41(0) had previously been connected to parent compartCell_L5_TTPC1_cAD_HH_full_20.dend_40(1)
Notice: compartCell_L5_TTPC1_cAD_HH_full_20.dend_42(0) had previously been connected to parent compartCell_L5_TTPC1_cAD_HH_full_20.dend_40(1)
Notice: compartCell_L5_TTPC1_cAD_HH_full_20.dend_43(0) had previously been connected to parent compartCell_L5_TTPC1_cAD_HH_full_20.dend_42(1)
Notice: compartCell_L5_TTPC1_cAD_HH_full_20.dend_44(0) had previously been connected to parent compartCell_L5_TTPC1_cAD_HH_full_20.dend_42(1)
Notice: compartCell_L5_TTPC1_cAD_HH_full_20.dend_45(0) had previously been connected to parent compartCell_L5_TTPC1_cAD_HH_full_20.dend_39(1)
Notice: compartCell_L5_TTPC1_cAD_HH_full_20.dend_46(0) had previously been connected to parent compartCell_L5_TTPC1_cAD_HH_full_20.dend_38(1)
Notice: compartCell_L5_TTPC1_cAD_HH_full_20.dend_47(0) had previously been connected to parent compartCell_L5_TTPC1_cAD_HH_full_20.dend_46(1)
Notice: compartCell_L5_TTPC1_cAD_HH_full_20.dend_48(0) had previously been connected to parent compartCell_L5_TTPC1_cAD_HH_full_20.dend_46(1)
Notice: compartCell_L5_TTPC1_cAD_HH_full_20.dend_49(0) had previously been connected to parent compartCell_L5_TTPC1_cAD_HH_full_20.dend_48(1)
Notice: compartCell_L5_TTPC1_cAD_HH_full_20.dend_5(0) had previously been connected to parent compartCell_L5_TTPC1_cAD_HH_full_20.dend_4(1)
Notice: compartCell_L5_TTPC1_cAD_HH_full_20.dend_50(0) had previously been connected to parent compartCell_L5_TTPC1_cAD_HH_full_20.dend_48(1)
Notice: compartCell_L5_TTPC1_cAD_HH_full_20.dend_51(0) had previously been connected to parent compartCell_L5_TTPC1_cAD_HH_full_20.dend_33(1)
Notice: compartCell_L5_TTPC1_cAD_HH_full_20.dend_52(0) had previously been connected to parent compartCell_L5_TTPC1_cAD_HH_full_20.dend_51(1)
Notice: compartCell_L5_TTPC1_cAD_HH_full_20.dend_53(0) had previously been connected to parent compartCell_L5_TTPC1_cAD_HH_full_20.dend_52(1)
Notice: compartCell_L5_TTPC1_cAD_HH_full_20.dend_54(0) had previously been connected to parent compartCell_L5_TTPC1_cAD_HH_full_20.dend_52(1)
Notice: compartCell_L5_TTPC1_cAD_HH_full_20.dend_55(0) had previously been connected to parent compartCell_L5_TTPC1_cAD_HH_full_20.dend_51(1)
Notice: compartCell_L5_TTPC1_cAD_HH_full_20.dend_56(0) had previously been connected to parent compartCell_L5_TTPC1_cAD_HH_full_20.dend_32(1)
Notice: compartCell_L5_TTPC1_cAD_HH_full_20.dend_57(0) had previously been connected to parent compartCell_L5_TTPC1_cAD_HH_full_20.soma(0.5)
Notice: compartCell_L5_TTPC1_cAD_HH_full_20.dend_58(0) had previously been connected to parent compartCell_L5_TTPC1_cAD_HH_full_20.dend_57(1)
Notice: compartCell_L5_TTPC1_cAD_HH_full_20.dend_59(0) had previously been connected to parent compartCell_L5_TTPC1_cAD_HH_full_20.dend_57(1)
Notice: compartCell_L5_TTPC1_cAD_HH_full_20.dend_6(0) had previously been connected to parent compartCell_L5_TTPC1_cAD_HH_full_20.dend_4(1)
Notice: compartCell_L5_TTPC1_cAD_HH_full_20.dend_60(0) had previously been connected to parent compartCell_L5_TTPC1_cAD_HH_full_20.soma(0.5)
Notice: compartCell_L5_TTPC1_cAD_HH_full_20.dend_61(0) had previously been connected to parent compartCell_L5_TTPC1_cAD_HH_full_20.dend_60(1)
Notice: compartCell_L5_TTPC1_cAD_HH_full_20.dend_62(0) had previously been connected to parent compartCell_L5_TTPC1_cAD_HH_full_20.dend_60(1)
Notice: compartCell_L5_TTPC1_cAD_HH_full_20.dend_63(0) had previously been connected to parent compartCell_L5_TTPC1_cAD_HH_full_20.soma(0.5)
Notice: compartCell_L5_TTPC1_cAD_HH_full_20.dend_64(0) had previously been connected to parent compartCell_L5_TTPC1_cAD_HH_full_20.dend_63(1)
Notice: compartCell_L5_TTPC1_cAD_HH_full_20.dend_65(0) had previously been connected to parent compartCell_L5_TTPC1_cAD_HH_full_20.dend_64(1)
Notice: compartCell_L5_TTPC1_cAD_HH_full_20.dend_66(0) had previously been connected to parent compartCell_L5_TTPC1_cAD_HH_full_20.dend_64(1)
Notice: compartCell_L5_TTPC1_cAD_HH_full_20.dend_67(0) had previously been connected to parent compartCell_L5_TTPC1_cAD_HH_full_20.dend_63(1)
Notice: compartCell_L5_TTPC1_cAD_HH_full_20.dend_68(0) had previously been connected to parent compartCell_L5_TTPC1_cAD_HH_full_20.soma(0.5)
Notice: compartCell_L5_TTPC1_cAD_HH_full_20.dend_69(0) had previously been connected to parent compartCell_L5_TTPC1_cAD_HH_full_20.dend_68(1)
Notice: compartCell_L5_TTPC1_cAD_HH_full_20.dend_7(0) had previously been connected to parent compartCell_L5_TTPC1_cAD_HH_full_20.dend_3(1)
Notice: compartCell_L5_TTPC1_cAD_HH_full_20.dend_70(0) had previously been connected to parent compartCell_L5_TTPC1_cAD_HH_full_20.dend_69(1)
Notice: compartCell_L5_TTPC1_cAD_HH_full_20.dend_71(0) had previously been connected to parent compartCell_L5_TTPC1_cAD_HH_full_20.dend_69(1)
Notice: compartCell_L5_TTPC1_cAD_HH_full_20.dend_72(0) had previously been connected to parent compartCell_L5_TTPC1_cAD_HH_full_20.dend_68(1)
Notice: compartCell_L5_TTPC1_cAD_HH_full_20.dend_73(0) had previously been connected to parent compartCell_L5_TTPC1_cAD_HH_full_20.soma(0.5)
Notice: compartCell_L5_TTPC1_cAD_HH_full_20.dend_74(0) had previously been connected to parent compartCell_L5_TTPC1_cAD_HH_full_20.dend_73(1)
Notice: compartCell_L5_TTPC1_cAD_HH_full_20.dend_75(0) had previously been connected to parent compartCell_L5_TTPC1_cAD_HH_full_20.dend_74(1)
Notice: compartCell_L5_TTPC1_cAD_HH_full_20.dend_76(0) had previously been connected to parent compartCell_L5_TTPC1_cAD_HH_full_20.dend_75(1)
Notice: compartCell_L5_TTPC1_cAD_HH_full_20.dend_77(0) had previously been connected to parent compartCell_L5_TTPC1_cAD_HH_full_20.dend_75(1)
Notice: compartCell_L5_TTPC1_cAD_HH_full_20.dend_78(0) had previously been connected to parent compartCell_L5_TTPC1_cAD_HH_full_20.dend_77(1)
Notice: compartCell_L5_TTPC1_cAD_HH_full_20.dend_79(0) had previously been connected to parent compartCell_L5_TTPC1_cAD_HH_full_20.dend_77(1)
Notice: compartCell_L5_TTPC1_cAD_HH_full_20.dend_8(0) had previously been connected to parent compartCell_L5_TTPC1_cAD_HH_full_20.dend_7(1)
Notice: compartCell_L5_TTPC1_cAD_HH_full_20.dend_80(0) had previously been connected to parent compartCell_L5_TTPC1_cAD_HH_full_20.dend_74(1)
Notice: compartCell_L5_TTPC1_cAD_HH_full_20.dend_81(0) had previously been connected to parent compartCell_L5_TTPC1_cAD_HH_full_20.dend_80(1)
Notice: compartCell_L5_TTPC1_cAD_HH_full_20.dend_82(0) had previously been connected to parent compartCell_L5_TTPC1_cAD_HH_full_20.dend_80(1)
Notice: compartCell_L5_TTPC1_cAD_HH_full_20.dend_9(0) had previously been connected to parent compartCell_L5_TTPC1_cAD_HH_full_20.dend_7(1)
 had previously been connected to parent compartCell_L5_TTPC1_cAD_HH_full_5.soma(0.5)
Notice: compartCell_L5_TTPC1_cAD_HH_full_5.apic_1(0) had previously been connected to parent compartCell_L5_TTPC1_cAD_HH_full_5.apic_0(1)
Notice: compartCell_L5_TTPC1_cAD_HH_full_5.apic_10(0) had previously been connected to parent compartCell_L5_TTPC1_cAD_HH_full_5.apic_8(1)
Notice: compartCell_L5_TTPC1_cAD_HH_full_5.apic_100(0) had previously been connected to parent compartCell_L5_TTPC1_cAD_HH_full_5.apic_99(1)
Notice: compartCell_L5_TTPC1_cAD_HH_full_5.apic_101(0) had previously been connected to parent compartCell_L5_TTPC1_cAD_HH_full_5.apic_100(1)
Notice: compartCell_L5_TTPC1_cAD_HH_full_5.apic_102(0) had previously been connected to parent compartCell_L5_TTPC1_cAD_HH_full_5.apic_100(1)
Notice: compartCell_L5_TTPC1_cAD_HH_full_5.apic_103(0) had previously been connected to parent compartCell_L5_TTPC1_cAD_HH_full_5.apic_99(1)
Notice: compartCell_L5_TTPC1_cAD_HH_full_5.apic_104(0) had previously been connected to parent compartCell_L5_TTPC1_cAD_HH_full_5.apic_98(1)
Notice: compartCell_L5_TTPC1_cAD_HH_full_5.apic_105(0) had previously been connected to parent compartCell_L5_TTPC1_cAD_HH_full_5.apic_104(1)
Notice: compartCell_L5_TTPC1_cAD_HH_full_5.apic_106(0) had previously been connected to parent compartCell_L5_TTPC1_cAD_HH_full_5.apic_105(1)
Notice: compartCell_L5_TTPC1_cAD_HH_full_5.apic_107(0) had previously been connected to parent compartCell_L5_TTPC1_cAD_HH_full_5.apic_105(1)
Notice: compartCell_L5_TTPC1_cAD_HH_full_5.apic_108(0) had previously been connected to parent compartCell_L5_TTPC1_cAD_HH_full_5.apic_107(1)
Notice: compartCell_L5_TTPC1_cAD_HH_full_5.apic_109(0) had previously been connected to parent compartCell_L5_TTPC1_cAD_HH_full_5.apic_108(1)
Notice: compartCell_L5_TTPC1_cAD_HH_full_5.apic_11(0) had previously been connected to parent compartCell_L5_TTPC1_cAD_HH_full_5.apic_7(1)
Notice: compartCell_L5_TTPC1_cAD_HH_full_5.apic_110(0) had previously been connected to parent compartCell_L5_TTPC1_cAD_HH_full_5.apic_108(1)
Notice: compartCell_L5_TTPC1_cAD_HH_full_5.apic_111(0) had previously been connected to parent compartCell_L5_TTPC1_cAD_HH_full_5.apic_107(1)
Notice: compartCell_L5_TTPC1_cAD_HH_full_5.apic_112(0) had previously been connected to parent compartCell_L5_TTPC1_cAD_HH_full_5.apic_104(1)
Notice: compartCell_L5_TTPC1_cAD_HH_full_5.apic_113(0) had previously been connected to parent compartCell_L5_TTPC1_cAD_HH_full_5.apic_17(1)
Notice: compartCell_L5_TTPC1_cAD_HH_full_5.apic_114(0) had previously been connected to parent compartCell_L5_TTPC1_cAD_HH_full_5.apic_0(1)
Notice: compartCell_L5_TTPC1_cAD_HH_full_5.apic_115(0) had previously been connected to parent compartCell_L5_TTPC1_cAD_HH_full_5.apic_114(1)
Notice: compartCell_L5_TTPC1_cAD_HH_full_5.apic_116(0) had previously been connected to parent compartCell_L5_TTPC1_cAD_HH_full_5.apic_115(1)
Notice: compartCell_L5_TTPC1_cAD_HH_full_5.apic_117(0) had previously been connected to parent compartCell_L5_TTPC1_cAD_HH_full_5.apic_116(1)
Notice: compartCell_L5_TTPC1_cAD_HH_full_5.apic_118(0) had previously been connected to parent compartCell_L5_TTPC1_cAD_HH_full_5.apic_117(1)
Notice: compartCell_L5_TTPC1_cAD_HH_full_5.apic_119(0) had previously been connected to parent compartCell_L5_TTPC1_cAD_HH_full_5.apic_117(1)
Notice: compartCell_L5_TTPC1_cAD_HH_full_5.apic_12(0) had previously been connected to parent compartCell_L5_TTPC1_cAD_HH_full_5.apic_6(1)
Notice: compartCell_L5_TTPC1_cAD_HH_full_5.apic_120(0) had previously been connected to parent compartCell_L5_TTPC1_cAD_HH_full_5.apic_116(1)
Notice: compartCell_L5_TTPC1_cAD_HH_full_5.apic_121(0) had previously been connected to parent compartCell_L5_TTPC1_cAD_HH_full_5.apic_115(1)
Notice: compartCell_L5_TTPC1_cAD_HH_full_5.apic_122(0) had previously been connected to parent compartCell_L5_TTPC1_cAD_HH_full_5.apic_114(1)
Notice: compartCell_L5_TTPC1_cAD_HH_full_5.apic_13(0) had previously been connected to parent compartCell_L5_TTPC1_cAD_HH_full_5.apic_12(1)
Notice: compartCell_L5_TTPC1_cAD_HH_full_5.apic_14(0) had previously been connected to parent compartCell_L5_TTPC1_cAD_HH_full_5.apic_12(1)
Notice: compartCell_L5_TTPC1_cAD_HH_full_5.apic_15(0) had previously been connected to parent compartCell_L5_TTPC1_cAD_HH_full_5.apic_14(1)
Notice: compartCell_L5_TTPC1_cAD_HH_full_5.apic_16(0) had previously been connected to parent compartCell_L5_TTPC1_cAD_HH_full_5.apic_14(1)
Notice: compartCell_L5_TTPC1_cAD_HH_full_5.apic_17(0) had previously been connected to parent compartCell_L5_TTPC1_cAD_HH_full_5.apic_5(1)
Notice: compartCell_L5_TTPC1_cAD_HH_full_5.apic_18(0) had previously been connected to parent compartCell_L5_TTPC1_cAD_HH_full_5.apic_17(1)
Notice: compartCell_L5_TTPC1_cAD_HH_full_5.apic_19(0) had previously been connected to parent compartCell_L5_TTPC1_cAD_HH_full_5.apic_18(1)
Notice: compartCell_L5_TTPC1_cAD_HH_full_5.apic_2(0) had previously been connected to parent compartCell_L5_TTPC1_cAD_HH_full_5.apic_1(1)
Notice: compartCell_L5_TTPC1_cAD_HH_full_5.apic_20(0) had previously been connected to parent compartCell_L5_TTPC1_cAD_HH_full_5.apic_19(1)
Notice: compartCell_L5_TTPC1_cAD_HH_full_5.apic_21(0) had previously been connected to parent compartCell_L5_TTPC1_cAD_HH_full_5.apic_20(1)
Notice: compartCell_L5_TTPC1_cAD_HH_full_5.apic_22(0) had previously been connected to parent compartCell_L5_TTPC1_cAD_HH_full_5.apic_21(1)
Notice: compartCell_L5_TTPC1_cAD_HH_full_5.apic_23(0) had previously been connected to parent compartCell_L5_TTPC1_cAD_HH_full_5.apic_21(1)
Notice: compartCell_L5_TTPC1_cAD_HH_full_5.apic_24(0) had previously been connected to parent compartCell_L5_TTPC1_cAD_HH_full_5.apic_20(1)
Notice: compartCell_L5_TTPC1_cAD_HH_full_5.apic_25(0) had previously been connected to parent compartCell_L5_TTPC1_cAD_HH_full_5.apic_24(1)
Notice: compartCell_L5_TTPC1_cAD_HH_full_5.apic_26(0) had previously been connected to parent compartCell_L5_TTPC1_cAD_HH_full_5.apic_24(1)
Notice: compartCell_L5_TTPC1_cAD_HH_full_5.apic_27(0) had previously been connected to parent compartCell_L5_TTPC1_cAD_HH_full_5.apic_19(1)
Notice: compartCell_L5_TTPC1_cAD_HH_full_5.apic_28(0) had previously been connected to parent compartCell_L5_TTPC1_cAD_HH_full_5.apic_27(1)
Notice: compartCell_L5_TTPC1_cAD_HH_full_5.apic_29(0) had previously been connected to parent compartCell_L5_TTPC1_cAD_HH_full_5.apic_27(1)
Notice: compartCell_L5_TTPC1_cAD_HH_full_5.apic_3(0) had previously been connected to parent compartCell_L5_TTPC1_cAD_HH_full_5.apic_1(1)
Notice: compartCell_L5_TTPC1_cAD_HH_full_5.apic_30(0) had previously been connected to parent compartCell_L5_TTPC1_cAD_HH_full_5.apic_18(1)
Notice: compartCell_L5_TTPC1_cAD_HH_full_5.apic_31(0) had previously been connected to parent compartCell_L5_TTPC1_cAD_HH_full_5.apic_30(1)
Notice: compartCell_L5_TTPC1_cAD_HH_full_5.apic_32(0) had previously been connected to parent compartCell_L5_TTPC1_cAD_HH_full_5.apic_31(1)
Notice: compartCell_L5_TTPC1_cAD_HH_full_5.apic_33(0) had previously been connected to parent compartCell_L5_TTPC1_cAD_HH_full_5.apic_31(1)
Notice: compartCell_L5_TTPC1_cAD_HH_full_5.apic_34(0) had previously been connected to parent compartCell_L5_TTPC1_cAD_HH_full_5.apic_30(1)
Notice: compartCell_L5_TTPC1_cAD_HH_full_5.apic_35(0) had previously been connected to parent compartCell_L5_TTPC1_cAD_HH_full_5.apic_34(1)
Notice: compartCell_L5_TTPC1_cAD_HH_full_5.apic_36(0) had previously been connected to parent compartCell_L5_TTPC1_cAD_HH_full_5.apic_34(1)
Notice: compartCell_L5_TTPC1_cAD_HH_full_5.apic_37(0) had previously been connected to parent compartCell_L5_TTPC1_cAD_HH_full_5.apic_36(1)
Notice: compartCell_L5_TTPC1_cAD_HH_full_5.apic_38(0) had previously been connected to parent compartCell_L5_TTPC1_cAD_HH_full_5.apic_36(1)
Notice: compartCell_L5_TTPC1_cAD_HH_full_5.apic_39(0) had previously been connected to parent compartCell_L5_TTPC1_cAD_HH_full_5.apic_38(1)
Notice: compartCell_L5_TTPC1_cAD_HH_full_5.apic_4(0) had previously been connected to parent compartCell_L5_TTPC1_cAD_HH_full_5.apic_3(1)
Notice: compartCell_L5_TTPC1_cAD_HH_full_5.apic_40(0) had previously been connected to parent compartCell_L5_TTPC1_cAD_HH_full_5.apic_38(1)
Notice: compartCell_L5_TTPC1_cAD_HH_full_5.apic_41(0) had previously been connected to parent compartCell_L5_TTPC1_cAD_HH_full_5.apic_40(1)
Notice: compartCell_L5_TTPC1_cAD_HH_full_5.apic_42(0) had previously been connected to parent compartCell_L5_TTPC1_cAD_HH_full_5.apic_41(1)
Notice: compartCell_L5_TTPC1_cAD_HH_full_5.apic_43(0) had previously been connected to parent compartCell_L5_TTPC1_cAD_HH_full_5.apic_42(1)
Notice: compartCell_L5_TTPC1_cAD_HH_full_5.apic_44(0) had previously been connected to parent compartCell_L5_TTPC1_cAD_HH_full_5.apic_43(1)
Notice: compartCell_L5_TTPC1_cAD_HH_full_5.apic_45(0) had previously been connected to parent compartCell_L5_TTPC1_cAD_HH_full_5.apic_43(1)
Notice: compartCell_L5_TTPC1_cAD_HH_full_5.apic_46(0) had previously been connected to parent compartCell_L5_TTPC1_cAD_HH_full_5.apic_42(1)
Notice: compartCell_L5_TTPC1_cAD_HH_full_5.apic_47(0) had previously been connected to parent compartCell_L5_TTPC1_cAD_HH_full_5.apic_41(1)
Notice: compartCell_L5_TTPC1_cAD_HH_full_5.apic_48(0) had previously been connected to parent compartCell_L5_TTPC1_cAD_HH_full_5.apic_47(1)
Notice: compartCell_L5_TTPC1_cAD_HH_full_5.apic_49(0) had previously been connected to parent compartCell_L5_TTPC1_cAD_HH_full_5.apic_48(1)
Notice: compartCell_L5_TTPC1_cAD_HH_full_5.apic_5(0) had previously been connected to parent compartCell_L5_TTPC1_cAD_HH_full_5.apic_3(1)
Notice: compartCell_L5_TTPC1_cAD_HH_full_5.apic_50(0) had previously been connected to parent compartCell_L5_TTPC1_cAD_HH_full_5.apic_48(1)
Notice: compartCell_L5_TTPC1_cAD_HH_full_5.apic_51(0) had previously been connected to parent compartCell_L5_TTPC1_cAD_HH_full_5.apic_47(1)
Notice: compartCell_L5_TTPC1_cAD_HH_full_5.apic_52(0) had previously been connected to parent compartCell_L5_TTPC1_cAD_HH_full_5.apic_40(1)
Notice: compartCell_L5_TTPC1_cAD_HH_full_5.apic_53(0) had previously been connected to parent compartCell_L5_TTPC1_cAD_HH_full_5.apic_52(1)
Notice: compartCell_L5_TTPC1_cAD_HH_full_5.apic_54(0) had previously been connected to parent compartCell_L5_TTPC1_cAD_HH_full_5.apic_52(1)
Notice: compartCell_L5_TTPC1_cAD_HH_full_5.apic_55(0) had previously been connected to parent compartCell_L5_TTPC1_cAD_HH_full_5.apic_54(1)
Notice: compartCell_L5_TTPC1_cAD_HH_full_5.apic_56(0) had previously been connected to parent compartCell_L5_TTPC1_cAD_HH_full_5.apic_55(1)
Notice: compartCell_L5_TTPC1_cAD_HH_full_5.apic_57(0) had previously been connected to parent compartCell_L5_TTPC1_cAD_HH_full_5.apic_56(1)
Notice: compartCell_L5_TTPC1_cAD_HH_full_5.apic_58(0) had previously been connected to parent compartCell_L5_TTPC1_cAD_HH_full_5.apic_56(1)
Notice: compartCell_L5_TTPC1_cAD_HH_full_5.apic_59(0) had previously been connected to parent compartCell_L5_TTPC1_cAD_HH_full_5.apic_55(1)
Notice: compartCell_L5_TTPC1_cAD_HH_full_5.apic_6(0) had previously been connected to parent compartCell_L5_TTPC1_cAD_HH_full_5.apic_5(1)
Notice: compartCell_L5_TTPC1_cAD_HH_full_5.apic_60(0) had previously been connected to parent compartCell_L5_TTPC1_cAD_HH_full_5.apic_59(1)
Notice: compartCell_L5_TTPC1_cAD_HH_full_5.apic_61(0) had previously been connected to parent compartCell_L5_TTPC1_cAD_HH_full_5.apic_59(1)
Notice: compartCell_L5_TTPC1_cAD_HH_full_5.apic_62(0) had previously been connected to parent compartCell_L5_TTPC1_cAD_HH_full_5.apic_61(1)
Notice: compartCell_L5_TTPC1_cAD_HH_full_5.apic_63(0) had previously been connected to parent compartCell_L5_TTPC1_cAD_HH_full_5.apic_61(1)
Notice: compartCell_L5_TTPC1_cAD_HH_full_5.apic_64(0) had previously been connected to parent compartCell_L5_TTPC1_cAD_HH_full_5.apic_54(1)
Notice: compartCell_L5_TTPC1_cAD_HH_full_5.apic_65(0) had previously been connected to parent compartCell_L5_TTPC1_cAD_HH_full_5.apic_64(1)
Notice: compartCell_L5_TTPC1_cAD_HH_full_5.apic_66(0) had previously been connected to parent compartCell_L5_TTPC1_cAD_HH_full_5.apic_64(1)
Notice: compartCell_L5_TTPC1_cAD_HH_full_5.apic_67(0) had previously been connected to parent compartCell_L5_TTPC1_cAD_HH_full_5.apic_66(1)
Notice: compartCell_L5_TTPC1_cAD_HH_full_5.apic_68(0) had previously been connected to parent compartCell_L5_TTPC1_cAD_HH_full_5.apic_67(1)
Notice: compartCell_L5_TTPC1_cAD_HH_full_5.apic_69(0) had previously been connected to parent compartCell_L5_TTPC1_cAD_HH_full_5.apic_67(1)
Notice: compartCell_L5_TTPC1_cAD_HH_full_5.apic_7(0) had previously been connected to parent compartCell_L5_TTPC1_cAD_HH_full_5.apic_6(1)
Notice: compartCell_L5_TTPC1_cAD_HH_full_5.apic_70(0) had previously been connected to parent compartCell_L5_TTPC1_cAD_HH_full_5.apic_69(1)
Notice: compartCell_L5_TTPC1_cAD_HH_full_5.apic_71(0) had previously been connected to parent compartCell_L5_TTPC1_cAD_HH_full_5.apic_70(1)
Notice: compartCell_L5_TTPC1_cAD_HH_full_5.apic_72(0) had previously been connected to parent compartCell_L5_TTPC1_cAD_HH_full_5.apic_71(1)
Notice: compartCell_L5_TTPC1_cAD_HH_full_5.apic_73(0) had previously been connected to parent compartCell_L5_TTPC1_cAD_HH_full_5.apic_72(1)
Notice: compartCell_L5_TTPC1_cAD_HH_full_5.apic_74(0) had previously been connected to parent compartCell_L5_TTPC1_cAD_HH_full_5.apic_72(1)
Notice: compartCell_L5_TTPC1_cAD_HH_full_5.apic_75(0) had previously been connected to parent compartCell_L5_TTPC1_cAD_HH_full_5.apic_71(1)
Notice: compartCell_L5_TTPC1_cAD_HH_full_5.apic_76(0) had previously been connected to parent compartCell_L5_TTPC1_cAD_HH_full_5.apic_70(1)
Notice: compartCell_L5_TTPC1_cAD_HH_full_5.apic_77(0) had previously been connected to parent compartCell_L5_TTPC1_cAD_HH_full_5.apic_69(1)
Notice: compartCell_L5_TTPC1_cAD_HH_full_5.apic_78(0) had previously been connected to parent compartCell_L5_TTPC1_cAD_HH_full_5.apic_77(1)
Notice: compartCell_L5_TTPC1_cAD_HH_full_5.apic_79(0) had previously been connected to parent compartCell_L5_TTPC1_cAD_HH_full_5.apic_78(1)
Notice: compartCell_L5_TTPC1_cAD_HH_full_5.apic_8(0) had previously been connected to parent compartCell_L5_TTPC1_cAD_HH_full_5.apic_7(1)
Notice: compartCell_L5_TTPC1_cAD_HH_full_5.apic_80(0) had previously been connected to parent compartCell_L5_TTPC1_cAD_HH_full_5.apic_78(1)
Notice: compartCell_L5_TTPC1_cAD_HH_full_5.apic_81(0) had previously been connected to parent compartCell_L5_TTPC1_cAD_HH_full_5.apic_80(1)
Notice: compartCell_L5_TTPC1_cAD_HH_full_5.apic_82(0) had previously been connected to parent compartCell_L5_TTPC1_cAD_HH_full_5.apic_80(1)
Notice: compartCell_L5_TTPC1_cAD_HH_full_5.apic_83(0) had previously been connected to parent compartCell_L5_TTPC1_cAD_HH_full_5.apic_77(1)
Notice: compartCell_L5_TTPC1_cAD_HH_full_5.apic_84(0) had previously been connected to parent compartCell_L5_TTPC1_cAD_HH_full_5.apic_83(1)
Notice: compartCell_L5_TTPC1_cAD_HH_full_5.apic_85(0) had previously been connected to parent compartCell_L5_TTPC1_cAD_HH_full_5.apic_84(1)
Notice: compartCell_L5_TTPC1_cAD_HH_full_5.apic_86(0) had previously been connected to parent compartCell_L5_TTPC1_cAD_HH_full_5.apic_85(1)
Notice: compartCell_L5_TTPC1_cAD_HH_full_5.apic_87(0) had previously been connected to parent compartCell_L5_TTPC1_cAD_HH_full_5.apic_85(1)
Notice: compartCell_L5_TTPC1_cAD_HH_full_5.apic_88(0) had previously been connected to parent compartCell_L5_TTPC1_cAD_HH_full_5.apic_87(1)
Notice: compartCell_L5_TTPC1_cAD_HH_full_5.apic_89(0) had previously been connected to parent compartCell_L5_TTPC1_cAD_HH_full_5.apic_88(1)
Notice: compartCell_L5_TTPC1_cAD_HH_full_5.apic_9(0) had previously been connected to parent compartCell_L5_TTPC1_cAD_HH_full_5.apic_8(1)
Notice: compartCell_L5_TTPC1_cAD_HH_full_5.apic_90(0) had previously been connected to parent compartCell_L5_TTPC1_cAD_HH_full_5.apic_88(1)
Notice: compartCell_L5_TTPC1_cAD_HH_full_5.apic_91(0) had previously been connected to parent compartCell_L5_TTPC1_cAD_HH_full_5.apic_87(1)
Notice: compartCell_L5_TTPC1_cAD_HH_full_5.apic_92(0) had previously been connected to parent compartCell_L5_TTPC1_cAD_HH_full_5.apic_84(1)
Notice: compartCell_L5_TTPC1_cAD_HH_full_5.apic_93(0) had previously been connected to parent compartCell_L5_TTPC1_cAD_HH_full_5.apic_92(1)
Notice: compartCell_L5_TTPC1_cAD_HH_full_5.apic_94(0) had previously been connected to parent compartCell_L5_TTPC1_cAD_HH_full_5.apic_92(1)
Notice: compartCell_L5_TTPC1_cAD_HH_full_5.apic_95(0) had previously been connected to parent compartCell_L5_TTPC1_cAD_HH_full_5.apic_83(1)
Notice: compartCell_L5_TTPC1_cAD_HH_full_5.apic_96(0) had previously been connected to parent compartCell_L5_TTPC1_cAD_HH_full_5.apic_95(1)
Notice: compartCell_L5_TTPC1_cAD_HH_full_5.apic_97(0) had previously been connected to parent compartCell_L5_TTPC1_cAD_HH_full_5.apic_95(1)
Notice: compartCell_L5_TTPC1_cAD_HH_full_5.apic_98(0) had previously been connected to parent compartCell_L5_TTPC1_cAD_HH_full_5.apic_66(1)
Notice: compartCell_L5_TTPC1_cAD_HH_full_5.apic_99(0) had previously been connected to parent compartCell_L5_TTPC1_cAD_HH_full_5.apic_98(1)
Notice: compartCell_L5_TTPC1_cAD_HH_full_5.axon_0(0) had previously been connected to parent compartCell_L5_TTPC1_cAD_HH_full_5.soma(1)
Notice: compartCell_L5_TTPC1_cAD_HH_full_5.axon_1(0) had previously been connected to parent compartCell_L5_TTPC1_cAD_HH_full_5.axon_0(1)
Notice: compartCell_L5_TTPC1_cAD_HH_full_5.dend_0(0) had previously been connected to parent compartCell_L5_TTPC1_cAD_HH_full_5.soma(0.5)
Notice: compartCell_L5_TTPC1_cAD_HH_full_5.dend_1(0) had previously been connected to parent compartCell_L5_TTPC1_cAD_HH_full_5.dend_0(1)
Notice: compartCell_L5_TTPC1_cAD_HH_full_5.dend_10(0) had previously been connected to parent compartCell_L5_TTPC1_cAD_HH_full_5.soma(0.5)
Notice: compartCell_L5_TTPC1_cAD_HH_full_5.dend_100(0) had previously been connected to parent compartCell_L5_TTPC1_cAD_HH_full_5.dend_93(1)
Notice: compartCell_L5_TTPC1_cAD_HH_full_5.dend_101(0) had previously been connected to parent compartCell_L5_TTPC1_cAD_HH_full_5.dend_100(1)
Notice: compartCell_L5_TTPC1_cAD_HH_full_5.dend_102(0) had previously been connected to parent compartCell_L5_TTPC1_cAD_HH_full_5.dend_101(1)
Notice: compartCell_L5_TTPC1_cAD_HH_full_5.dend_103(0) had previously been connected to parent compartCell_L5_TTPC1_cAD_HH_full_5.dend_101(1)
Notice: compartCell_L5_TTPC1_cAD_HH_full_5.dend_104(0) had previously been connected to parent compartCell_L5_TTPC1_cAD_HH_full_5.dend_100(1)
Notice: compartCell_L5_TTPC1_cAD_HH_full_5.dend_105(0) had previously been connected to parent compartCell_L5_TTPC1_cAD_HH_full_5.dend_104(1)
Notice: compartCell_L5_TTPC1_cAD_HH_full_5.dend_106(0) had previously been connected to parent compartCell_L5_TTPC1_cAD_HH_full_5.dend_105(1)
Notice: compartCell_L5_TTPC1_cAD_HH_full_5.dend_107(0) had previously been connected to parent compartCell_L5_TTPC1_cAD_HH_full_5.dend_105(1)
Notice: compartCell_L5_TTPC1_cAD_HH_full_5.dend_108(0) had previously been connected to parent compartCell_L5_TTPC1_cAD_HH_full_5.dend_104(1)
Notice: compartCell_L5_TTPC1_cAD_HH_full_5.dend_109(0) had previously been connected to parent compartCell_L5_TTPC1_cAD_HH_full_5.dend_108(1)
Notice: compartCell_L5_TTPC1_cAD_HH_full_5.dend_11(0) had previously been connected to parent compartCell_L5_TTPC1_cAD_HH_full_5.dend_10(1)
Notice: compartCell_L5_TTPC1_cAD_HH_full_5.dend_110(0) had previously been connected to parent compartCell_L5_TTPC1_cAD_HH_full_5.dend_108(1)
Notice: compartCell_L5_TTPC1_cAD_HH_full_5.dend_111(0) had previously been connected to parent compartCell_L5_TTPC1_cAD_HH_full_5.dend_110(1)
Notice: compartCell_L5_TTPC1_cAD_HH_full_5.dend_112(0) had previously been connected to parent compartCell_L5_TTPC1_cAD_HH_full_5.dend_110(1)
Notice: compartCell_L5_TTPC1_cAD_HH_full_5.dend_12(0) had previously been connected to parent compartCell_L5_TTPC1_cAD_HH_full_5.dend_10(1)
Notice: compartCell_L5_TTPC1_cAD_HH_full_5.dend_13(0) had previously been connected to parent compartCell_L5_TTPC1_cAD_HH_full_5.dend_12(1)
Notice: compartCell_L5_TTPC1_cAD_HH_full_5.dend_14(0) had previously been connected to parent compartCell_L5_TTPC1_cAD_HH_full_5.dend_13(1)
Notice: compartCell_L5_TTPC1_cAD_HH_full_5.dend_15(0) had previously been connected to parent compartCell_L5_TTPC1_cAD_HH_full_5.dend_13(1)
Notice: compartCell_L5_TTPC1_cAD_HH_full_5.dend_16(0) had previously been connected to parent compartCell_L5_TTPC1_cAD_HH_full_5.dend_12(1)
Notice: compartCell_L5_TTPC1_cAD_HH_full_5.dend_17(0) had previously been connected to parent compartCell_L5_TTPC1_cAD_HH_full_5.soma(0.5)
Notice: compartCell_L5_TTPC1_cAD_HH_full_5.dend_18(0) had previously been connected to parent compartCell_L5_TTPC1_cAD_HH_full_5.dend_17(1)
Notice: compartCell_L5_TTPC1_cAD_HH_full_5.dend_19(0) had previously been connected to parent compartCell_L5_TTPC1_cAD_HH_full_5.dend_18(1)
Notice: compartCell_L5_TTPC1_cAD_HH_full_5.dend_2(0) had previously been connected to parent compartCell_L5_TTPC1_cAD_HH_full_5.dend_0(1)
Notice: compartCell_L5_TTPC1_cAD_HH_full_5.dend_20(0) had previously been connected to parent compartCell_L5_TTPC1_cAD_HH_full_5.dend_19(1)
Notice: compartCell_L5_TTPC1_cAD_HH_full_5.dend_21(0) had previously been connected to parent compartCell_L5_TTPC1_cAD_HH_full_5.dend_20(1)
Notice: compartCell_L5_TTPC1_cAD_HH_full_5.dend_22(0) had previously been connected to parent compartCell_L5_TTPC1_cAD_HH_full_5.dend_20(1)
Notice: compartCell_L5_TTPC1_cAD_HH_full_5.dend_23(0) had previously been connected to parent compartCell_L5_TTPC1_cAD_HH_full_5.dend_19(1)
Notice: compartCell_L5_TTPC1_cAD_HH_full_5.dend_24(0) had previously been connected to parent compartCell_L5_TTPC1_cAD_HH_full_5.dend_23(1)
Notice: compartCell_L5_TTPC1_cAD_HH_full_5.dend_25(0) had previously been connected to parent compartCell_L5_TTPC1_cAD_HH_full_5.dend_23(1)
Notice: compartCell_L5_TTPC1_cAD_HH_full_5.dend_26(0) had previously been connected to parent compartCell_L5_TTPC1_cAD_HH_full_5.dend_18(1)
Notice: compartCell_L5_TTPC1_cAD_HH_full_5.dend_27(0) had previously been connected to parent compartCell_L5_TTPC1_cAD_HH_full_5.dend_26(1)
Notice: compartCell_L5_TTPC1_cAD_HH_full_5.dend_28(0) had previously been connected to parent compartCell_L5_TTPC1_cAD_HH_full_5.dend_26(1)
Notice: compartCell_L5_TTPC1_cAD_HH_full_5.dend_29(0) had previously been connected to parent compartCell_L5_TTPC1_cAD_HH_full_5.dend_17(1)
Notice: compartCell_L5_TTPC1_cAD_HH_full_5.dend_3(0) had previously been connected to parent compartCell_L5_TTPC1_cAD_HH_full_5.soma(0.5)
Notice: compartCell_L5_TTPC1_cAD_HH_full_5.dend_30(0) had previously been connected to parent compartCell_L5_TTPC1_cAD_HH_full_5.dend_29(1)
Notice: compartCell_L5_TTPC1_cAD_HH_full_5.dend_31(0) had previously been connected to parent compartCell_L5_TTPC1_cAD_HH_full_5.dend_29(1)
Notice: compartCell_L5_TTPC1_cAD_HH_full_5.dend_32(0) had previously been connected to parent compartCell_L5_TTPC1_cAD_HH_full_5.soma(0.5)
Notice: compartCell_L5_TTPC1_cAD_HH_full_5.dend_33(0) had previously been connected to parent compartCell_L5_TTPC1_cAD_HH_full_5.dend_32(1)
Notice: compartCell_L5_TTPC1_cAD_HH_full_5.dend_34(0) had previously been connected to parent compartCell_L5_TTPC1_cAD_HH_full_5.dend_33(1)
Notice: compartCell_L5_TTPC1_cAD_HH_full_5.dend_35(0) had previously been connected to parent compartCell_L5_TTPC1_cAD_HH_full_5.dend_34(1)
Notice: compartCell_L5_TTPC1_cAD_HH_full_5.dend_36(0) had previously been connected to parent compartCell_L5_TTPC1_cAD_HH_full_5.dend_35(1)
Notice: compartCell_L5_TTPC1_cAD_HH_full_5.dend_37(0) had previously been connected to parent compartCell_L5_TTPC1_cAD_HH_full_5.dend_35(1)
Notice: compartCell_L5_TTPC1_cAD_HH_full_5.dend_38(0) had previously been connected to parent compartCell_L5_TTPC1_cAD_HH_full_5.dend_34(1)
Notice: compartCell_L5_TTPC1_cAD_HH_full_5.dend_39(0) had previously been connected to parent compartCell_L5_TTPC1_cAD_HH_full_5.dend_38(1)
Notice: compartCell_L5_TTPC1_cAD_HH_full_5.dend_4(0) had previously been connected to parent compartCell_L5_TTPC1_cAD_HH_full_5.dend_3(1)
Notice: compartCell_L5_TTPC1_cAD_HH_full_5.dend_40(0) had previously been connected to parent compartCell_L5_TTPC1_cAD_HH_full_5.dend_39(1)
Notice: compartCell_L5_TTPC1_cAD_HH_full_5.dend_41(0) had previously been connected to parent compartCell_L5_TTPC1_cAD_HH_full_5.dend_40(1)
Notice: compartCell_L5_TTPC1_cAD_HH_full_5.dend_42(0) had previously been connected to parent compartCell_L5_TTPC1_cAD_HH_full_5.dend_40(1)
Notice: compartCell_L5_TTPC1_cAD_HH_full_5.dend_43(0) had previously been connected to parent compartCell_L5_TTPC1_cAD_HH_full_5.dend_42(1)
Notice: compartCell_L5_TTPC1_cAD_HH_full_5.dend_44(0) had previously been connected to parent compartCell_L5_TTPC1_cAD_HH_full_5.dend_42(1)
Notice: compartCell_L5_TTPC1_cAD_HH_full_5.dend_45(0) had previously been connected to parent compartCell_L5_TTPC1_cAD_HH_full_5.dend_39(1)
Notice: compartCell_L5_TTPC1_cAD_HH_full_5.dend_46(0) had previously been connected to parent compartCell_L5_TTPC1_cAD_HH_full_5.dend_38(1)
Notice: compartCell_L5_TTPC1_cAD_HH_full_5.dend_47(0) had previously been connected to parent compartCell_L5_TTPC1_cAD_HH_full_5.dend_46(1)
Notice: compartCell_L5_TTPC1_cAD_HH_full_5.dend_48(0) had previously been connected to parent compartCell_L5_TTPC1_cAD_HH_full_5.dend_46(1)
Notice: compartCell_L5_TTPC1_cAD_HH_full_5.dend_49(0) had previously been connected to parent compartCell_L5_TTPC1_cAD_HH_full_5.dend_48(1)
Notice: compartCell_L5_TTPC1_cAD_HH_full_5.dend_5(0) had previously been connected to parent compartCell_L5_TTPC1_cAD_HH_full_5.dend_4(1)
Notice: compartCell_L5_TTPC1_cAD_HH_full_5.dend_50(0) had previously been connected to parent compartCell_L5_TTPC1_cAD_HH_full_5.dend_48(1)
Notice: compartCell_L5_TTPC1_cAD_HH_full_5.dend_51(0) had previously been connected to parent compartCell_L5_TTPC1_cAD_HH_full_5.dend_33(1)
Notice: compartCell_L5_TTPC1_cAD_HH_full_5.dend_52(0) had previously been connected to parent compartCell_L5_TTPC1_cAD_HH_full_5.dend_51(1)
Notice: compartCell_L5_TTPC1_cAD_HH_full_5.dend_53(0) had previously been connected to parent compartCell_L5_TTPC1_cAD_HH_full_5.dend_52(1)
Notice: compartCell_L5_TTPC1_cAD_HH_full_5.dend_54(0) had previously been connected to parent compartCell_L5_TTPC1_cAD_HH_full_5.dend_52(1)
Notice: compartCell_L5_TTPC1_cAD_HH_full_5.dend_55(0) had previously been connected to parent compartCell_L5_TTPC1_cAD_HH_full_5.dend_51(1)
Notice: compartCell_L5_TTPC1_cAD_HH_full_5.dend_56(0) had previously been connected to parent compartCell_L5_TTPC1_cAD_HH_full_5.dend_32(1)
Notice: compartCell_L5_TTPC1_cAD_HH_full_5.dend_57(0) had previously been connected to parent compartCell_L5_TTPC1_cAD_HH_full_5.soma(0.5)
Notice: compartCell_L5_TTPC1_cAD_HH_full_5.dend_58(0) had previously been connected to parent compartCell_L5_TTPC1_cAD_HH_full_5.dend_57(1)
Notice: compartCell_L5_TTPC1_cAD_HH_full_5.dend_59(0) had previously been connected to parent compartCell_L5_TTPC1_cAD_HH_full_5.dend_57(1)
Notice: compartCell_L5_TTPC1_cAD_HH_full_5.dend_6(0) had previously been connected to parent compartCell_L5_TTPC1_cAD_HH_full_5.dend_4(1)
Notice: compartCell_L5_TTPC1_cAD_HH_full_5.dend_60(0) had previously been connected to parent compartCell_L5_TTPC1_cAD_HH_full_5.soma(0.5)
Notice: compartCell_L5_TTPC1_cAD_HH_full_5.dend_61(0) had previously been connected to parent compartCell_L5_TTPC1_cAD_HH_full_5.dend_60(1)
Notice: compartCell_L5_TTPC1_cAD_HH_full_5.dend_62(0) had previously been connected to parent compartCell_L5_TTPC1_cAD_HH_full_5.dend_60(1)
Notice: compartCell_L5_TTPC1_cAD_HH_full_5.dend_63(0) had previously been connected to parent compartCell_L5_TTPC1_cAD_HH_full_5.soma(0.5)
Notice: compartCell_L5_TTPC1_cAD_HH_full_5.dend_64(0) had previously been connected to parent compartCell_L5_TTPC1_cAD_HH_full_5.dend_63(1)
Notice: compartCell_L5_TTPC1_cAD_HH_full_5.dend_65(0) had previously been connected to parent compartCell_L5_TTPC1_cAD_HH_full_5.dend_64(1)
Notice: compartCell_L5_TTPC1_cAD_HH_full_5.dend_66(0) had previously been connected to parent compartCell_L5_TTPC1_cAD_HH_full_5.dend_64(1)
Notice: compartCell_L5_TTPC1_cAD_HH_full_5.dend_67(0) had previously been connected to parent compartCell_L5_TTPC1_cAD_HH_full_5.dend_63(1)
Notice: compartCell_L5_TTPC1_cAD_HH_full_5.dend_68(0) had previously been connected to parent compartCell_L5_TTPC1_cAD_HH_full_5.soma(0.5)
Notice: compartCell_L5_TTPC1_cAD_HH_full_5.dend_69(0) had previously been connected to parent compartCell_L5_TTPC1_cAD_HH_full_5.dend_68(1)
Notice: compartCell_L5_TTPC1_cAD_HH_full_5.dend_7(0) had previously been connected to parent compartCell_L5_TTPC1_cAD_HH_full_5.dend_3(1)
Notice: compartCell_L5_TTPC1_cAD_HH_full_5.dend_70(0) had previously been connected to parent compartCell_L5_TTPC1_cAD_HH_full_5.dend_69(1)
Notice: compartCell_L5_TTPC1_cAD_HH_full_5.dend_71(0) had previously been connected to parent compartCell_L5_TTPC1_cAD_HH_full_5.dend_69(1)
Notice: compartCell_L5_TTPC1_cAD_HH_full_5.dend_72(0) had previously been connected to parent compartCell_L5_TTPC1_cAD_HH_full_5.dend_68(1)
Notice: compartCell_L5_TTPC1_cAD_HH_full_5.dend_73(0) had previously been connected to parent compartCell_L5_TTPC1_cAD_HH_full_5.soma(0.5)
Notice: compartCell_L5_TTPC1_cAD_HH_full_5.dend_74(0) had previously been connected to parent compartCell_L5_TTPC1_cAD_HH_full_5.dend_73(1)
Notice: compartCell_L5_TTPC1_cAD_HH_full_5.dend_75(0) had previously been connected to parent compartCell_L5_TTPC1_cAD_HH_full_5.dend_74(1)
Notice: compartCell_L5_TTPC1_cAD_HH_full_5.dend_76(0) had previously been connected to parent compartCell_L5_TTPC1_cAD_HH_full_5.dend_75(1)
Notice: compartCell_L5_TTPC1_cAD_HH_full_5.dend_77(0) had previously been connected to parent compartCell_L5_TTPC1_cAD_HH_full_5.dend_75(1)
Notice: compartCell_L5_TTPC1_cAD_HH_full_5.dend_78(0) had previously been connected to parent compartCell_L5_TTPC1_cAD_HH_full_5.dend_77(1)
Notice: compartCell_L5_TTPC1_cAD_HH_full_5.dend_79(0) had previously been connected to parent compartCell_L5_TTPC1_cAD_HH_full_5.dend_77(1)
Notice: compartCell_L5_TTPC1_cAD_HH_full_5.dend_8(0) had previously been connected to parent compartCell_L5_TTPC1_cAD_HH_full_5.dend_7(1)
Notice: compartCell_L5_TTPC1_cAD_HH_full_5.dend_80(0) had previously been connected to parent compartCell_L5_TTPC1_cAD_HH_full_5.dend_74(1)
Notice: compartCell_L5_TTPC1_cAD_HH_full_5.dend_81(0) had previously been connected to parent compartCell_L5_TTPC1_cAD_HH_full_5.dend_80(1)
Notice: compartCell_L5_TTPC1_cAD_HH_full_5.dend_82(0) had previously been connected to parent compartCell_L5_TTPC1_cAD_HH_full_5.dend_80(1)
Notice: compartCell_L5_TTPC1_cAD_HH_full_5.dend_83(0) had previously been connected to parent compartCell_L5_TTPC1_cAD_HH_full_5.dend_82(1)
Notice: compartCell_L5_TTPC1_cAD_HH_full_5.dend_84(0) had previously been connected to parent compartCell_L5_TTPC1_cAD_HH_full_5.dend_83(1)
Notice: compartCell_L5_TTPC1_cAD_HH_full_5.dend_85(0) had previously been connected to parent compartCell_L5_TTPC1_cAD_HH_full_5.dend_83(1)
Notice: compartCell_L5_TTPC1_cAD_HH_full_5.dend_86(0) had previously been connected to parent compartCell_L5_TTPC1_cAD_HH_full_5.dend_82(1)
Notice: compartCell_L5_TTPC1_cAD_HH_full_5.dend_87(0) had previously been connected to parent compartCell_L5_TTPC1_cAD_HH_full_5.dend_73(1)
Notice: compartCell_L5_TTPC1_cAD_HH_full_5.dend_88(0) had previously been connected to parent compartCell_L5_TTPC1_cAD_HH_full_5.dend_87(1)
Notice: compartCell_L5_TTPC1_cAD_HH_full_5.dend_89(0) had previously been connected to parent compartCell_L5_TTPC1_cAD_HH_full_5.dend_88(1)
Notice: compartCell_L5_TTPC1_cAD_HH_full_5.dend_9(0) had previously been connected to parent compartCell_L5_TTPC1_cAD_HH_full_5.dend_7(1)
Notice: compartCell_L5_TTPC1_cAD_HH_full_5.dend_90(0) had previously been connected to parent compartCell_L5_TTPC1_cAD_HH_full_5.dend_88(1)
Notice: compartCell_L5_TTPC1_cAD_HH_full_5.dend_91(0) had previously been connected to parent compartCell_L5_TTPC1_cAD_HH_full_5.dend_90(1)
Notice: compartCell_L5_TTPC1_cAD_HH_full_5.dend_92(0) had previously been connected to parent compartCell_L5_TTPC1_cAD_HH_full_5.dend_90(1)
Notice: compartCell_L5_TTPC1_cAD_HH_full_5.dend_93(0) had previously been connected to parent compartCell_L5_TTPC1_cAD_HH_full_5.dend_87(1)
Notice: compartCell_L5_TTPC1_cAD_HH_full_5.dend_94(0) had previously been connected to parent compartCell_L5_TTPC1_cAD_HH_full_5.dend_93(1)
Notice: compartCell_L5_TTPC1_cAD_HH_full_5.dend_95(0) had previously been connected to parent compartCell_L5_TTPC1_cAD_HH_full_5.dend_94(1)
Notice: compartCell_L5_TTPC1_cAD_HH_full_5.dend_96(0) had previously been connected to parent compartCell_L5_TTPC1_cAD_HH_full_5.dend_95(1)
Notice: compartCell_L5_TTPC1_cAD_HH_full_5.dend_97(0) had previously been connected to parent compartCell_L5_TTPC1_cAD_HH_full_5.dend_95(1)
Notice: compartCell_L5_TTPC1_cAD_HH_full_5.dend_98(0) had previously been connected to parent compartCell_L5_TTPC1_cAD_HH_full_5.dend_94(1)
Notice: compartCell_L5_TTPC1_cAD_HH_full_5.dend_99(0) had previously been connected to parent compartCell_L5_TTPC1_cAD_HH_full_5.dend_93(1)
Notice: compartCell_L5_TTPC1_cAD_HH_full_10.apic_0(0) had previously been connected to parent compartCell_L5_TTPC1_cAD_HH_full_10.soma(0.5)
Notice: compartCell_L5_TTPC1_cAD_HH_full_10.apic_1(0) had previously been connected to parent compartCell_L5_TTPC1_cAD_HH_full_10.apic_0(1)
Notice: compartCell_L5_TTPC1_cAD_HH_full_10.apic_10(0) had previously been connected to parent compartCell_L5_TTPC1_cAD_HH_full_10.apic_8(1)
Notice: compartCell_L5_TTPC1_cAD_HH_full_10.apic_100(0) had previously been connected to parent compartCell_L5_TTPC1_cAD_HH_full_10.apic_99(1)
Notice: compartCell_L5_TTPC1_cAD_HH_full_10.apic_101(0) had previously been connected to parent compartCell_L5_TTPC1_cAD_HH_full_10.apic_100(1)
Notice: compartCell_L5_TTPC1_cAD_HH_full_10.apic_102(0) had previously been connected to parent compartCell_L5_TTPC1_cAD_HH_full_10.apic_100(1)
Notice: compartCell_L5_TTPC1_cAD_HH_full_10.apic_103(0) had previously been connected to parent compartCell_L5_TTPC1_cAD_HH_full_10.apic_99(1)
Notice: compartCell_L5_TTPC1_cAD_HH_full_10.apic_104(0) had previously been connected to parent compartCell_L5_TTPC1_cAD_HH_full_10.apic_98(1)
Notice: compartCell_L5_TTPC1_cAD_HH_full_10.apic_105(0) had previously been connected to parent compartCell_L5_TTPC1_cAD_HH_full_10.apic_104(1)
Notice: compartCell_L5_TTPC1_cAD_HH_full_10.apic_106(0) had previously been connected to parent compartCell_L5_TTPC1_cAD_HH_full_10.apic_105(1)
Notice: compartCell_L5_TTPC1_cAD_HH_full_10.apic_107(0) had previously been connected to parent compartCell_L5_TTPC1_cAD_HH_full_10.apic_105(1)
Notice: compartCell_L5_TTPC1_cAD_HH_full_10.apic_108(0) had previously been connected to parent compartCell_L5_TTPC1_cAD_HH_full_10.apic_107(1)
Notice: compartCell_L5_TTPC1_cAD_HH_full_10.apic_109(0) had previously been connected to parent compartCell_L5_TTPC1_cAD_HH_full_10.apic_108(1)
Notice: compartCell_L5_TTPC1_cAD_HH_full_10.apic_11(0) had previously been connected to parent compartCell_L5_TTPC1_cAD_HH_full_10.apic_7(1)
Notice: compartCell_L5_TTPC1_cAD_HH_full_10.apic_110(0) had previously been connected to parent compartCell_L5_TTPC1_cAD_HH_full_10.apic_108(1)
Notice: compartCell_L5_TTPC1_cAD_HH_full_10.apic_111(0) had previously been connected to parent compartCell_L5_TTPC1_cAD_HH_full_10.apic_107(1)
Notice: compartCell_L5_TTPC1_cAD_HH_full_10.apic_112(0) had previously been connected to parent compartCell_L5_TTPC1_cAD_HH_full_10.apic_104(1)
Notice: compartCell_L5_TTPC1_cAD_HH_full_10.apic_113(0) had previously been connected to parent compartCell_L5_TTPC1_cAD_HH_full_10.apic_17(1)
Notice: compartCell_L5_TTPC1_cAD_HH_full_10.apic_114(0) had previously been connected to parent compartCell_L5_TTPC1_cAD_HH_full_10.apic_0(1)
Notice: compartCell_L5_TTPC1_cAD_HH_full_10.apic_115(0) had previously been connected to parent compartCell_L5_TTPC1_cAD_HH_full_10.apic_114(1)
Notice: compartCell_L5_TTPC1_cAD_HH_full_10.apic_116(0) had previously been connected to parent compartCell_L5_TTPC1_cAD_HH_full_10.apic_115(1)
Notice: compartCell_L5_TTPC1_cAD_HH_full_10.apic_117(0) had previously been connected to parent compartCell_L5_TTPC1_cAD_HH_full_10.apic_116(1)
Notice: compartCell_L5_TTPC1_cAD_HH_full_10.apic_118(0) had previously been connected to parent compartCell_L5_TTPC1_cAD_HH_full_10.apic_117(1)
Notice: compartCell_L5_TTPC1_cAD_HH_full_10.apic_119(0) had previously been connected to parent compartCell_L5_TTPC1_cAD_HH_full_10.apic_117(1)
Notice: compartCell_L5_TTPC1_cAD_HH_full_10.apic_12(0) had previously been connected to parent compartCell_L5_TTPC1_cAD_HH_full_10.apic_6(1)
Notice: compartCell_L5_TTPC1_cAD_HH_full_10.apic_120(0) had previously been connected to parent compartCell_L5_TTPC1_cAD_HH_full_10.apic_116(1)
Notice: compartCell_L5_TTPC1_cAD_HH_full_10.apic_121(0) had previously been connected to parent compartCell_L5_TTPC1_cAD_HH_full_10.apic_115(1)
Notice: compartCell_L5_TTPC1_cAD_HH_full_10.apic_122(0) had previously been connected to parent compartCell_L5_TTPC1_cAD_HH_full_10.apic_114(1)
Notice: compartCell_L5_TTPC1_cAD_HH_full_10.apic_13(0) had previously been connected to parent compartCell_L5_TTPC1_cAD_HH_full_10.apic_12(1)
Notice: compartCell_L5_TTPC1_cAD_HH_full_10.apic_14(0) had previously been connected to parent compartCell_L5_TTPC1_cAD_HH_full_10.apic_12(1)
Notice: compartCell_L5_TTPC1_cAD_HH_full_10.apic_15(0) had previously been connected to parent compartCell_L5_TTPC1_cAD_HH_full_10.apic_14(1)
Notice: compartCell_L5_TTPC1_cAD_HH_full_10.apic_16(0) had previously been connected to parent compartCell_L5_TTPC1_cAD_HH_full_10.apic_14(1)
Notice: compartCell_L5_TTPC1_cAD_HH_full_10.apic_17(0) had previously been connected to parent compartCell_L5_TTPC1_cAD_HH_full_10.apic_5(1)
Notice: compartCell_L5_TTPC1_cAD_HH_full_10.apic_18(0) had previously been connected to parent compartCell_L5_TTPC1_cAD_HH_full_10.apic_17(1)
Notice: compartCell_L5_TTPC1_cAD_HH_full_10.apic_19(0) had previously been connected to parent compartCell_L5_TTPC1_cAD_HH_full_10.apic_18(1)
Notice: compartCell_L5_TTPC1_cAD_HH_full_10.apic_2(0) had previously been connected to parent compartCell_L5_TTPC1_cAD_HH_full_10.apic_1(1)
Notice: compartCell_L5_TTPC1_cAD_HH_full_10.apic_20(0) had previously been connected to parent compartCell_L5_TTPC1_cAD_HH_full_10.apic_19(1)
Notice: compartCell_L5_TTPC1_cAD_HH_full_10.apic_21(0) had previously been connected to parent compartCell_L5_TTPC1_cAD_HH_full_10.apic_20(1)
Notice: compartCell_L5_TTPC1_cAD_HH_full_10.apic_22(0) had previously been connected to parent compartCell_L5_TTPC1_cAD_HH_full_10.apic_21(1)
Notice: compartCell_L5_TTPC1_cAD_HH_full_10.apic_23(0) had previously been connected to parent compartCell_L5_TTPC1_cAD_HH_full_10.apic_21(1)
Notice: compartCell_L5_TTPC1_cAD_HH_full_10.apic_24(0) had previously been connected to parent compartCell_L5_TTPC1_cAD_HH_full_10.apic_20(1)
Notice: compartCell_L5_TTPC1_cAD_HH_full_10.apic_25(0) had previously been connected to parent compartCell_L5_TTPC1_cAD_HH_full_10.apic_24(1)
Notice: compartCell_L5_TTPC1_cAD_HH_full_10.apic_26(0) had previously been connected to parent compartCell_L5_TTPC1_cAD_HH_full_10.apic_24(1)
Notice: compartCell_L5_TTPC1_cAD_HH_full_10.apic_27(0) had previously been connected to parent compartCell_L5_TTPC1_cAD_HH_full_10.apic_19(1)
Notice: compartCell_L5_TTPC1_cAD_HH_full_10.apic_28(0) had previously been connected to parent compartCell_L5_TTPC1_cAD_HH_full_10.apic_27(1)
Notice: compartCell_L5_TTPC1_cAD_HH_full_10.apic_29(0) had previously been connected to parent compartCell_L5_TTPC1_cAD_HH_full_10.apic_27(1)
Notice: compartCell_L5_TTPC1_cAD_HH_full_10.apic_3(0) had previously been connected to parent compartCell_L5_TTPC1_cAD_HH_full_10.apic_1(1)
Notice: compartCell_L5_TTPC1_cAD_HH_full_10.apic_30(0) had previously been connected to parent compartCell_L5_TTPC1_cAD_HH_full_10.apic_18(1)
Notice: compartCell_L5_TTPC1_cAD_HH_full_10.apic_31(0) had previously been connected to parent compartCell_L5_TTPC1_cAD_HH_full_10.apic_30(1)
Notice: compartCell_L5_TTPC1_cAD_HH_full_10.apic_32(0) had previously been connected to parent compartCell_L5_TTPC1_cAD_HH_full_10.apic_31(1)
Notice: compartCell_L5_TTPC1_cAD_HH_full_10.apic_33(0) had previously been connected to parent compartCell_L5_TTPC1_cAD_HH_full_10.apic_31(1)
Notice: compartCell_L5_TTPC1_cAD_HH_full_10.apic_34(0) had previously been connected to parent compartCell_L5_TTPC1_cAD_HH_full_10.apic_30(1)
Notice: compartCell_L5_TTPC1_cAD_HH_full_10.apic_35(0) had previously been connected to parent compartCell_L5_TTPC1_cAD_HH_full_10.apic_34(1)
Notice: compartCell_L5_TTPC1_cAD_HH_full_10.apic_36(0) had previously been connected to parent compartCell_L5_TTPC1_cAD_HH_full_10.apic_34(1)
Notice: compartCell_L5_TTPC1_cAD_HH_full_10.apic_37(0) had previously been connected to parent compartCell_L5_TTPC1_cAD_HH_full_10.apic_36(1)
Notice: compartCell_L5_TTPC1_cAD_HH_full_10.apic_38(0) had previously been connected to parent compartCell_L5_TTPC1_cAD_HH_full_10.apic_36(1)
Notice: compartCell_L5_TTPC1_cAD_HH_full_10.apic_39(0) had previously been connected to parent compartCell_L5_TTPC1_cAD_HH_full_10.apic_38(1)
Notice: compartCell_L5_TTPC1_cAD_HH_full_10.apic_4(0) had previously been connected to parent compartCell_L5_TTPC1_cAD_HH_full_10.apic_3(1)
Notice: compartCell_L5_TTPC1_cAD_HH_full_10.apic_40(0) had previously been connected to parent compartCell_L5_TTPC1_cAD_HH_full_10.apic_38(1)
Notice: compartCell_L5_TTPC1_cAD_HH_full_10.apic_41(0) had previously been connected to parent compartCell_L5_TTPC1_cAD_HH_full_10.apic_40(1)
Notice: compartCell_L5_TTPC1_cAD_HH_full_10.apic_42(0) had previously been connected to parent compartCell_L5_TTPC1_cAD_HH_full_10.apic_41(1)
Notice: compartCell_L5_TTPC1_cAD_HH_full_10.apic_43(0) had previously been connected to parent compartCell_L5_TTPC1_cAD_HH_full_10.apic_42(1)
Notice: compartCell_L5_TTPC1_cAD_HH_full_10.apic_44(0) had previously been connected to parent compartCell_L5_TTPC1_cAD_HH_full_10.apic_43(1)
Notice: compartCell_L5_TTPC1_cAD_HH_full_10.apic_45(0) had previously been connected to parent compartCell_L5_TTPC1_cAD_HH_full_10.apic_43(1)
Notice: compartCell_L5_TTPC1_cAD_HH_full_10.apic_46(0) had previously been connected to parent compartCell_L5_TTPC1_cAD_HH_full_10.apic_42(1)
Notice: compartCell_L5_TTPC1_cAD_HH_full_10.apic_47(0) had previously been connected to parent compartCell_L5_TTPC1_cAD_HH_full_10.apic_41(1)
Notice: compartCell_L5_TTPC1_cAD_HH_full_10.apic_48(0) had previously been connected to parent compartCell_L5_TTPC1_cAD_HH_full_10.apic_47(1)
Notice: compartCell_L5_TTPC1_cAD_HH_full_10.apic_49(0) had previously been connected to parent compartCell_L5_TTPC1_cAD_HH_full_10.apic_48(1)
Notice: compartCell_L5_TTPC1_cAD_HH_full_10.apic_5(0) had previously been connected to parent compartCell_L5_TTPC1_cAD_HH_full_10.apic_3(1)
Notice: compartCell_L5_TTPC1_cAD_HH_full_10.apic_50(0) had previously been connected to parent compartCell_L5_TTPC1_cAD_HH_full_10.apic_48(1)
Notice: compartCell_L5_TTPC1_cAD_HH_full_10.apic_51(0) had previously been connected to parent compartCell_L5_TTPC1_cAD_HH_full_10.apic_47(1)
Notice: compartCell_L5_TTPC1_cAD_HH_full_10.apic_52(0) had previously been connected to parent compartCell_L5_TTPC1_cAD_HH_full_10.apic_40(1)
Notice: compartCell_L5_TTPC1_cAD_HH_full_10.apic_53(0) had previously been connected to parent compartCell_L5_TTPC1_cAD_HH_full_10.apic_52(1)
Notice: compartCell_L5_TTPC1_cAD_HH_full_10.apic_54(0) had previously been connected to parent compartCell_L5_TTPC1_cAD_HH_full_10.apic_52(1)
Notice: compartCell_L5_TTPC1_cAD_HH_full_10.apic_55(0) had previously been connected to parent compartCell_L5_TTPC1_cAD_HH_full_10.apic_54(1)
Notice: compartCell_L5_TTPC1_cAD_HH_full_10.apic_56(0) had previously been connected to parent compartCell_L5_TTPC1_cAD_HH_full_10.apic_55(1)
Notice: compartCell_L5_TTPC1_cAD_HH_full_10.apic_57(0) had previously been connected to parent compartCell_L5_TTPC1_cAD_HH_full_10.apic_56(1)
Notice: compartCell_L5_TTPC1_cAD_HH_full_10.apic_58(0) had previously been connected to parent compartCell_L5_TTPC1_cAD_HH_full_10.apic_56(1)
Notice: compartCell_L5_TTPC1_cAD_HH_full_10.apic_59(0) had previously been connected to parent compartCell_L5_TTPC1_cAD_HH_full_10.apic_55(1)
Notice: compartCell_L5_TTPC1_cAD_HH_full_10.apic_6(0) had previously been connected to parent compartCell_L5_TTPC1_cAD_HH_full_10.apic_5(1)
Notice: compartCell_L5_TTPC1_cAD_HH_full_10.apic_60(0) had previously been connected to parent compartCell_L5_TTPC1_cAD_HH_full_10.apic_59(1)
Notice: compartCell_L5_TTPC1_cAD_HH_full_10.apic_61(0) had previously been connected to parent compartCell_L5_TTPC1_cAD_HH_full_10.apic_59(1)
Notice: compartCell_L5_TTPC1_cAD_HH_full_10.apic_62(0) had previously been connected to parent compartCell_L5_TTPC1_cAD_HH_full_10.apic_61(1)
Notice: compartCell_L5_TTPC1_cAD_HH_full_10.apic_63(0) had previously been connected to parent compartCell_L5_TTPC1_cAD_HH_full_10.apic_61(1)
Notice: compartCell_L5_TTPC1_cAD_HH_full_10.apic_64(0) had previously been connected to parent compartCell_L5_TTPC1_cAD_HH_full_10.apic_54(1)
Notice: compartCell_L5_TTPC1_cAD_HH_full_10.apic_65(0) had previously been connected to parent compartCell_L5_TTPC1_cAD_HH_full_10.apic_64(1)
Notice: compartCell_L5_TTPC1_cAD_HH_full_10.apic_66(0) had previously been connected to parent compartCell_L5_TTPC1_cAD_HH_full_10.apic_64(1)
Notice: compartCell_L5_TTPC1_cAD_HH_full_10.apic_67(0) had previously been connected to parent compartCell_L5_TTPC1_cAD_HH_full_10.apic_66(1)
Notice: compartCell_L5_TTPC1_cAD_HH_full_10.apic_68(0) had previously been connected to parent compartCell_L5_TTPC1_cAD_HH_full_10.apic_67(1)
Notice: compartCell_L5_TTPC1_cAD_HH_full_10.apic_69(0) had previously been connected to parent compartCell_L5_TTPC1_cAD_HH_full_10.apic_67(1)
Notice: compartCell_L5_TTPC1_cAD_HH_full_10.apic_7(0) had previously been connected to parent compartCell_L5_TTPC1_cAD_HH_full_10.apic_6(1)
Notice: compartCell_L5_TTPC1_cAD_HH_full_10.apic_70(0) had previously been connected to parent compartCell_L5_TTPC1_cAD_HH_full_10.apic_69(1)
Notice: compartCell_L5_TTPC1_cAD_HH_full_10.apic_71(0) had previously been connected to parent compartCell_L5_TTPC1_cAD_HH_full_10.apic_70(1)
Notice: compartCell_L5_TTPC1_cAD_HH_full_10.apic_72(0) had previously been connected to parent compartCell_L5_TTPC1_cAD_HH_full_10.apic_71(1)
Notice: compartCell_L5_TTPC1_cAD_HH_full_10.apic_73(0) had previously been connected to parent compartCell_L5_TTPC1_cAD_HH_full_10.apic_72(1)
Notice: compartCell_L5_TTPC1_cAD_HH_full_10.apic_74(0) had previously been connected to parent compartCell_L5_TTPC1_cAD_HH_full_10.apic_72(1)
Notice: compartCell_L5_TTPC1_cAD_HH_full_10.apic_75(0) had previously been connected to parent compartCell_L5_TTPC1_cAD_HH_full_10.apic_71(1)
Notice: compartCell_L5_TTPC1_cAD_HH_full_10.apic_76(0) had previously been connected to parent compartCell_L5_TTPC1_cAD_HH_full_10.apic_70(1)
Notice: compartCell_L5_TTPC1_cAD_HH_full_10.apic_77(0) had previously been connected to parent compartCell_L5_TTPC1_cAD_HH_full_10.apic_69(1)
Notice: compartCell_L5_TTPC1_cAD_HH_full_10.apic_78(0) had previously been connected to parent compartCell_L5_TTPC1_cAD_HH_full_10.apic_77(1)
Notice: compartCell_L5_TTPC1_cAD_HH_full_10.apic_79(0) had previously been connected to parent compartCell_L5_TTPC1_cAD_HH_full_10.apic_78(1)
Notice: compartCell_L5_TTPC1_cAD_HH_full_10.apic_8(0) had previously been connected to parent compartCell_L5_TTPC1_cAD_HH_full_10.apic_7(1)
Notice: compartCell_L5_TTPC1_cAD_HH_full_10.apic_80(0) had previously been connected to parent compartCell_L5_TTPC1_cAD_HH_full_10.apic_78(1)
Notice: compartCell_L5_TTPC1_cAD_HH_full_10.apic_81(0) had previously been connected to parent compartCell_L5_TTPC1_cAD_HH_full_10.apic_80(1)
Notice: compartCell_L5_TTPC1_cAD_HH_full_10.apic_82(0) had previously been connected to parent compartCell_L5_TTPC1_cAD_HH_full_10.apic_80(1)
Notice: compartCell_L5_TTPC1_cAD_HH_full_10.apic_83(0) had previously been connected to parent compartCell_L5_TTPC1_cAD_HH_full_10.apic_77(1)
Notice: compartCell_L5_TTPC1_cAD_HH_full_10.apic_84(0) had previously been connected to parent compartCell_L5_TTPC1_cAD_HH_full_10.apic_83(1)
Notice: compartCell_L5_TTPC1_cAD_HH_full_10.apic_85(0) had previously been connected to parent compartCell_L5_TTPC1_cAD_HH_full_10.apic_84(1)
Notice: compartCell_L5_TTPC1_cAD_HH_full_10.apic_86(0) had previously been connected to parent compartCell_L5_TTPC1_cAD_HH_full_10.apic_85(1)
Notice: compartCell_L5_TTPC1_cAD_HH_full_10.apic_87(0) had previously been connected to parent compartCell_L5_TTPC1_cAD_HH_full_10.apic_85(1)
Notice: compartCell_L5_TTPC1_cAD_HH_full_10.apic_88(0) had previously been connected to parent compartCell_L5_TTPC1_cAD_HH_full_10.apic_87(1)
Notice: compartCell_L5_TTPC1_cAD_HH_full_10.apic_89(0) had previously been connected to parent compartCell_L5_TTPC1_cAD_HH_full_10.apic_88(1)
Notice: compartCell_L5_TTPC1_cAD_HH_full_10.apic_9(0) had previously been connected to parent compartCell_L5_TTPC1_cAD_HH_full_10.apic_8(1)
Notice: compartCell_L5_TTPC1_cAD_HH_full_10.apic_90(0) had previously been connected to parent compartCell_L5_TTPC1_cAD_HH_full_10.apic_88(1)
Notice: compartCell_L5_TTPC1_cAD_HH_full_10.apic_91(0) had previously been connected to parent compartCell_L5_TTPC1_cAD_HH_full_10.apic_87(1)
Notice: compartCell_L5_TTPC1_cAD_HH_full_10.apic_92(0) had previously been connected to parent compartCell_L5_TTPC1_cAD_HH_full_10.apic_84(1)
Notice: compartCell_L5_TTPC1_cAD_HH_full_10.apic_93(0) had previously been connected to parent compartCell_L5_TTPC1_cAD_HH_full_10.apic_92(1)
Notice: compartCell_L5_TTPC1_cAD_HH_full_10.apic_94(0) had previously been connected to parent compartCell_L5_TTPC1_cAD_HH_full_10.apic_92(1)
Notice: compartCell_L5_TTPC1_cAD_HH_full_10.apic_95(0) had previously been connected to parent compartCell_L5_TTPC1_cAD_HH_full_10.apic_83(1)
Notice: compartCell_L5_TTPC1_cAD_HH_full_10.apic_96(0) had previously been connected to parent compartCell_L5_TTPC1_cAD_HH_full_10.apic_95(1)
Notice: compartCell_L5_TTPC1_cAD_HH_full_10.apic_97(0) had previously been connected to parent compartCell_L5_TTPC1_cAD_HH_full_10.apic_95(1)
Notice: compartCell_L5_TTPC1_cAD_HH_full_10.apic_98(0) had previously been connected to parent compartCell_L5_TTPC1_cAD_HH_full_10.apic_66(1)
Notice: compartCell_L5_TTPC1_cAD_HH_full_10.apic_99(0) had previously been connected to parent compartCell_L5_TTPC1_cAD_HH_full_10.apic_98(1)
Notice: compartCell_L5_TTPC1_cAD_HH_full_10.axon_0(0) had previously been connected to parent compartCell_L5_TTPC1_cAD_HH_full_10.soma(1)
Notice: compartCell_L5_TTPC1_cAD_HH_full_10.axon_1(0) had previously been connected to parent compartCell_L5_TTPC1_cAD_HH_full_10.axon_0(1)
Notice: compartCell_L5_TTPC1_cAD_HH_full_10.dend_0(0) had previously been connected to parent compartCell_L5_TTPC1_cAD_HH_full_10.soma(0.5)
Notice: compartCell_L5_TTPC1_cAD_HH_full_10.dend_1(0) had previously been connected to parent compartCell_L5_TTPC1_cAD_HH_full_10.dend_0(1)
Notice: compartCell_L5_TTPC1_cAD_HH_full_10.dend_10(0) had previously been connected to parent compartCell_L5_TTPC1_cAD_HH_full_10.soma(0.5)
Notice: compartCell_L5_TTPC1_cAD_HH_full_10.dend_100(0) had previously been connected to parent compartCell_L5_TTPC1_cAD_HH_full_10.dend_93(1)
Notice: compartCell_L5_TTPC1_cAD_HH_full_10.dend_101(0) had previously been connected to parent compartCell_L5_TTPC1_cAD_HH_full_10.dend_100(1)
Notice: compartCell_L5_TTPC1_cAD_HH_full_10.dend_102(0) had previously been connected to parent compartCell_L5_TTPC1_cAD_HH_full_10.dend_101(1)
Notice: compartCell_L5_TTPC1_cAD_HH_full_10.dend_103(0) had previously been connected to parent compartCell_L5_TTPC1_cAD_HH_full_10.dend_101(1)
Notice: compartCell_L5_TTPC1_cAD_HH_full_10.dend_104(0) had previously been connected to parent compartCell_L5_TTPC1_cAD_HH_full_10.dend_100(1)
Notice: compartCell_L5_TTPC1_cAD_HH_full_10.dend_105(0) had previously been connected to parent compartCell_L5_TTPC1_cAD_HH_full_10.dend_104(1)
Notice: compartCell_L5_TTPC1_cAD_HH_full_10.dend_106(0) had previously been connected to parent compartCell_L5_TTPC1_cAD_HH_full_10.dend_105(1)
Notice: compartCell_L5_TTPC1_cAD_HH_full_10.dend_107(0) had previously been connected to parent compartCell_L5_TTPC1_cAD_HH_full_10.dend_105(1)
Notice: compartCell_L5_TTPC1_cAD_HH_full_10.dend_108(0) had previously been connected to parent compartCell_L5_TTPC1_cAD_HH_full_10.dend_104(1)
Notice: compartCell_L5_TTPC1_cAD_HH_full_10.dend_109(0) had previously been connected to parent compartCell_L5_TTPC1_cAD_HH_full_10.dend_108(1)
Notice: compartCell_L5_TTPC1_cAD_HH_full_10.dend_11(0) had previously been connected to parent compartCell_L5_TTPC1_cAD_HH_full_10.dend_10(1)
Notice: compartCell_L5_TTPC1_cAD_HH_full_10.dend_110(0) had previously been connected to parent compartCell_L5_TTPC1_cAD_HH_full_10.dend_108(1)
Notice: compartCell_L5_TTPC1_cAD_HH_full_10.dend_111(0) had previously been connected to parent compartCell_L5_TTPC1_cAD_HH_full_10.dend_110(1)
Notice: compartCell_L5_TTPC1_cAD_HH_full_10.dend_112(0) had previously been connected to parent compartCell_L5_TTPC1_cAD_HH_full_10.dend_110(1)
Notice: compartCell_L5_TTPC1_cAD_HH_full_10.dend_12(0) had previously been connected to parent compartCell_L5_TTPC1_cAD_HH_full_10.dend_10(1)
Notice: compartCell_L5_TTPC1_cAD_HH_full_10.dend_13(0) had previously been connected to parent compartCell_L5_TTPC1_cAD_HH_full_10.dend_12(1)
Notice: compartCell_L5_TTPC1_cAD_HH_full_10.dend_14(0) had previously been connected to parent compartCell_L5_TTPC1_cAD_HH_full_10.dend_13(1)
Notice: compartCell_L5_TTPC1_cAD_HH_full_10.dend_15(0) had previously been connected to parent compartCell_L5_TTPC1_cAD_HH_full_10.dend_13(1)
Notice: compartCell_L5_TTPC1_cAD_HH_full_10.dend_16(0) had previously been connected to parent compartCell_L5_TTPC1_cAD_HH_full_10.dend_12(1)
Notice: compartCell_L5_TTPC1_cAD_HH_full_10.dend_17(0) had previously been connected to parent compartCell_L5_TTPC1_cAD_HH_full_10.soma(0.5)
Notice: compartCell_L5_TTPC1_cAD_HH_full_10.dend_18(0) had previously been connected to parent compartCell_L5_TTPC1_cAD_HH_full_10.dend_17(1)
Notice: compartCell_L5_TTPC1_cAD_HH_full_10.dend_19(0) had previously been connected to parent compartCell_L5_TTPC1_cAD_HH_full_10.dend_18(1)
Notice: compartCell_L5_TTPC1_cAD_HH_full_10.dend_2(0) had previously been connected to parent compartCell_L5_TTPC1_cAD_HH_full_10.dend_0(1)
Notice: compartCell_L5_TTPC1_cAD_HH_full_10.dend_20(0) had previously been connected to parent compartCell_L5_TTPC1_cAD_HH_full_10.dend_19(1)
Notice: compartCell_L5_TTPC1_cAD_HH_full_10.dend_21(0) had previously been connected to parent compartCell_L5_TTPC1_cAD_HH_full_10.dend_20(1)
Notice: compartCell_L5_TTPC1_cAD_HH_full_10.dend_22(0) had previously been connected to parent compartCell_L5_TTPC1_cAD_HH_full_10.dend_20(1)
Notice: compartCell_L5_TTPC1_cAD_HH_full_10.dend_23(0) had previously been connected to parent compartCell_L5_TTPC1_cAD_HH_full_10.dend_19(1)
Notice: compartCell_L5_TTPC1_cAD_HH_full_10.dend_24(0) had previously been connected to parent compartCell_L5_TTPC1_cAD_HH_full_10.dend_23(1)
Notice: compartCell_L5_TTPC1_cAD_HH_full_10.dend_25(0) had previously been connected to parent compartCell_L5_TTPC1_cAD_HH_full_10.dend_23(1)
Notice: compartCell_L5_TTPC1_cAD_HH_full_10.dend_26(0) had previously been connected to parent compartCell_L5_TTPC1_cAD_HH_full_10.dend_18(1)
Notice: compartCell_L5_TTPC1_cAD_HH_full_10.dend_27(0) had previously been connected to parent compartCell_L5_TTPC1_cAD_HH_full_10.dend_26(1)
Notice: compartCell_L5_TTPC1_cAD_HH_full_10.dend_28(0) had previously been connected to parent compartCell_L5_TTPC1_cAD_HH_full_10.dend_26(1)
Notice: compartCell_L5_TTPC1_cAD_HH_full_10.dend_29(0) had previously been connected to parent compartCell_L5_TTPC1_cAD_HH_full_10.dend_17(1)
Notice: compartCell_L5_TTPC1_cAD_HH_full_10.dend_3(0) had previously been connected to parent compartCell_L5_TTPC1_cAD_HH_full_10.soma(0.5)
Notice: compartCell_L5_TTPC1_cAD_HH_full_10.dend_30(0) had previously been connected to parent compartCell_L5_TTPC1_cAD_HH_full_10.dend_29(1)
Notice: compartCell_L5_TTPC1_cAD_HH_full_10.dend_31(0) had previously been connected to parent compartCell_L5_TTPC1_cAD_HH_full_10.dend_29(1)
Notice: compartCell_L5_TTPC1_cAD_HH_full_10.dend_32(0) had previously been connected to parent compartCell_L5_TTPC1_cAD_HH_full_10.soma(0.5)
Notice: compartCell_L5_TTPC1_cAD_HH_full_10.dend_33(0) had previously been connected to parent compartCell_L5_TTPC1_cAD_HH_full_10.dend_32(1)
Notice: compartCell_L5_TTPC1_cAD_HH_full_10.dend_34(0) had previously been connected to parent compartCell_L5_TTPC1_cAD_HH_full_10.dend_33(1)
Notice: compartCell_L5_TTPC1_cAD_HH_full_10.dend_35(0) had previously been connected to parent compartCell_L5_TTPC1_cAD_HH_full_10.dend_34(1)
Notice: compartCell_L5_TTPC1_cAD_HH_full_10.dend_36(0) had previously been connected to parent compartCell_L5_TTPC1_cAD_HH_full_10.dend_35(1)
Notice: compartCell_L5_TTPC1_cAD_HH_full_10.dend_37(0) had previously been connected to parent compartCell_L5_TTPC1_cAD_HH_full_10.dend_35(1)
Notice: compartCell_L5_TTPC1_cAD_HH_full_10.dend_38(0) had previously been connected to parent compartCell_L5_TTPC1_cAD_HH_full_10.dend_34(1)
Notice: compartCell_L5_TTPC1_cAD_HH_full_10.dend_39(0) had previously been connected to parent compartCell_L5_TTPC1_cAD_HH_full_10.dend_38(1)
Notice: compartCell_L5_TTPC1_cAD_HH_full_10.dend_4(0) had previously been connected to parent compartCell_L5_TTPC1_cAD_HH_full_10.dend_3(1)
Notice: compartCell_L5_TTPC1_cAD_HH_full_10.dend_40(0) had previously been connected to parent compartCell_L5_TTPC1_cAD_HH_full_10.dend_39(1)
Notice: compartCell_L5_TTPC1_cAD_HH_full_10.dend_41(0) had previously been connected to parent compartCell_L5_TTPC1_cAD_HH_full_10.dend_40(1)
Notice: compartCell_L5_TTPC1_cAD_HH_full_10.dend_42(0) had previously been connected to parent compartCell_L5_TTPC1_cAD_HH_full_10.dend_40(1)
Notice: compartCell_L5_TTPC1_cAD_HH_full_10.dend_43(0) had previously been connected to parent compartCell_L5_TTPC1_cAD_HH_full_10.dend_42(1)
Notice: compartCell_L5_TTPC1_cAD_HH_full_10.dend_44(0) had previously been connected to parent compartCell_L5_TTPC1_cAD_HH_full_10.dend_42(1)
Notice: compartCell_L5_TTPC1_cAD_HH_full_10.dend_45(0) had previously been connected to parent compartCell_L5_TTPC1_cAD_HH_full_10.dend_39(1)
Notice: compartCell_L5_TTPC1_cAD_HH_full_10.dend_46(0) had previously been connected to parent compartCell_L5_TTPC1_cAD_HH_full_10.dend_38(1)
Notice: compartCell_L5_TTPC1_cAD_HH_full_10.dend_47(0) had previously been connected to parent compartCell_L5_TTPC1_cAD_HH_full_10.dend_46(1)
Notice: compartCell_L5_TTPC1_cAD_HH_full_10.dend_48(0) had previously been connected to parent compartCell_L5_TTPC1_cAD_HH_full_10.dend_46(1)
Notice: compartCell_L5_TTPC1_cAD_HH_full_10.dend_49(0) had previously been connected to parent compartCell_L5_TTPC1_cAD_HH_full_10.dend_48(1)
Notice: compartCell_L5_TTPC1_cAD_HH_full_10.dend_5(0) had previously been connected to parent compartCell_L5_TTPC1_cAD_HH_full_10.dend_4(1)
Notice: compartCell_L5_TTPC1_cAD_HH_full_10.dend_50(0) had previously been connected to parent compartCell_L5_TTPC1_cAD_HH_full_10.dend_48(1)
Notice: compartCell_L5_TTPC1_cAD_HH_full_10.dend_51(0) had previously been connected to parent compartCell_L5_TTPC1_cAD_HH_full_10.dend_33(1)
Notice: compartCell_L5_TTPC1_cAD_HH_full_10.dend_52(0) had previously been connected to parent compartCell_L5_TTPC1_cAD_HH_full_10.dend_51(1)
Notice: compartCell_L5_TTPC1_cAD_HH_full_10.dend_53(0) had previously been connected to parent compartCell_L5_TTPC1_cAD_HH_full_10.dend_52(1)
Notice: compartCell_L5_TTPC1_cAD_HH_full_10.dend_54(0) had previously been connected to parent compartCell_L5_TTPC1_cAD_HH_full_10.dend_52(1)
Notice: compartCell_L5_TTPC1_cAD_HH_full_10.dend_55(0) had previously been connected to parent compartCell_L5_TTPC1_cAD_HH_full_10.dend_51(1)
Notice: compartCell_L5_TTPC1_cAD_HH_full_10.dend_56(0) had previously been connected to parent compartCell_L5_TTPC1_cAD_HH_full_10.dend_32(1)
Notice: compartCell_L5_TTPC1_cAD_HH_full_10.dend_57(0) had previously been connected to parent compartCell_L5_TTPC1_cAD_HH_full_10.soma(0.5)
Notice: compartCell_L5_TTPC1_cAD_HH_full_10.dend_58(0) had previously been connected to parent compartCell_L5_TTPC1_cAD_HH_full_10.dend_57(1)
Notice: compartCell_L5_TTPC1_cAD_HH_full_10.dend_59(0) had previously been connected to parent compartCell_L5_TTPC1_cAD_HH_full_10.dend_57(1)
Notice: compartCell_L5_TTPC1_cAD_HH_full_10.dend_6(0) had previously been connected to parent compartCell_L5_TTPC1_cAD_HH_full_10.dend_4(1)
Notice: compartCell_L5_TTPC1_cAD_HH_full_10.dend_60(0) had previously been connected to parent compartCell_L5_TTPC1_cAD_HH_full_10.soma(0.5)
Notice: compartCell_L5_TTPC1_cAD_HH_full_10.dend_61(0) had previously been connected to parent compartCell_L5_TTPC1_cAD_HH_full_10.dend_60(1)
Notice: compartCell_L5_TTPC1_cAD_HH_full_10.dend_62(0) had previously been connected to parent compartCell_L5_TTPC1_cAD_HH_full_10.dend_60(1)
Notice: compartCell_L5_TTPC1_cAD_HH_full_10.dend_63(0) had previously been connected to parent compartCell_L5_TTPC1_cAD_HH_full_10.soma(0.5)
Notice: compartCell_L5_TTPC1_cAD_HH_full_10.dend_64(0) had previously been connected to parent compartCell_L5_TTPC1_cAD_HH_full_10.dend_63(1)
Notice: compartCell_L5_TTPC1_cAD_HH_full_10.dend_65(0) had previously been connected to parent compartCell_L5_TTPC1_cAD_HH_full_10.dend_64(1)
Notice: compartCell_L5_TTPC1_cAD_HH_full_10.dend_66(0) had previously been connected to parent compartCell_L5_TTPC1_cAD_HH_full_10.dend_64(1)
Notice: compartCell_L5_TTPC1_cAD_HH_full_10.dend_67(0) had previously been connected to parent compartCell_L5_TTPC1_cAD_HH_full_10.dend_63(1)
Notice: compartCell_L5_TTPC1_cAD_HH_full_10.dend_68(0) had previously been connected to parent compartCell_L5_TTPC1_cAD_HH_full_10.soma(0.5)
Notice: compartCell_L5_TTPC1_cAD_HH_full_10.dend_69(0) had previously been connected to parent compartCell_L5_TTPC1_cAD_HH_full_10.dend_68(1)
Notice: compartCell_L5_TTPC1_cAD_HH_full_10.dend_7(0) had previously been connected to parent compartCell_L5_TTPC1_cAD_HH_full_10.dend_3(1)
Notice: compartCell_L5_TTPC1_cAD_HH_full_10.dend_70(0) had previously been connected to parent compartCell_L5_TTPC1_cAD_HH_full_10.dend_69(1)
Notice: compartCell_L5_TTPC1_cAD_HH_full_10.dend_71(0) had previously been connected to parent compartCell_L5_TTPC1_cAD_HH_full_10.dend_69(1)
Notice: compartCell_L5_TTPC1_cAD_HH_full_10.dend_72(0) had previously been connected to parent compartCell_L5_TTPC1_cAD_HH_full_10.dend_68(1)
Notice: compartCell_L5_TTPC1_cAD_HH_full_10.dend_73(0) had previously been connected to parent compartCell_L5_TTPC1_cAD_HH_full_10.soma(0.5)
Notice: compartCell_L5_TTPC1_cAD_HH_full_10.dend_74(0) had previously been connected to parent compartCell_L5_TTPC1_cAD_HH_full_10.dend_73(1)
Notice: compartCell_L5_TTPC1_cAD_HH_full_10.dend_75(0) had previously been connected to parent compartCell_L5_TTPC1_cAD_HH_full_10.dend_74(1)
Notice: compartCell_L5_TTPC1_cAD_HH_full_10.dend_76(0) had previously been connected to parent compartCell_L5_TTPC1_cAD_HH_full_10.dend_75(1)
Notice: compartCell_L5_TTPC1_cAD_HH_full_10.dend_77(0) had previously been connected to parent compartCell_L5_TTPC1_cAD_HH_full_10.dend_75(1)
Notice: compartCell_L5_TTPC1_cAD_HH_full_10.dend_78(0) had previously been connected to parent compartCell_L5_TTPC1_cAD_HH_full_10.dend_77(1)
Notice: compartCell_L5_TTPC1_cAD_HH_full_10.dend_79(0) had previously been connected to parent compartCell_L5_TTPC1_cAD_HH_full_10.dend_77(1)
Notice: compartCell_L5_TTPC1_cAD_HH_full_10.dend_8(0) had previously been connected to parent compartCell_L5_TTPC1_cAD_HH_full_10.dend_7(1)
Notice: compartCell_L5_TTPC1_cAD_HH_full_10.dend_80(0) had previously been connected to parent compartCell_L5_TTPC1_cAD_HH_full_10.dend_74(1)
Notice: compartCell_L5_TTPC1_cAD_HH_full_10.dend_81(0) had previously been connected to parent compartCell_L5_TTPC1_cAD_HH_full_10.dend_80(1)
Notice: compartCell_L5_TTPC1_cAD_HH_full_10.dend_82(0) had previously been connected to parent compartCell_L5_TTPC1_cAD_HH_full_10.dend_80(1)
Notice: compartCell_L5_TTPC1_cAD_HH_full_10.dend_83(0) had previously been connected to parent compartCell_L5_TTPC1_cAD_HH_full_10.dend_82(1)
Notice: compartCell_L5_TTPC1_cAD_HH_full_10.dend_84(0) had previously been connected to parent compartCell_L5_TTPC1_cAD_HH_full_10.dend_83(1)
Notice: compartCell_L5_TTPC1_cAD_HH_full_10.dend_85(0) had previously been connected to parent compartCell_L5_TTPC1_cAD_HH_full_10.dend_83(1)
Notice: compartCell_L5_TTPC1_cAD_HH_full_10.dend_86(0) had previously been connected to parent compartCell_L5_TTPC1_cAD_HH_full_10.dend_82(1)
Notice: compartCell_L5_TTPC1_cAD_HH_full_10.dend_87(0) had previously been connected to parent compartCell_L5_TTPC1_cAD_HH_full_10.dend_73(1)
Notice: compartCell_L5_TTPC1_cAD_HH_full_10.dend_88(0) had previously been connected to parent compartCell_L5_TTPC1_cAD_HH_full_10.dend_87(1)
Notice: compartCell_L5_TTPC1_cAD_HH_full_10.dend_89(0) had previously been connected to parent compartCell_L5_TTPC1_cAD_HH_full_10.dend_88(1)
Notice: compartCell_L5_TTPC1_cAD_HH_full_10.dend_9(0) had previously been connected to parent compartCell_L5_TTPC1_cAD_HH_full_10.dend_7(1)
Notice: compartCell_L5_TTPC1_cAD_HH_full_10.dend_90(0) had previously been connected to parent compartCell_L5_TTPC1_cAD_HH_full_10.dend_88(1)
Notice: compartCell_L5_TTPC1_cAD_HH_full_10.dend_91(0) had previously been connected to parent compartCell_L5_TTPC1_cAD_HH_full_10.dend_90(1)
Notice: compartCell_L5_TTPC1_cAD_HH_full_10.dend_92(0) had previously been connected to parent compartCell_L5_TTPC1_cAD_HH_full_10.dend_90(1)
Notice: compartCell_L5_TTPC1_cAD_HH_full_10.dend_93(0) had previously been connected to parent compartCell_L5_TTPC1_cAD_HH_full_10.dend_87(1)
Notice: compartCell_L5_TTPC1_cAD_HH_full_10.dend_94(0) had previously been connected to parent compartCell_L5_TTPC1_cAD_HH_full_10.dend_93(1)
Notice: compartCell_L5_TTPC1_cAD_HH_full_10.dend_95(0) had previously been connected to parent compartCell_L5_TTPC1_cAD_HH_full_10.dend_94(1)
Notice: compartCell_L5_TTPC1_cAD_HH_full_10.dend_96(0) had previously been connected to parent compartCell_L5_TTPC1_cAD_HH_full_10.dend_95(1)
Notice: compartCell_L5_TTPC1_cAD_HH_full_10.dend_97(0) had previously been connected to parent compartCell_L5_TTPC1_cAD_HH_full_10.dend_95(1)
Notice: compartCell_L5_TTPC1_cAD_HH_full_10.dend_98(0) had previously been connected to parent compartCell_L5_TTPC1_cAD_HH_full_10.dend_94(1)
Notice: compartCell_L5_TTPC1_cAD_HH_full_10.dend_99(0) had previously been connected to parent compartCell_L5_TTPC1_cAD_HH_full_10.dend_93(1)
>>> >>> >>> >>> >>> >>> >>> >>> >>> >>> >>> >>> >>> >>> >>> >>> >>> >>> >>> >>> >>> >>> >>> >>> >>> >>> 
KeyboardInterrupt
>>> 
KeyboardInterrupt
>>> 
KeyboardInterrupt
>>> 
KeyboardInterrupt
>>> 
KeyboardInterrupt
>>> 
KeyboardInterrupt
>>> 
KeyboardInterrupt
>>> 
KeyboardInterrupt
>>> 
KeyboardInterrupt
>>> 
KeyboardInterrupt
>>> 
KeyboardInterrupt
>>> 
KeyboardInterrupt
>>> 
KeyboardInterrupt
>>> 
KeyboardInterrupt
>>> 
KeyboardInterrupt
>>> 
KeyboardInterrupt
>>> 
KeyboardInterrupt

KeyboardInterrupt
>>> 
KeyboardInterrupt
>>> 
KeyboardInterrupt
>>> >>> 
KeyboardInterrupt
>>> 
KeyboardInterrupt
>>> 
KeyboardInterrupt
>>> 
KeyboardInterrupt
>>> 
